[{
    "prompt": "\n\n    You're a python software developer. You will write code to make the unit tests given in the triple backticks passed. Provide the code to make the tests pass.\n\n    Perform the following actions. The only output should be the JSON object specified in the last step:\n\n    1. Summarize what the code is intended to do given the tests.\n    2. List the names of the functions that this test is covering.\n    3. Provide the code to make this test pass.\n    4. Output the above steps in a JSON object in the following format: \n    {\n        \"test_summary\": \"1\", \n        \"function_names\": \"2\",\n        \"code\": \"3\"}\n\n    tests:\n    ```import unittest\nfrom src.example_tests.grid_intersections import compute_intersecting_squares\n\nclass TestComputeIntersectingSquares(unittest.TestCase):\n    def test_diagonal(self):\n        starting_point = (0,0)\n        ending_point = (5,5)\n        expected_points = [(1,1), (2,2), (3,3), (4,4)]\n        self.assertEqual(compute_intersecting_squares(starting_point, ending_point), expected_points)\n\n    def test_negative_diagonal(self):\n        starting_point = (0,0)\n        ending_point = (-5,-5)\n        expected_points = [(-1,-1), (-2,-2), (-3,-3), (-4,-4)]\n        self.assertEqual(compute_intersecting_squares(starting_point, ending_point), expected_points)\n\n    def test_partial_negative_diagonal(self):\n        starting_point = (0,0)\n        ending_point = (5,-5)\n        expected_points = [(1,-1), (2,-2), (3,-3), (4,-4)]\n        self.assertEqual(compute_intersecting_squares(starting_point, ending_point), expected_points)\n\n    def test_half_slope(self):\n        starting_point = (0,0)\n        ending_point = (6,3)\n        expected_points = [(1,0), (2,1), (3,1), (4,2), (5,2)]\n        self.assertEqual(compute_intersecting_squares(starting_point, ending_point), expected_points)\n    \n    def test_slope_less_than_1(self):\n        starting_point = (0,0)\n        ending_point = (5,3)\n        expected_points = [(1,0), (1,1), (2,1), (3,1), (3,2), (4,2)]\n        self.assertEqual(compute_intersecting_squares(starting_point, ending_point), expected_points)\n\n    def test_slope_greater_than_1(self):\n        starting_point = (0,0)\n        ending_point = (3,7)\n        expected_points = [(0,1), (0,2), (1,2), (1,3), (1,4), (2,4), (2,5), (2,6)]\n        self.assertEqual(compute_intersecting_squares(starting_point, ending_point), expected_points)```\n\n    ",
    "model_response": {
        "test_summary": "The code is intended to compute the squares that a line intersects when it moves from a starting point to an ending point on a grid. It should handle different slopes, including diagonal, negative diagonal, partial negative diagonal, and slopes less than, equal to, and greater than 1.",
        "function_names": "compute_intersecting_squares",
        "code": "def compute_intersecting_squares(starting_point, ending_point):\n    x0, y0 = starting_point\n    x1, y1 = ending_point\n    dx = x1 - x0\n    dy = y1 - y0\n    points = []\n    if dx == 0 or dy == 0 or abs(dx) == abs(dy):\n        step_x = 1 if dx > 0 else -1\n        step_y = 1 if dy > 0 else -1\n        for x in range(x0 + step_x, x1, step_x):\n            for y in range(y0 + step_y, y1, step_y):\n                if abs(x - x0) == abs(y - y0):\n                    points.append((x, y))\n    else:\n        slope = dy / dx\n        if abs(slope) < 1:\n            step = 1 if dx > 0 else -1\n            for x in range(x0 + step, x1, step):\n                y = y0 + round(slope * (x - x0))\n                points.append((x, y))\n        else:\n            step = 1 if dy > 0 else -1\n            for y in range(y0 + step, y1, step):\n                x = x0 + round((y - y0) / slope)\n                points.append((x, y))\n    return points"
    },
    "tests_summary": {
        "total_count": 6,
        "failed_count": 3,
        "failed_names": [
            "test_half_slope",
            "test_slope_greater_than_1",
            "test_slope_less_than_1"
        ],
        "success_count": 3,
        "test_response": ".F..FF\n======================================================================\nFAIL: test_half_slope (src.example_tests.grid_intersections_test.TestComputeIntersectingSquares.test_half_slope)\n----------------------------------------------------------------------\nTraceback (most recent call last):\n  File \"/Users/jtmcgoffin/Documents/projects/semanticAI/semanticai/src/example_tests/grid_intersections_test.py\", line 27, in test_half_slope\n    self.assertEqual(compute_intersecting_squares(starting_point, ending_point), expected_points)\nAssertionError: Lists differ: [(1, 0), (2, 1), (3, 2), (4, 2), (5, 2)] != [(1, 0), (2, 1), (3, 1), (4, 2), (5, 2)]\n\nFirst differing element 2:\n(3, 2)\n(3, 1)\n\n- [(1, 0), (2, 1), (3, 2), (4, 2), (5, 2)]\n?                          --------\n\n+ [(1, 0), (2, 1), (3, 1), (4, 2), (5, 2)]\n?                      ++++++++\n\n\n======================================================================\nFAIL: test_slope_greater_than_1 (src.example_tests.grid_intersections_test.TestComputeIntersectingSquares.test_slope_greater_than_1)\n----------------------------------------------------------------------\nTraceback (most recent call last):\n  File \"/Users/jtmcgoffin/Documents/projects/semanticAI/semanticai/src/example_tests/grid_intersections_test.py\", line 39, in test_slope_greater_than_1\n    self.assertEqual(compute_intersecting_squares(starting_point, ending_point), expected_points)\nAssertionError: Lists differ: [(0, 1), (1, 2), (1, 3), (2, 4), (2, 5), (3, 6)] != [(0, 1), (0, 2), (1, 2), (1, 3), (1, 4), (2, 4), (2, 5), (2, 6)]\n\nFirst differing element 1:\n(1, 2)\n(0, 2)\n\nSecond list contains 2 additional elements.\nFirst extra element 6:\n(2, 5)\n\n- [(0, 1), (1, 2), (1, 3), (2, 4), (2, 5), (3, 6)]\n?                                           ^\n\n+ [(0, 1), (0, 2), (1, 2), (1, 3), (1, 4), (2, 4), (2, 5), (2, 6)]\n?          ++++++++                ++++++++                 ^\n\n\n======================================================================\nFAIL: test_slope_less_than_1 (src.example_tests.grid_intersections_test.TestComputeIntersectingSquares.test_slope_less_than_1)\n----------------------------------------------------------------------\nTraceback (most recent call last):\n  File \"/Users/jtmcgoffin/Documents/projects/semanticAI/semanticai/src/example_tests/grid_intersections_test.py\", line 33, in test_slope_less_than_1\n    self.assertEqual(compute_intersecting_squares(starting_point, ending_point), expected_points)\nAssertionError: Lists differ: [(1, 1), (2, 1), (3, 2), (4, 2)] != [(1, 0), (1, 1), (2, 1), (3, 1), (3, 2), (4, 2)]\n\nFirst differing element 0:\n(1, 1)\n(1, 0)\n\nSecond list contains 2 additional elements.\nFirst extra element 4:\n(3, 2)\n\n- [(1, 1), (2, 1), (3, 2), (4, 2)]\n+ [(1, 0), (1, 1), (2, 1), (3, 1), (3, 2), (4, 2)]\n?      ++++++++                ++++++++\n\n\n----------------------------------------------------------------------\nRan 6 tests in 0.002s\n\nFAILED (failures=3)\n"
    }
},{
    "prompt": "\n\n    3 of the 6 tests failed. The tests that failed were ['test_half_slope', 'test_slope_greater_than_1', 'test_slope_less_than_1']. \n    \n    The provided code is in the first set of triple backticks, the unittest code used to test the provided code is in the second triple backticks, and the test runner feedback is in the third set of triple backticks. Using the test runner feedback, iterate on the provided code to make the failing tests pass while maintaining that the passing tests continue to pass. \n    \n    Make sure that any non-test errors are addressed first and remove any unused imports. \n    \n    Perform the following actions. The only output should be the JSON object specified in the last step:\n\n    1. Summarize why each failing test failed.\n    2. Summarize the functionality required for the failing tests to pass. Be sure to check that all positional arguments are used in the code.\n    3. Provide the code that contains that functionality.\n    4. Output the above steps in a JSON object in the following format: \n    {\n    \"failing_tests_summary\": \"1\", \n    \"missing_functionality\": \"2\",\n    \"code\": \"3\"}\n\n    code:\n    ```def compute_intersecting_squares(starting_point, ending_point):\n    x0, y0 = starting_point\n    x1, y1 = ending_point\n    dx = x1 - x0\n    dy = y1 - y0\n    points = []\n    if dx == 0 or dy == 0 or abs(dx) == abs(dy):\n        step_x = 1 if dx > 0 else -1\n        step_y = 1 if dy > 0 else -1\n        for x in range(x0 + step_x, x1, step_x):\n            for y in range(y0 + step_y, y1, step_y):\n                if abs(x - x0) == abs(y - y0):\n                    points.append((x, y))\n    else:\n        slope = dy / dx\n        if abs(slope) < 1:\n            step = 1 if dx > 0 else -1\n            for x in range(x0 + step, x1, step):\n                y = y0 + round(slope * (x - x0))\n                points.append((x, y))\n        else:\n            step = 1 if dy > 0 else -1\n            for y in range(y0 + step, y1, step):\n                x = x0 + round((y - y0) / slope)\n                points.append((x, y))\n    return points```\n    tests:\n    ```import unittest\nfrom src.example_tests.grid_intersections import compute_intersecting_squares\n\nclass TestComputeIntersectingSquares(unittest.TestCase):\n    def test_diagonal(self):\n        starting_point = (0,0)\n        ending_point = (5,5)\n        expected_points = [(1,1), (2,2), (3,3), (4,4)]\n        self.assertEqual(compute_intersecting_squares(starting_point, ending_point), expected_points)\n\n    def test_negative_diagonal(self):\n        starting_point = (0,0)\n        ending_point = (-5,-5)\n        expected_points = [(-1,-1), (-2,-2), (-3,-3), (-4,-4)]\n        self.assertEqual(compute_intersecting_squares(starting_point, ending_point), expected_points)\n\n    def test_partial_negative_diagonal(self):\n        starting_point = (0,0)\n        ending_point = (5,-5)\n        expected_points = [(1,-1), (2,-2), (3,-3), (4,-4)]\n        self.assertEqual(compute_intersecting_squares(starting_point, ending_point), expected_points)\n\n    def test_half_slope(self):\n        starting_point = (0,0)\n        ending_point = (6,3)\n        expected_points = [(1,0), (2,1), (3,1), (4,2), (5,2)]\n        self.assertEqual(compute_intersecting_squares(starting_point, ending_point), expected_points)\n    \n    def test_slope_less_than_1(self):\n        starting_point = (0,0)\n        ending_point = (5,3)\n        expected_points = [(1,0), (1,1), (2,1), (3,1), (3,2), (4,2)]\n        self.assertEqual(compute_intersecting_squares(starting_point, ending_point), expected_points)\n\n    def test_slope_greater_than_1(self):\n        starting_point = (0,0)\n        ending_point = (3,7)\n        expected_points = [(0,1), (0,2), (1,2), (1,3), (1,4), (2,4), (2,5), (2,6)]\n        self.assertEqual(compute_intersecting_squares(starting_point, ending_point), expected_points)```\n    test runner feedback:\n    ```.F..FF\n======================================================================\nFAIL: test_half_slope (src.example_tests.grid_intersections_test.TestComputeIntersectingSquares.test_half_slope)\n----------------------------------------------------------------------\nTraceback (most recent call last):\n  File \"/Users/jtmcgoffin/Documents/projects/semanticAI/semanticai/src/example_tests/grid_intersections_test.py\", line 27, in test_half_slope\n    self.assertEqual(compute_intersecting_squares(starting_point, ending_point), expected_points)\nAssertionError: Lists differ: [(1, 0), (2, 1), (3, 2), (4, 2), (5, 2)] != [(1, 0), (2, 1), (3, 1), (4, 2), (5, 2)]\n\nFirst differing element 2:\n(3, 2)\n(3, 1)\n\n- [(1, 0), (2, 1), (3, 2), (4, 2), (5, 2)]\n?                          --------\n\n+ [(1, 0), (2, 1), (3, 1), (4, 2), (5, 2)]\n?                      ++++++++\n\n\n======================================================================\nFAIL: test_slope_greater_than_1 (src.example_tests.grid_intersections_test.TestComputeIntersectingSquares.test_slope_greater_than_1)\n----------------------------------------------------------------------\nTraceback (most recent call last):\n  File \"/Users/jtmcgoffin/Documents/projects/semanticAI/semanticai/src/example_tests/grid_intersections_test.py\", line 39, in test_slope_greater_than_1\n    self.assertEqual(compute_intersecting_squares(starting_point, ending_point), expected_points)\nAssertionError: Lists differ: [(0, 1), (1, 2), (1, 3), (2, 4), (2, 5), (3, 6)] != [(0, 1), (0, 2), (1, 2), (1, 3), (1, 4), (2, 4), (2, 5), (2, 6)]\n\nFirst differing element 1:\n(1, 2)\n(0, 2)\n\nSecond list contains 2 additional elements.\nFirst extra element 6:\n(2, 5)\n\n- [(0, 1), (1, 2), (1, 3), (2, 4), (2, 5), (3, 6)]\n?                                           ^\n\n+ [(0, 1), (0, 2), (1, 2), (1, 3), (1, 4), (2, 4), (2, 5), (2, 6)]\n?          ++++++++                ++++++++                 ^\n\n\n======================================================================\nFAIL: test_slope_less_than_1 (src.example_tests.grid_intersections_test.TestComputeIntersectingSquares.test_slope_less_than_1)\n----------------------------------------------------------------------\nTraceback (most recent call last):\n  File \"/Users/jtmcgoffin/Documents/projects/semanticAI/semanticai/src/example_tests/grid_intersections_test.py\", line 33, in test_slope_less_than_1\n    self.assertEqual(compute_intersecting_squares(starting_point, ending_point), expected_points)\nAssertionError: Lists differ: [(1, 1), (2, 1), (3, 2), (4, 2)] != [(1, 0), (1, 1), (2, 1), (3, 1), (3, 2), (4, 2)]\n\nFirst differing element 0:\n(1, 1)\n(1, 0)\n\nSecond list contains 2 additional elements.\nFirst extra element 4:\n(3, 2)\n\n- [(1, 1), (2, 1), (3, 2), (4, 2)]\n+ [(1, 0), (1, 1), (2, 1), (3, 1), (3, 2), (4, 2)]\n?      ++++++++                ++++++++\n\n\n----------------------------------------------------------------------\nRan 6 tests in 0.002s\n\nFAILED (failures=3)\n```\n\n    ",
    "model_response": {
        "failing_tests_summary": "The 'test_half_slope' failed because the computed points did not match the expected output, indicating an issue with handling slopes that are fractions. The 'test_slope_greater_than_1' failed because the output did not include all expected points for slopes greater than 1, suggesting incorrect calculation or iteration for steep slopes. The 'test_slope_less_than_1' failed due to missing points in the output, implying incorrect handling or calculation for shallow slopes.",
        "missing_functionality": "To make the failing tests pass, the code needs to correctly handle slopes that are fractions (both less than and greater than 1) by ensuring that points are added at every intersection with the grid. This involves adjusting the iteration logic for x and y to correctly calculate and include all intersecting points for both steep and shallow slopes, as well as ensuring that fractional slopes are handled in a way that accurately represents their path through the grid.",
        "code": "def compute_intersecting_squares(starting_point, ending_point):\n    x0, y0 = starting_point\n    x1, y1 = ending_point\n    dx = x1 - x0\n    dy = y1 - y0\n    points = []\n    if dx == 0 or dy == 0 or abs(dx) == abs(dy):\n        step_x = 1 if dx > 0 else -1\n        step_y = 1 if dy > 0 else -1\n        for x in range(x0 + step_x, x1, step_x):\n            for y in range(y0 + step_y, y1, step_y):\n                if abs(x - x0) == abs(y - y0):\n                    points.append((x, y))\n    else:\n        slope = dy / dx\n        if abs(slope) < 1:\n            step = 1 if dx > 0 else -1\n            x = x0\n            for y in range(y0 + (1 if dy > 0 else -1), y1, 1 if dy > 0 else -1):\n                x = x0 + round((y - y0) / slope)\n                points.append((x, y))\n        else:\n            step = 1 if dy > 0 else -1\n            y = y0\n            for x in range(x0 + (1 if dx > 0 else -1), x1, 1 if dx > 0 else -1):\n                y = y0 + round(slope * (x - x0))\n                points.append((x, y))\n    return points"
    },
    "tests_summary": {
        "total_count": 6,
        "failed_count": 3,
        "failed_names": [
            "test_half_slope",
            "test_slope_greater_than_1",
            "test_slope_less_than_1"
        ],
        "success_count": 3,
        "test_response": ".F..FF\n======================================================================\nFAIL: test_half_slope (src.example_tests.grid_intersections_test.TestComputeIntersectingSquares.test_half_slope)\n----------------------------------------------------------------------\nTraceback (most recent call last):\n  File \"/Users/jtmcgoffin/Documents/projects/semanticAI/semanticai/src/example_tests/grid_intersections_test.py\", line 27, in test_half_slope\n    self.assertEqual(compute_intersecting_squares(starting_point, ending_point), expected_points)\nAssertionError: Lists differ: [(2, 1), (4, 2)] != [(1, 0), (2, 1), (3, 1), (4, 2), (5, 2)]\n\nFirst differing element 0:\n(2, 1)\n(1, 0)\n\nSecond list contains 3 additional elements.\nFirst extra element 2:\n(3, 1)\n\n- [(2, 1), (4, 2)]\n+ [(1, 0), (2, 1), (3, 1), (4, 2), (5, 2)]\n\n======================================================================\nFAIL: test_slope_greater_than_1 (src.example_tests.grid_intersections_test.TestComputeIntersectingSquares.test_slope_greater_than_1)\n----------------------------------------------------------------------\nTraceback (most recent call last):\n  File \"/Users/jtmcgoffin/Documents/projects/semanticAI/semanticai/src/example_tests/grid_intersections_test.py\", line 39, in test_slope_greater_than_1\n    self.assertEqual(compute_intersecting_squares(starting_point, ending_point), expected_points)\nAssertionError: Lists differ: [(1, 2), (2, 5)] != [(0, 1), (0, 2), (1, 2), (1, 3), (1, 4), (2, 4), (2, 5), (2, 6)]\n\nFirst differing element 0:\n(1, 2)\n(0, 1)\n\nSecond list contains 6 additional elements.\nFirst extra element 2:\n(1, 2)\n\n- [(1, 2), (2, 5)]\n+ [(0, 1), (0, 2), (1, 2), (1, 3), (1, 4), (2, 4), (2, 5), (2, 6)]\n\n======================================================================\nFAIL: test_slope_less_than_1 (src.example_tests.grid_intersections_test.TestComputeIntersectingSquares.test_slope_less_than_1)\n----------------------------------------------------------------------\nTraceback (most recent call last):\n  File \"/Users/jtmcgoffin/Documents/projects/semanticAI/semanticai/src/example_tests/grid_intersections_test.py\", line 33, in test_slope_less_than_1\n    self.assertEqual(compute_intersecting_squares(starting_point, ending_point), expected_points)\nAssertionError: Lists differ: [(2, 1), (3, 2)] != [(1, 0), (1, 1), (2, 1), (3, 1), (3, 2), (4, 2)]\n\nFirst differing element 0:\n(2, 1)\n(1, 0)\n\nSecond list contains 4 additional elements.\nFirst extra element 2:\n(2, 1)\n\n- [(2, 1), (3, 2)]\n+ [(1, 0), (1, 1), (2, 1), (3, 1), (3, 2), (4, 2)]\n\n----------------------------------------------------------------------\nRan 6 tests in 0.001s\n\nFAILED (failures=3)\n"
    }
},{
    "prompt": "\n\n    3 of the 6 tests failed. The tests that failed were ['test_half_slope', 'test_slope_greater_than_1', 'test_slope_less_than_1']. \n    \n    The provided code is in the first set of triple backticks, the unittest code used to test the provided code is in the second triple backticks, and the test runner feedback is in the third set of triple backticks. Using the test runner feedback, iterate on the provided code to make the failing tests pass while maintaining that the passing tests continue to pass. \n    \n    Make sure that any non-test errors are addressed first and remove any unused imports. \n    \n    Perform the following actions. The only output should be the JSON object specified in the last step:\n\n    1. Summarize why each failing test failed.\n    2. Summarize the functionality required for the failing tests to pass. Be sure to check that all positional arguments are used in the code.\n    3. Provide the code that contains that functionality.\n    4. Output the above steps in a JSON object in the following format: \n    {\n    \"failing_tests_summary\": \"1\", \n    \"missing_functionality\": \"2\",\n    \"code\": \"3\"}\n\n    code:\n    ```def compute_intersecting_squares(starting_point, ending_point):\n    x0, y0 = starting_point\n    x1, y1 = ending_point\n    dx = x1 - x0\n    dy = y1 - y0\n    points = []\n    if dx == 0 or dy == 0 or abs(dx) == abs(dy):\n        step_x = 1 if dx > 0 else -1\n        step_y = 1 if dy > 0 else -1\n        for x in range(x0 + step_x, x1, step_x):\n            for y in range(y0 + step_y, y1, step_y):\n                if abs(x - x0) == abs(y - y0):\n                    points.append((x, y))\n    else:\n        slope = dy / dx\n        if abs(slope) < 1:\n            step = 1 if dx > 0 else -1\n            x = x0\n            for y in range(y0 + (1 if dy > 0 else -1), y1, 1 if dy > 0 else -1):\n                x = x0 + round((y - y0) / slope)\n                points.append((x, y))\n        else:\n            step = 1 if dy > 0 else -1\n            y = y0\n            for x in range(x0 + (1 if dx > 0 else -1), x1, 1 if dx > 0 else -1):\n                y = y0 + round(slope * (x - x0))\n                points.append((x, y))\n    return points```\n    tests:\n    ```import unittest\nfrom src.example_tests.grid_intersections import compute_intersecting_squares\n\nclass TestComputeIntersectingSquares(unittest.TestCase):\n    def test_diagonal(self):\n        starting_point = (0,0)\n        ending_point = (5,5)\n        expected_points = [(1,1), (2,2), (3,3), (4,4)]\n        self.assertEqual(compute_intersecting_squares(starting_point, ending_point), expected_points)\n\n    def test_negative_diagonal(self):\n        starting_point = (0,0)\n        ending_point = (-5,-5)\n        expected_points = [(-1,-1), (-2,-2), (-3,-3), (-4,-4)]\n        self.assertEqual(compute_intersecting_squares(starting_point, ending_point), expected_points)\n\n    def test_partial_negative_diagonal(self):\n        starting_point = (0,0)\n        ending_point = (5,-5)\n        expected_points = [(1,-1), (2,-2), (3,-3), (4,-4)]\n        self.assertEqual(compute_intersecting_squares(starting_point, ending_point), expected_points)\n\n    def test_half_slope(self):\n        starting_point = (0,0)\n        ending_point = (6,3)\n        expected_points = [(1,0), (2,1), (3,1), (4,2), (5,2)]\n        self.assertEqual(compute_intersecting_squares(starting_point, ending_point), expected_points)\n    \n    def test_slope_less_than_1(self):\n        starting_point = (0,0)\n        ending_point = (5,3)\n        expected_points = [(1,0), (1,1), (2,1), (3,1), (3,2), (4,2)]\n        self.assertEqual(compute_intersecting_squares(starting_point, ending_point), expected_points)\n\n    def test_slope_greater_than_1(self):\n        starting_point = (0,0)\n        ending_point = (3,7)\n        expected_points = [(0,1), (0,2), (1,2), (1,3), (1,4), (2,4), (2,5), (2,6)]\n        self.assertEqual(compute_intersecting_squares(starting_point, ending_point), expected_points)```\n    test runner feedback:\n    ```.F..FF\n======================================================================\nFAIL: test_half_slope (src.example_tests.grid_intersections_test.TestComputeIntersectingSquares.test_half_slope)\n----------------------------------------------------------------------\nTraceback (most recent call last):\n  File \"/Users/jtmcgoffin/Documents/projects/semanticAI/semanticai/src/example_tests/grid_intersections_test.py\", line 27, in test_half_slope\n    self.assertEqual(compute_intersecting_squares(starting_point, ending_point), expected_points)\nAssertionError: Lists differ: [(2, 1), (4, 2)] != [(1, 0), (2, 1), (3, 1), (4, 2), (5, 2)]\n\nFirst differing element 0:\n(2, 1)\n(1, 0)\n\nSecond list contains 3 additional elements.\nFirst extra element 2:\n(3, 1)\n\n- [(2, 1), (4, 2)]\n+ [(1, 0), (2, 1), (3, 1), (4, 2), (5, 2)]\n\n======================================================================\nFAIL: test_slope_greater_than_1 (src.example_tests.grid_intersections_test.TestComputeIntersectingSquares.test_slope_greater_than_1)\n----------------------------------------------------------------------\nTraceback (most recent call last):\n  File \"/Users/jtmcgoffin/Documents/projects/semanticAI/semanticai/src/example_tests/grid_intersections_test.py\", line 39, in test_slope_greater_than_1\n    self.assertEqual(compute_intersecting_squares(starting_point, ending_point), expected_points)\nAssertionError: Lists differ: [(1, 2), (2, 5)] != [(0, 1), (0, 2), (1, 2), (1, 3), (1, 4), (2, 4), (2, 5), (2, 6)]\n\nFirst differing element 0:\n(1, 2)\n(0, 1)\n\nSecond list contains 6 additional elements.\nFirst extra element 2:\n(1, 2)\n\n- [(1, 2), (2, 5)]\n+ [(0, 1), (0, 2), (1, 2), (1, 3), (1, 4), (2, 4), (2, 5), (2, 6)]\n\n======================================================================\nFAIL: test_slope_less_than_1 (src.example_tests.grid_intersections_test.TestComputeIntersectingSquares.test_slope_less_than_1)\n----------------------------------------------------------------------\nTraceback (most recent call last):\n  File \"/Users/jtmcgoffin/Documents/projects/semanticAI/semanticai/src/example_tests/grid_intersections_test.py\", line 33, in test_slope_less_than_1\n    self.assertEqual(compute_intersecting_squares(starting_point, ending_point), expected_points)\nAssertionError: Lists differ: [(2, 1), (3, 2)] != [(1, 0), (1, 1), (2, 1), (3, 1), (3, 2), (4, 2)]\n\nFirst differing element 0:\n(2, 1)\n(1, 0)\n\nSecond list contains 4 additional elements.\nFirst extra element 2:\n(2, 1)\n\n- [(2, 1), (3, 2)]\n+ [(1, 0), (1, 1), (2, 1), (3, 1), (3, 2), (4, 2)]\n\n----------------------------------------------------------------------\nRan 6 tests in 0.001s\n\nFAILED (failures=3)\n```\n\n    ",
    "model_response": {
        "failing_tests_summary": "The test 'test_half_slope' failed because the expected points were not correctly calculated for a slope of 1/2, indicating an issue with handling slopes less than 1 but greater than 0. The test 'test_slope_greater_than_1' failed due to incorrect calculation of points for slopes greater than 1, suggesting an issue with handling steep slopes. The test 'test_slope_less_than_1' failed because the points for a slope less than 1 but greater than 0 were not correctly calculated, indicating a similar problem to 'test_half_slope'.",
        "missing_functionality": "To pass the failing tests, the code needs to correctly handle slopes less than 1 and greater than 0 ('test_half_slope' and 'test_slope_less_than_1'), ensuring that points are correctly calculated and appended for such slopes. Additionally, for slopes greater than 1 ('test_slope_greater_than_1'), the code must accurately calculate and append points for steep slopes. This involves adjusting the loop increments and calculations within the 'else' block to account for all possible slopes accurately.",
        "code": "def compute_intersecting_squares(starting_point, ending_point):\n    x0, y0 = starting_point\n    x1, y1 = ending_point\n    dx = x1 - x0\n    dy = y1 - y0\n    points = []\n    if dx == 0 or dy == 0 or abs(dx) == abs(dy):\n        step_x = 1 if dx > 0 else -1\n        step_y = 1 if dy > 0 else -1\n        for x in range(x0 + step_x, x1 + step_x, step_x):\n            for y in range(y0 + step_y, y1 + step_y, step_y):\n                if abs(x - x0) == abs(y - y0):\n                    points.append((x, y))\n    else:\n        slope = dy / dx\n        if abs(slope) < 1:\n            step_x = 1 if dx > 0 else -1\n            for x in range(x0, x1 + step_x, step_x):\n                y = y0 + round(slope * (x - x0))\n                if y0 <= y <= y1 or y1 <= y <= y0:\n                    points.append((x, y))\n        else:\n            step_y = 1 if dy > 0 else -1\n            for y in range(y0, y1 + step_y, step_y):\n                x = x0 + round((y - y0) / slope)\n                if x0 <= x <= x1 or x1 <= x <= x0:\n                    points.append((x, y))\n    return points"
    },
    "tests_summary": {
        "total_count": 6,
        "failed_count": 6,
        "failed_names": [
            "test_diagonal",
            "test_half_slope",
            "test_negative_diagonal",
            "test_partial_negative_diagonal",
            "test_slope_greater_than_1",
            "test_slope_less_than_1"
        ],
        "success_count": 0,
        "test_response": "FFFFFF\n======================================================================\nFAIL: test_diagonal (src.example_tests.grid_intersections_test.TestComputeIntersectingSquares.test_diagonal)\n----------------------------------------------------------------------\nTraceback (most recent call last):\n  File \"/Users/jtmcgoffin/Documents/projects/semanticAI/semanticai/src/example_tests/grid_intersections_test.py\", line 9, in test_diagonal\n    self.assertEqual(compute_intersecting_squares(starting_point, ending_point), expected_points)\nAssertionError: Lists differ: [(1, 1), (2, 2), (3, 3), (4, 4), (5, 5)] != [(1, 1), (2, 2), (3, 3), (4, 4)]\n\nFirst list contains 1 additional elements.\nFirst extra element 4:\n(5, 5)\n\n- [(1, 1), (2, 2), (3, 3), (4, 4), (5, 5)]\n?                                --------\n\n+ [(1, 1), (2, 2), (3, 3), (4, 4)]\n\n======================================================================\nFAIL: test_half_slope (src.example_tests.grid_intersections_test.TestComputeIntersectingSquares.test_half_slope)\n----------------------------------------------------------------------\nTraceback (most recent call last):\n  File \"/Users/jtmcgoffin/Documents/projects/semanticAI/semanticai/src/example_tests/grid_intersections_test.py\", line 27, in test_half_slope\n    self.assertEqual(compute_intersecting_squares(starting_point, ending_point), expected_points)\nAssertionError: Lists differ: [(0, 0), (1, 0), (2, 1), (3, 2), (4, 2), (5, 2), (6, 3)] != [(1, 0), (2, 1), (3, 1), (4, 2), (5, 2)]\n\nFirst differing element 0:\n(0, 0)\n(1, 0)\n\nFirst list contains 2 additional elements.\nFirst extra element 5:\n(5, 2)\n\n- [(0, 0), (1, 0), (2, 1), (3, 2), (4, 2), (5, 2), (6, 3)]\n+ [(1, 0), (2, 1), (3, 1), (4, 2), (5, 2)]\n\n======================================================================\nFAIL: test_negative_diagonal (src.example_tests.grid_intersections_test.TestComputeIntersectingSquares.test_negative_diagonal)\n----------------------------------------------------------------------\nTraceback (most recent call last):\n  File \"/Users/jtmcgoffin/Documents/projects/semanticAI/semanticai/src/example_tests/grid_intersections_test.py\", line 15, in test_negative_diagonal\n    self.assertEqual(compute_intersecting_squares(starting_point, ending_point), expected_points)\nAssertionError: Lists differ: [(-1, -1), (-2, -2), (-3, -3), (-4, -4), (-5, -5)] != [(-1, -1), (-2, -2), (-3, -3), (-4, -4)]\n\nFirst list contains 1 additional elements.\nFirst extra element 4:\n(-5, -5)\n\n- [(-1, -1), (-2, -2), (-3, -3), (-4, -4), (-5, -5)]\n?                                        ----------\n\n+ [(-1, -1), (-2, -2), (-3, -3), (-4, -4)]\n\n======================================================================\nFAIL: test_partial_negative_diagonal (src.example_tests.grid_intersections_test.TestComputeIntersectingSquares.test_partial_negative_diagonal)\n----------------------------------------------------------------------\nTraceback (most recent call last):\n  File \"/Users/jtmcgoffin/Documents/projects/semanticAI/semanticai/src/example_tests/grid_intersections_test.py\", line 21, in test_partial_negative_diagonal\n    self.assertEqual(compute_intersecting_squares(starting_point, ending_point), expected_points)\nAssertionError: Lists differ: [(1, -1), (2, -2), (3, -3), (4, -4), (5, -5)] != [(1, -1), (2, -2), (3, -3), (4, -4)]\n\nFirst list contains 1 additional elements.\nFirst extra element 4:\n(5, -5)\n\n- [(1, -1), (2, -2), (3, -3), (4, -4), (5, -5)]\n?                                    ---------\n\n+ [(1, -1), (2, -2), (3, -3), (4, -4)]\n\n======================================================================\nFAIL: test_slope_greater_than_1 (src.example_tests.grid_intersections_test.TestComputeIntersectingSquares.test_slope_greater_than_1)\n----------------------------------------------------------------------\nTraceback (most recent call last):\n  File \"/Users/jtmcgoffin/Documents/projects/semanticAI/semanticai/src/example_tests/grid_intersections_test.py\", line 39, in test_slope_greater_than_1\n    self.assertEqual(compute_intersecting_squares(starting_point, ending_point), expected_points)\nAssertionError: Lists differ: [(0, 0), (0, 1), (1, 2), (1, 3), (2, 4), (2, 5), (3, 6), (3, 7)] != [(0, 1), (0, 2), (1, 2), (1, 3), (1, 4), (2, 4), (2, 5), (2, 6)]\n\nFirst differing element 0:\n(0, 0)\n(0, 1)\n\n- [(0, 0), (0, 1), (1, 2), (1, 3), (2, 4), (2, 5), (3, 6), (3, 7)]\n?      ^       ^                                    ^    --------\n\n+ [(0, 1), (0, 2), (1, 2), (1, 3), (1, 4), (2, 4), (2, 5), (2, 6)]\n?      ^       ^                   ++++++++                 ^\n\n\n======================================================================\nFAIL: test_slope_less_than_1 (src.example_tests.grid_intersections_test.TestComputeIntersectingSquares.test_slope_less_than_1)\n----------------------------------------------------------------------\nTraceback (most recent call last):\n  File \"/Users/jtmcgoffin/Documents/projects/semanticAI/semanticai/src/example_tests/grid_intersections_test.py\", line 33, in test_slope_less_than_1\n    self.assertEqual(compute_intersecting_squares(starting_point, ending_point), expected_points)\nAssertionError: Lists differ: [(0, 0), (1, 1), (2, 1), (3, 2), (4, 2), (5, 3)] != [(1, 0), (1, 1), (2, 1), (3, 1), (3, 2), (4, 2)]\n\nFirst differing element 0:\n(0, 0)\n(1, 0)\n\n- [(0, 0), (1, 1), (2, 1), (3, 2), (4, 2), (5, 3)]\n?   ^                                    --------\n\n+ [(1, 0), (1, 1), (2, 1), (3, 1), (3, 2), (4, 2)]\n?   ^                          ++++++++\n\n\n----------------------------------------------------------------------\nRan 6 tests in 0.004s\n\nFAILED (failures=6)\n"
    }
},{
    "prompt": "\n\n    The provided code has regressed! The tests that were previously passing and are now failing are ['test_diagonal', 'test_negative_diagonal', 'test_partial_negative_diagonal'].\n\n    Iterate on the non-regressed code, using the test runner feedback, to maintain that ['test_diagonal', 'test_negative_diagonal', 'test_partial_negative_diagonal'] continue to pass while making the failing tests pass. \n    \n    The non-regressed code is in the first set of triple backticks, the unittest code used to test the non-regressed code is in the second triple backticks, and the test runner feedback is in the third set of triple backticks.\n    \n    Make sure that any non-test errors are addressed first and remove any unused imports. \n    \n    Perform the following actions. The only output should be the JSON object specified in the last step:\n\n    1. State what in the code made the new passing tests pass.\n    2. Summarize why each failing test failed.\n    3. Summarize the functionality required for the failing tests to pass. Be sure to check that all positional arguments are used in the code.\n    4. Provide the code that contains that functionality.\n    5. Output the above steps in a JSON object in the following format: \n    {\n    \"passing_tests_summary\": \"1\",\n    \"failing_tests_summary\": \"2\", \n    \"missing_functionality\": \"3\",\n    \"code\": \"4\"}\n\n    code:\n    ```def compute_intersecting_squares(starting_point, ending_point):\n    x0, y0 = starting_point\n    x1, y1 = ending_point\n    dx = x1 - x0\n    dy = y1 - y0\n    points = []\n    if dx == 0 or dy == 0 or abs(dx) == abs(dy):\n        step_x = 1 if dx > 0 else -1\n        step_y = 1 if dy > 0 else -1\n        for x in range(x0 + step_x, x1, step_x):\n            for y in range(y0 + step_y, y1, step_y):\n                if abs(x - x0) == abs(y - y0):\n                    points.append((x, y))\n    else:\n        slope = dy / dx\n        if abs(slope) < 1:\n            step = 1 if dx > 0 else -1\n            for x in range(x0 + step, x1, step):\n                y = y0 + round(slope * (x - x0))\n                points.append((x, y))\n        else:\n            step = 1 if dy > 0 else -1\n            for y in range(y0 + step, y1, step):\n                x = x0 + round((y - y0) / slope)\n                points.append((x, y))\n    return points```\n    tests:\n    ```import unittest\nfrom src.example_tests.grid_intersections import compute_intersecting_squares\n\nclass TestComputeIntersectingSquares(unittest.TestCase):\n    def test_diagonal(self):\n        starting_point = (0,0)\n        ending_point = (5,5)\n        expected_points = [(1,1), (2,2), (3,3), (4,4)]\n        self.assertEqual(compute_intersecting_squares(starting_point, ending_point), expected_points)\n\n    def test_negative_diagonal(self):\n        starting_point = (0,0)\n        ending_point = (-5,-5)\n        expected_points = [(-1,-1), (-2,-2), (-3,-3), (-4,-4)]\n        self.assertEqual(compute_intersecting_squares(starting_point, ending_point), expected_points)\n\n    def test_partial_negative_diagonal(self):\n        starting_point = (0,0)\n        ending_point = (5,-5)\n        expected_points = [(1,-1), (2,-2), (3,-3), (4,-4)]\n        self.assertEqual(compute_intersecting_squares(starting_point, ending_point), expected_points)\n\n    def test_half_slope(self):\n        starting_point = (0,0)\n        ending_point = (6,3)\n        expected_points = [(1,0), (2,1), (3,1), (4,2), (5,2)]\n        self.assertEqual(compute_intersecting_squares(starting_point, ending_point), expected_points)\n    \n    def test_slope_less_than_1(self):\n        starting_point = (0,0)\n        ending_point = (5,3)\n        expected_points = [(1,0), (1,1), (2,1), (3,1), (3,2), (4,2)]\n        self.assertEqual(compute_intersecting_squares(starting_point, ending_point), expected_points)\n\n    def test_slope_greater_than_1(self):\n        starting_point = (0,0)\n        ending_point = (3,7)\n        expected_points = [(0,1), (0,2), (1,2), (1,3), (1,4), (2,4), (2,5), (2,6)]\n        self.assertEqual(compute_intersecting_squares(starting_point, ending_point), expected_points)```\n    test runner feedback:\n    ```FFFFFF\n======================================================================\nFAIL: test_diagonal (src.example_tests.grid_intersections_test.TestComputeIntersectingSquares.test_diagonal)\n----------------------------------------------------------------------\nTraceback (most recent call last):\n  File \"/Users/jtmcgoffin/Documents/projects/semanticAI/semanticai/src/example_tests/grid_intersections_test.py\", line 9, in test_diagonal\n    self.assertEqual(compute_intersecting_squares(starting_point, ending_point), expected_points)\nAssertionError: Lists differ: [(1, 1), (2, 2), (3, 3), (4, 4), (5, 5)] != [(1, 1), (2, 2), (3, 3), (4, 4)]\n\nFirst list contains 1 additional elements.\nFirst extra element 4:\n(5, 5)\n\n- [(1, 1), (2, 2), (3, 3), (4, 4), (5, 5)]\n?                                --------\n\n+ [(1, 1), (2, 2), (3, 3), (4, 4)]\n\n======================================================================\nFAIL: test_half_slope (src.example_tests.grid_intersections_test.TestComputeIntersectingSquares.test_half_slope)\n----------------------------------------------------------------------\nTraceback (most recent call last):\n  File \"/Users/jtmcgoffin/Documents/projects/semanticAI/semanticai/src/example_tests/grid_intersections_test.py\", line 27, in test_half_slope\n    self.assertEqual(compute_intersecting_squares(starting_point, ending_point), expected_points)\nAssertionError: Lists differ: [(0, 0), (1, 0), (2, 1), (3, 2), (4, 2), (5, 2), (6, 3)] != [(1, 0), (2, 1), (3, 1), (4, 2), (5, 2)]\n\nFirst differing element 0:\n(0, 0)\n(1, 0)\n\nFirst list contains 2 additional elements.\nFirst extra element 5:\n(5, 2)\n\n- [(0, 0), (1, 0), (2, 1), (3, 2), (4, 2), (5, 2), (6, 3)]\n+ [(1, 0), (2, 1), (3, 1), (4, 2), (5, 2)]\n\n======================================================================\nFAIL: test_negative_diagonal (src.example_tests.grid_intersections_test.TestComputeIntersectingSquares.test_negative_diagonal)\n----------------------------------------------------------------------\nTraceback (most recent call last):\n  File \"/Users/jtmcgoffin/Documents/projects/semanticAI/semanticai/src/example_tests/grid_intersections_test.py\", line 15, in test_negative_diagonal\n    self.assertEqual(compute_intersecting_squares(starting_point, ending_point), expected_points)\nAssertionError: Lists differ: [(-1, -1), (-2, -2), (-3, -3), (-4, -4), (-5, -5)] != [(-1, -1), (-2, -2), (-3, -3), (-4, -4)]\n\nFirst list contains 1 additional elements.\nFirst extra element 4:\n(-5, -5)\n\n- [(-1, -1), (-2, -2), (-3, -3), (-4, -4), (-5, -5)]\n?                                        ----------\n\n+ [(-1, -1), (-2, -2), (-3, -3), (-4, -4)]\n\n======================================================================\nFAIL: test_partial_negative_diagonal (src.example_tests.grid_intersections_test.TestComputeIntersectingSquares.test_partial_negative_diagonal)\n----------------------------------------------------------------------\nTraceback (most recent call last):\n  File \"/Users/jtmcgoffin/Documents/projects/semanticAI/semanticai/src/example_tests/grid_intersections_test.py\", line 21, in test_partial_negative_diagonal\n    self.assertEqual(compute_intersecting_squares(starting_point, ending_point), expected_points)\nAssertionError: Lists differ: [(1, -1), (2, -2), (3, -3), (4, -4), (5, -5)] != [(1, -1), (2, -2), (3, -3), (4, -4)]\n\nFirst list contains 1 additional elements.\nFirst extra element 4:\n(5, -5)\n\n- [(1, -1), (2, -2), (3, -3), (4, -4), (5, -5)]\n?                                    ---------\n\n+ [(1, -1), (2, -2), (3, -3), (4, -4)]\n\n======================================================================\nFAIL: test_slope_greater_than_1 (src.example_tests.grid_intersections_test.TestComputeIntersectingSquares.test_slope_greater_than_1)\n----------------------------------------------------------------------\nTraceback (most recent call last):\n  File \"/Users/jtmcgoffin/Documents/projects/semanticAI/semanticai/src/example_tests/grid_intersections_test.py\", line 39, in test_slope_greater_than_1\n    self.assertEqual(compute_intersecting_squares(starting_point, ending_point), expected_points)\nAssertionError: Lists differ: [(0, 0), (0, 1), (1, 2), (1, 3), (2, 4), (2, 5), (3, 6), (3, 7)] != [(0, 1), (0, 2), (1, 2), (1, 3), (1, 4), (2, 4), (2, 5), (2, 6)]\n\nFirst differing element 0:\n(0, 0)\n(0, 1)\n\n- [(0, 0), (0, 1), (1, 2), (1, 3), (2, 4), (2, 5), (3, 6), (3, 7)]\n?      ^       ^                                    ^    --------\n\n+ [(0, 1), (0, 2), (1, 2), (1, 3), (1, 4), (2, 4), (2, 5), (2, 6)]\n?      ^       ^                   ++++++++                 ^\n\n\n======================================================================\nFAIL: test_slope_less_than_1 (src.example_tests.grid_intersections_test.TestComputeIntersectingSquares.test_slope_less_than_1)\n----------------------------------------------------------------------\nTraceback (most recent call last):\n  File \"/Users/jtmcgoffin/Documents/projects/semanticAI/semanticai/src/example_tests/grid_intersections_test.py\", line 33, in test_slope_less_than_1\n    self.assertEqual(compute_intersecting_squares(starting_point, ending_point), expected_points)\nAssertionError: Lists differ: [(0, 0), (1, 1), (2, 1), (3, 2), (4, 2), (5, 3)] != [(1, 0), (1, 1), (2, 1), (3, 1), (3, 2), (4, 2)]\n\nFirst differing element 0:\n(0, 0)\n(1, 0)\n\n- [(0, 0), (1, 1), (2, 1), (3, 2), (4, 2), (5, 3)]\n?   ^                                    --------\n\n+ [(1, 0), (1, 1), (2, 1), (3, 1), (3, 2), (4, 2)]\n?   ^                          ++++++++\n\n\n----------------------------------------------------------------------\nRan 6 tests in 0.004s\n\nFAILED (failures=6)\n```\n\n    ",
    "model_response": {
        "passing_tests_summary": "The new passing tests passed because the provided code correctly calculates points on straight lines, diagonals, and partial diagonals with a 1:1 ratio of x to y movement, as well as handling slopes less than and greater than 1 by using a slope-based approach for non-diagonal lines.",
        "failing_tests_summary": "Each failing test failed due to the inclusion of the ending point in the output list, which the tests did not expect. The tests for slopes less than and greater than 1 also failed because the computation inaccurately included the starting point and did not correctly calculate the intermediate points according to the expected slope.",
        "missing_functionality": "To make the failing tests pass, the code needs to: 1) Exclude the ending point from the list of points for diagonal movements. 2) Correctly handle the calculation of points for slopes less than and greater than 1, ensuring the starting point is not included and the points follow the expected pattern based on the slope.",
        "code": "def compute_intersecting_squares(starting_point, ending_point):\n    x0, y0 = starting_point\n    x1, y1 = ending_point\n    dx = x1 - x0\n    dy = y1 - y0\n    points = []\n    if dx == 0 or dy == 0 or abs(dx) == abs(dy):\n        step_x = 1 if dx > 0 else -1\n        step_y = 1 if dy > 0 else -1\n        for x in range(x0, x1, step_x):\n            for y in range(y0, y1, step_y):\n                if abs(x - x0) == abs(y - y0):\n                    points.append((x, y))\n        if (x1, y1) in points: points.remove((x1, y1))\n    else:\n        slope = dy / dx\n        if abs(slope) < 1:\n            step = 1 if dx > 0 else -1\n            for x in range(x0 + step, x1, step):\n                y = y0 + round(slope * (x - x0))\n                points.append((x, y))\n        else:\n            step = 1 if dy > 0 else -1\n            for y in range(y0 + step, y1, step):\n                x = x0 + round((y - y0) / slope)\n                points.append((x, y))\n    return points"
    },
    "tests_summary": {
        "total_count": 6,
        "failed_count": 6,
        "failed_names": [
            "test_diagonal",
            "test_half_slope",
            "test_negative_diagonal",
            "test_partial_negative_diagonal",
            "test_slope_greater_than_1",
            "test_slope_less_than_1"
        ],
        "success_count": 0,
        "test_response": "FFFFFF\n======================================================================\nFAIL: test_diagonal (src.example_tests.grid_intersections_test.TestComputeIntersectingSquares.test_diagonal)\n----------------------------------------------------------------------\nTraceback (most recent call last):\n  File \"/Users/jtmcgoffin/Documents/projects/semanticAI/semanticai/src/example_tests/grid_intersections_test.py\", line 9, in test_diagonal\n    self.assertEqual(compute_intersecting_squares(starting_point, ending_point), expected_points)\nAssertionError: Lists differ: [(0, 0), (1, 1), (2, 2), (3, 3), (4, 4)] != [(1, 1), (2, 2), (3, 3), (4, 4)]\n\nFirst differing element 0:\n(0, 0)\n(1, 1)\n\nFirst list contains 1 additional elements.\nFirst extra element 4:\n(4, 4)\n\n- [(0, 0), (1, 1), (2, 2), (3, 3), (4, 4)]\n?  --------\n\n+ [(1, 1), (2, 2), (3, 3), (4, 4)]\n\n======================================================================\nFAIL: test_half_slope (src.example_tests.grid_intersections_test.TestComputeIntersectingSquares.test_half_slope)\n----------------------------------------------------------------------\nTraceback (most recent call last):\n  File \"/Users/jtmcgoffin/Documents/projects/semanticAI/semanticai/src/example_tests/grid_intersections_test.py\", line 27, in test_half_slope\n    self.assertEqual(compute_intersecting_squares(starting_point, ending_point), expected_points)\nAssertionError: Lists differ: [(1, 0), (2, 1), (3, 2), (4, 2), (5, 2)] != [(1, 0), (2, 1), (3, 1), (4, 2), (5, 2)]\n\nFirst differing element 2:\n(3, 2)\n(3, 1)\n\n- [(1, 0), (2, 1), (3, 2), (4, 2), (5, 2)]\n?                          --------\n\n+ [(1, 0), (2, 1), (3, 1), (4, 2), (5, 2)]\n?                      ++++++++\n\n\n======================================================================\nFAIL: test_negative_diagonal (src.example_tests.grid_intersections_test.TestComputeIntersectingSquares.test_negative_diagonal)\n----------------------------------------------------------------------\nTraceback (most recent call last):\n  File \"/Users/jtmcgoffin/Documents/projects/semanticAI/semanticai/src/example_tests/grid_intersections_test.py\", line 15, in test_negative_diagonal\n    self.assertEqual(compute_intersecting_squares(starting_point, ending_point), expected_points)\nAssertionError: Lists differ: [(0, 0), (-1, -1), (-2, -2), (-3, -3), (-4, -4)] != [(-1, -1), (-2, -2), (-3, -3), (-4, -4)]\n\nFirst differing element 0:\n(0, 0)\n(-1, -1)\n\nFirst list contains 1 additional elements.\nFirst extra element 4:\n(-4, -4)\n\n- [(0, 0), (-1, -1), (-2, -2), (-3, -3), (-4, -4)]\n?  --------\n\n+ [(-1, -1), (-2, -2), (-3, -3), (-4, -4)]\n\n======================================================================\nFAIL: test_partial_negative_diagonal (src.example_tests.grid_intersections_test.TestComputeIntersectingSquares.test_partial_negative_diagonal)\n----------------------------------------------------------------------\nTraceback (most recent call last):\n  File \"/Users/jtmcgoffin/Documents/projects/semanticAI/semanticai/src/example_tests/grid_intersections_test.py\", line 21, in test_partial_negative_diagonal\n    self.assertEqual(compute_intersecting_squares(starting_point, ending_point), expected_points)\nAssertionError: Lists differ: [(0, 0), (1, -1), (2, -2), (3, -3), (4, -4)] != [(1, -1), (2, -2), (3, -3), (4, -4)]\n\nFirst differing element 0:\n(0, 0)\n(1, -1)\n\nFirst list contains 1 additional elements.\nFirst extra element 4:\n(4, -4)\n\n- [(0, 0), (1, -1), (2, -2), (3, -3), (4, -4)]\n?  --------\n\n+ [(1, -1), (2, -2), (3, -3), (4, -4)]\n\n======================================================================\nFAIL: test_slope_greater_than_1 (src.example_tests.grid_intersections_test.TestComputeIntersectingSquares.test_slope_greater_than_1)\n----------------------------------------------------------------------\nTraceback (most recent call last):\n  File \"/Users/jtmcgoffin/Documents/projects/semanticAI/semanticai/src/example_tests/grid_intersections_test.py\", line 39, in test_slope_greater_than_1\n    self.assertEqual(compute_intersecting_squares(starting_point, ending_point), expected_points)\nAssertionError: Lists differ: [(0, 1), (1, 2), (1, 3), (2, 4), (2, 5), (3, 6)] != [(0, 1), (0, 2), (1, 2), (1, 3), (1, 4), (2, 4), (2, 5), (2, 6)]\n\nFirst differing element 1:\n(1, 2)\n(0, 2)\n\nSecond list contains 2 additional elements.\nFirst extra element 6:\n(2, 5)\n\n- [(0, 1), (1, 2), (1, 3), (2, 4), (2, 5), (3, 6)]\n?                                           ^\n\n+ [(0, 1), (0, 2), (1, 2), (1, 3), (1, 4), (2, 4), (2, 5), (2, 6)]\n?          ++++++++                ++++++++                 ^\n\n\n======================================================================\nFAIL: test_slope_less_than_1 (src.example_tests.grid_intersections_test.TestComputeIntersectingSquares.test_slope_less_than_1)\n----------------------------------------------------------------------\nTraceback (most recent call last):\n  File \"/Users/jtmcgoffin/Documents/projects/semanticAI/semanticai/src/example_tests/grid_intersections_test.py\", line 33, in test_slope_less_than_1\n    self.assertEqual(compute_intersecting_squares(starting_point, ending_point), expected_points)\nAssertionError: Lists differ: [(1, 1), (2, 1), (3, 2), (4, 2)] != [(1, 0), (1, 1), (2, 1), (3, 1), (3, 2), (4, 2)]\n\nFirst differing element 0:\n(1, 1)\n(1, 0)\n\nSecond list contains 2 additional elements.\nFirst extra element 4:\n(3, 2)\n\n- [(1, 1), (2, 1), (3, 2), (4, 2)]\n+ [(1, 0), (1, 1), (2, 1), (3, 1), (3, 2), (4, 2)]\n?      ++++++++                ++++++++\n\n\n----------------------------------------------------------------------\nRan 6 tests in 0.003s\n\nFAILED (failures=6)\n"
    }
},{
    "prompt": "\n\n    The provided code has regressed! The tests that were previously passing and are now failing are ['test_diagonal', 'test_negative_diagonal', 'test_partial_negative_diagonal'].\n\n    Iterate on the non-regressed code, using the test runner feedback, to maintain that ['test_diagonal', 'test_negative_diagonal', 'test_partial_negative_diagonal'] continue to pass while making the failing tests pass. \n    \n    The non-regressed code is in the first set of triple backticks, the unittest code used to test the non-regressed code is in the second triple backticks, and the test runner feedback is in the third set of triple backticks.\n    \n    Make sure that any non-test errors are addressed first and remove any unused imports. \n    \n    Perform the following actions. The only output should be the JSON object specified in the last step:\n\n    1. State what in the code made the new passing tests pass.\n    2. Summarize why each failing test failed.\n    3. Summarize the functionality required for the failing tests to pass. Be sure to check that all positional arguments are used in the code.\n    4. Provide the code that contains that functionality.\n    5. Output the above steps in a JSON object in the following format: \n    {\n    \"passing_tests_summary\": \"1\",\n    \"failing_tests_summary\": \"2\", \n    \"missing_functionality\": \"3\",\n    \"code\": \"4\"}\n\n    code:\n    ```def compute_intersecting_squares(starting_point, ending_point):\n    x0, y0 = starting_point\n    x1, y1 = ending_point\n    dx = x1 - x0\n    dy = y1 - y0\n    points = []\n    if dx == 0 or dy == 0 or abs(dx) == abs(dy):\n        step_x = 1 if dx > 0 else -1\n        step_y = 1 if dy > 0 else -1\n        for x in range(x0 + step_x, x1, step_x):\n            for y in range(y0 + step_y, y1, step_y):\n                if abs(x - x0) == abs(y - y0):\n                    points.append((x, y))\n    else:\n        slope = dy / dx\n        if abs(slope) < 1:\n            step = 1 if dx > 0 else -1\n            for x in range(x0 + step, x1, step):\n                y = y0 + round(slope * (x - x0))\n                points.append((x, y))\n        else:\n            step = 1 if dy > 0 else -1\n            for y in range(y0 + step, y1, step):\n                x = x0 + round((y - y0) / slope)\n                points.append((x, y))\n    return points```\n    tests:\n    ```import unittest\nfrom src.example_tests.grid_intersections import compute_intersecting_squares\n\nclass TestComputeIntersectingSquares(unittest.TestCase):\n    def test_diagonal(self):\n        starting_point = (0,0)\n        ending_point = (5,5)\n        expected_points = [(1,1), (2,2), (3,3), (4,4)]\n        self.assertEqual(compute_intersecting_squares(starting_point, ending_point), expected_points)\n\n    def test_negative_diagonal(self):\n        starting_point = (0,0)\n        ending_point = (-5,-5)\n        expected_points = [(-1,-1), (-2,-2), (-3,-3), (-4,-4)]\n        self.assertEqual(compute_intersecting_squares(starting_point, ending_point), expected_points)\n\n    def test_partial_negative_diagonal(self):\n        starting_point = (0,0)\n        ending_point = (5,-5)\n        expected_points = [(1,-1), (2,-2), (3,-3), (4,-4)]\n        self.assertEqual(compute_intersecting_squares(starting_point, ending_point), expected_points)\n\n    def test_half_slope(self):\n        starting_point = (0,0)\n        ending_point = (6,3)\n        expected_points = [(1,0), (2,1), (3,1), (4,2), (5,2)]\n        self.assertEqual(compute_intersecting_squares(starting_point, ending_point), expected_points)\n    \n    def test_slope_less_than_1(self):\n        starting_point = (0,0)\n        ending_point = (5,3)\n        expected_points = [(1,0), (1,1), (2,1), (3,1), (3,2), (4,2)]\n        self.assertEqual(compute_intersecting_squares(starting_point, ending_point), expected_points)\n\n    def test_slope_greater_than_1(self):\n        starting_point = (0,0)\n        ending_point = (3,7)\n        expected_points = [(0,1), (0,2), (1,2), (1,3), (1,4), (2,4), (2,5), (2,6)]\n        self.assertEqual(compute_intersecting_squares(starting_point, ending_point), expected_points)```\n    test runner feedback:\n    ```FFFFFF\n======================================================================\nFAIL: test_diagonal (src.example_tests.grid_intersections_test.TestComputeIntersectingSquares.test_diagonal)\n----------------------------------------------------------------------\nTraceback (most recent call last):\n  File \"/Users/jtmcgoffin/Documents/projects/semanticAI/semanticai/src/example_tests/grid_intersections_test.py\", line 9, in test_diagonal\n    self.assertEqual(compute_intersecting_squares(starting_point, ending_point), expected_points)\nAssertionError: Lists differ: [(0, 0), (1, 1), (2, 2), (3, 3), (4, 4)] != [(1, 1), (2, 2), (3, 3), (4, 4)]\n\nFirst differing element 0:\n(0, 0)\n(1, 1)\n\nFirst list contains 1 additional elements.\nFirst extra element 4:\n(4, 4)\n\n- [(0, 0), (1, 1), (2, 2), (3, 3), (4, 4)]\n?  --------\n\n+ [(1, 1), (2, 2), (3, 3), (4, 4)]\n\n======================================================================\nFAIL: test_half_slope (src.example_tests.grid_intersections_test.TestComputeIntersectingSquares.test_half_slope)\n----------------------------------------------------------------------\nTraceback (most recent call last):\n  File \"/Users/jtmcgoffin/Documents/projects/semanticAI/semanticai/src/example_tests/grid_intersections_test.py\", line 27, in test_half_slope\n    self.assertEqual(compute_intersecting_squares(starting_point, ending_point), expected_points)\nAssertionError: Lists differ: [(1, 0), (2, 1), (3, 2), (4, 2), (5, 2)] != [(1, 0), (2, 1), (3, 1), (4, 2), (5, 2)]\n\nFirst differing element 2:\n(3, 2)\n(3, 1)\n\n- [(1, 0), (2, 1), (3, 2), (4, 2), (5, 2)]\n?                          --------\n\n+ [(1, 0), (2, 1), (3, 1), (4, 2), (5, 2)]\n?                      ++++++++\n\n\n======================================================================\nFAIL: test_negative_diagonal (src.example_tests.grid_intersections_test.TestComputeIntersectingSquares.test_negative_diagonal)\n----------------------------------------------------------------------\nTraceback (most recent call last):\n  File \"/Users/jtmcgoffin/Documents/projects/semanticAI/semanticai/src/example_tests/grid_intersections_test.py\", line 15, in test_negative_diagonal\n    self.assertEqual(compute_intersecting_squares(starting_point, ending_point), expected_points)\nAssertionError: Lists differ: [(0, 0), (-1, -1), (-2, -2), (-3, -3), (-4, -4)] != [(-1, -1), (-2, -2), (-3, -3), (-4, -4)]\n\nFirst differing element 0:\n(0, 0)\n(-1, -1)\n\nFirst list contains 1 additional elements.\nFirst extra element 4:\n(-4, -4)\n\n- [(0, 0), (-1, -1), (-2, -2), (-3, -3), (-4, -4)]\n?  --------\n\n+ [(-1, -1), (-2, -2), (-3, -3), (-4, -4)]\n\n======================================================================\nFAIL: test_partial_negative_diagonal (src.example_tests.grid_intersections_test.TestComputeIntersectingSquares.test_partial_negative_diagonal)\n----------------------------------------------------------------------\nTraceback (most recent call last):\n  File \"/Users/jtmcgoffin/Documents/projects/semanticAI/semanticai/src/example_tests/grid_intersections_test.py\", line 21, in test_partial_negative_diagonal\n    self.assertEqual(compute_intersecting_squares(starting_point, ending_point), expected_points)\nAssertionError: Lists differ: [(0, 0), (1, -1), (2, -2), (3, -3), (4, -4)] != [(1, -1), (2, -2), (3, -3), (4, -4)]\n\nFirst differing element 0:\n(0, 0)\n(1, -1)\n\nFirst list contains 1 additional elements.\nFirst extra element 4:\n(4, -4)\n\n- [(0, 0), (1, -1), (2, -2), (3, -3), (4, -4)]\n?  --------\n\n+ [(1, -1), (2, -2), (3, -3), (4, -4)]\n\n======================================================================\nFAIL: test_slope_greater_than_1 (src.example_tests.grid_intersections_test.TestComputeIntersectingSquares.test_slope_greater_than_1)\n----------------------------------------------------------------------\nTraceback (most recent call last):\n  File \"/Users/jtmcgoffin/Documents/projects/semanticAI/semanticai/src/example_tests/grid_intersections_test.py\", line 39, in test_slope_greater_than_1\n    self.assertEqual(compute_intersecting_squares(starting_point, ending_point), expected_points)\nAssertionError: Lists differ: [(0, 1), (1, 2), (1, 3), (2, 4), (2, 5), (3, 6)] != [(0, 1), (0, 2), (1, 2), (1, 3), (1, 4), (2, 4), (2, 5), (2, 6)]\n\nFirst differing element 1:\n(1, 2)\n(0, 2)\n\nSecond list contains 2 additional elements.\nFirst extra element 6:\n(2, 5)\n\n- [(0, 1), (1, 2), (1, 3), (2, 4), (2, 5), (3, 6)]\n?                                           ^\n\n+ [(0, 1), (0, 2), (1, 2), (1, 3), (1, 4), (2, 4), (2, 5), (2, 6)]\n?          ++++++++                ++++++++                 ^\n\n\n======================================================================\nFAIL: test_slope_less_than_1 (src.example_tests.grid_intersections_test.TestComputeIntersectingSquares.test_slope_less_than_1)\n----------------------------------------------------------------------\nTraceback (most recent call last):\n  File \"/Users/jtmcgoffin/Documents/projects/semanticAI/semanticai/src/example_tests/grid_intersections_test.py\", line 33, in test_slope_less_than_1\n    self.assertEqual(compute_intersecting_squares(starting_point, ending_point), expected_points)\nAssertionError: Lists differ: [(1, 1), (2, 1), (3, 2), (4, 2)] != [(1, 0), (1, 1), (2, 1), (3, 1), (3, 2), (4, 2)]\n\nFirst differing element 0:\n(1, 1)\n(1, 0)\n\nSecond list contains 2 additional elements.\nFirst extra element 4:\n(3, 2)\n\n- [(1, 1), (2, 1), (3, 2), (4, 2)]\n+ [(1, 0), (1, 1), (2, 1), (3, 1), (3, 2), (4, 2)]\n?      ++++++++                ++++++++\n\n\n----------------------------------------------------------------------\nRan 6 tests in 0.003s\n\nFAILED (failures=6)\n```\n\n    ",
    "model_response": {
        "passing_tests_summary": "The new passing tests passed because the code correctly calculates the intersecting squares for movements that are either directly horizontal, vertical, or exactly diagonal. This is ensured by the conditions that check for dx == 0 or dy == 0 or abs(dx) == abs(dy), which correspond to vertical, horizontal, and diagonal movements respectively.",
        "failing_tests_summary": "Each failing test failed for specific reasons: 'test_diagonal', 'test_negative_diagonal', and 'test_partial_negative_diagonal' failed because the code incorrectly includes the starting point in the list of intersecting squares. 'test_half_slope', 'test_slope_less_than_1', and 'test_slope_greater_than_1' failed because the logic for calculating points for slopes that are not exactly 1 or -1 is incorrect, leading to inaccurate lists of intersecting squares.",
        "missing_functionality": "To make the failing tests pass, the code needs to exclude the starting point from the list of intersecting squares for diagonal movements. For slopes that are not exactly 1 or -1, the code needs to correctly calculate the intersecting squares by accurately determining when to increment x and y values based on the slope, ensuring that it accounts for all possible movements within the grid.",
        "code": "def compute_intersecting_squares(starting_point, ending_point):\n    x0, y0 = starting_point\n    x1, y1 = ending_point\n    dx = x1 - x0\n    dy = y1 - y0\n    points = []\n    if dx == 0 or dy == 0 or abs(dx) == abs(dy):\n        step_x = 1 if dx > 0 else -1\n        step_y = 1 if dy > 0 else -1\n        for x in range(x0 + step_x, x1 + step_x, step_x):\n            for y in range(y0 + step_y, y1 + step_y, step_y):\n                if abs(x - x0) == abs(y - y0):\n                    points.append((x, y))\n    else:\n        slope = dy / dx\n        if abs(slope) < 1:\n            step = 1 if dx > 0 else -1\n            for x in range(x0 + step, x1 + step, step):\n                y = y0 + round(slope * (x - x0))\n                if x != x0:  # Exclude starting point\n                    points.append((x, y))\n        else:\n            step = 1 if dy > 0 else -1\n            for y in range(y0 + step, y1 + step, step):\n                x = x0 + round((y - y0) / slope)\n                if y != y0:  # Exclude starting point\n                    points.append((x, y))\n    return points"
    },
    "tests_summary": {
        "total_count": 6,
        "failed_count": 6,
        "failed_names": [
            "test_diagonal",
            "test_half_slope",
            "test_negative_diagonal",
            "test_partial_negative_diagonal",
            "test_slope_greater_than_1",
            "test_slope_less_than_1"
        ],
        "success_count": 0,
        "test_response": "FFFFFF\n======================================================================\nFAIL: test_diagonal (src.example_tests.grid_intersections_test.TestComputeIntersectingSquares.test_diagonal)\n----------------------------------------------------------------------\nTraceback (most recent call last):\n  File \"/Users/jtmcgoffin/Documents/projects/semanticAI/semanticai/src/example_tests/grid_intersections_test.py\", line 9, in test_diagonal\n    self.assertEqual(compute_intersecting_squares(starting_point, ending_point), expected_points)\nAssertionError: Lists differ: [(1, 1), (2, 2), (3, 3), (4, 4), (5, 5)] != [(1, 1), (2, 2), (3, 3), (4, 4)]\n\nFirst list contains 1 additional elements.\nFirst extra element 4:\n(5, 5)\n\n- [(1, 1), (2, 2), (3, 3), (4, 4), (5, 5)]\n?                                --------\n\n+ [(1, 1), (2, 2), (3, 3), (4, 4)]\n\n======================================================================\nFAIL: test_half_slope (src.example_tests.grid_intersections_test.TestComputeIntersectingSquares.test_half_slope)\n----------------------------------------------------------------------\nTraceback (most recent call last):\n  File \"/Users/jtmcgoffin/Documents/projects/semanticAI/semanticai/src/example_tests/grid_intersections_test.py\", line 27, in test_half_slope\n    self.assertEqual(compute_intersecting_squares(starting_point, ending_point), expected_points)\nAssertionError: Lists differ: [(1, 0), (2, 1), (3, 2), (4, 2), (5, 2), (6, 3)] != [(1, 0), (2, 1), (3, 1), (4, 2), (5, 2)]\n\nFirst differing element 2:\n(3, 2)\n(3, 1)\n\nFirst list contains 1 additional elements.\nFirst extra element 5:\n(6, 3)\n\n- [(1, 0), (2, 1), (3, 2), (4, 2), (5, 2), (6, 3)]\n+ [(1, 0), (2, 1), (3, 1), (4, 2), (5, 2)]\n\n======================================================================\nFAIL: test_negative_diagonal (src.example_tests.grid_intersections_test.TestComputeIntersectingSquares.test_negative_diagonal)\n----------------------------------------------------------------------\nTraceback (most recent call last):\n  File \"/Users/jtmcgoffin/Documents/projects/semanticAI/semanticai/src/example_tests/grid_intersections_test.py\", line 15, in test_negative_diagonal\n    self.assertEqual(compute_intersecting_squares(starting_point, ending_point), expected_points)\nAssertionError: Lists differ: [(-1, -1), (-2, -2), (-3, -3), (-4, -4), (-5, -5)] != [(-1, -1), (-2, -2), (-3, -3), (-4, -4)]\n\nFirst list contains 1 additional elements.\nFirst extra element 4:\n(-5, -5)\n\n- [(-1, -1), (-2, -2), (-3, -3), (-4, -4), (-5, -5)]\n?                                        ----------\n\n+ [(-1, -1), (-2, -2), (-3, -3), (-4, -4)]\n\n======================================================================\nFAIL: test_partial_negative_diagonal (src.example_tests.grid_intersections_test.TestComputeIntersectingSquares.test_partial_negative_diagonal)\n----------------------------------------------------------------------\nTraceback (most recent call last):\n  File \"/Users/jtmcgoffin/Documents/projects/semanticAI/semanticai/src/example_tests/grid_intersections_test.py\", line 21, in test_partial_negative_diagonal\n    self.assertEqual(compute_intersecting_squares(starting_point, ending_point), expected_points)\nAssertionError: Lists differ: [(1, -1), (2, -2), (3, -3), (4, -4), (5, -5)] != [(1, -1), (2, -2), (3, -3), (4, -4)]\n\nFirst list contains 1 additional elements.\nFirst extra element 4:\n(5, -5)\n\n- [(1, -1), (2, -2), (3, -3), (4, -4), (5, -5)]\n?                                    ---------\n\n+ [(1, -1), (2, -2), (3, -3), (4, -4)]\n\n======================================================================\nFAIL: test_slope_greater_than_1 (src.example_tests.grid_intersections_test.TestComputeIntersectingSquares.test_slope_greater_than_1)\n----------------------------------------------------------------------\nTraceback (most recent call last):\n  File \"/Users/jtmcgoffin/Documents/projects/semanticAI/semanticai/src/example_tests/grid_intersections_test.py\", line 39, in test_slope_greater_than_1\n    self.assertEqual(compute_intersecting_squares(starting_point, ending_point), expected_points)\nAssertionError: Lists differ: [(0, 1), (1, 2), (1, 3), (2, 4), (2, 5), (3, 6), (3, 7)] != [(0, 1), (0, 2), (1, 2), (1, 3), (1, 4), (2, 4), (2, 5), (2, 6)]\n\nFirst differing element 1:\n(1, 2)\n(0, 2)\n\nSecond list contains 1 additional elements.\nFirst extra element 7:\n(2, 6)\n\n- [(0, 1), (1, 2), (1, 3), (2, 4), (2, 5), (3, 6), (3, 7)]\n?                                           ^    --------\n\n+ [(0, 1), (0, 2), (1, 2), (1, 3), (1, 4), (2, 4), (2, 5), (2, 6)]\n?          ++++++++                ++++++++                 ^\n\n\n======================================================================\nFAIL: test_slope_less_than_1 (src.example_tests.grid_intersections_test.TestComputeIntersectingSquares.test_slope_less_than_1)\n----------------------------------------------------------------------\nTraceback (most recent call last):\n  File \"/Users/jtmcgoffin/Documents/projects/semanticAI/semanticai/src/example_tests/grid_intersections_test.py\", line 33, in test_slope_less_than_1\n    self.assertEqual(compute_intersecting_squares(starting_point, ending_point), expected_points)\nAssertionError: Lists differ: [(1, 1), (2, 1), (3, 2), (4, 2), (5, 3)] != [(1, 0), (1, 1), (2, 1), (3, 1), (3, 2), (4, 2)]\n\nFirst differing element 0:\n(1, 1)\n(1, 0)\n\nSecond list contains 1 additional elements.\nFirst extra element 5:\n(4, 2)\n\n- [(1, 1), (2, 1), (3, 2), (4, 2), (5, 3)]\n+ [(1, 0), (1, 1), (2, 1), (3, 1), (3, 2), (4, 2)]\n\n----------------------------------------------------------------------\nRan 6 tests in 0.004s\n\nFAILED (failures=6)\n"
    }
},{
    "prompt": "\n\n    The provided code has regressed! The tests that were previously passing and are now failing are ['test_diagonal', 'test_negative_diagonal', 'test_partial_negative_diagonal'].\n\n    Iterate on the non-regressed code, using the test runner feedback, to maintain that ['test_diagonal', 'test_negative_diagonal', 'test_partial_negative_diagonal'] continue to pass while making the failing tests pass. \n    \n    The non-regressed code is in the first set of triple backticks, the unittest code used to test the non-regressed code is in the second triple backticks, and the test runner feedback is in the third set of triple backticks.\n    \n    Make sure that any non-test errors are addressed first and remove any unused imports. \n    \n    Perform the following actions. The only output should be the JSON object specified in the last step:\n\n    1. State what in the code made the new passing tests pass.\n    2. Summarize why each failing test failed.\n    3. Summarize the functionality required for the failing tests to pass. Be sure to check that all positional arguments are used in the code.\n    4. Provide the code that contains that functionality.\n    5. Output the above steps in a JSON object in the following format: \n    {\n    \"passing_tests_summary\": \"1\",\n    \"failing_tests_summary\": \"2\", \n    \"missing_functionality\": \"3\",\n    \"code\": \"4\"}\n\n    code:\n    ```def compute_intersecting_squares(starting_point, ending_point):\n    x0, y0 = starting_point\n    x1, y1 = ending_point\n    dx = x1 - x0\n    dy = y1 - y0\n    points = []\n    if dx == 0 or dy == 0 or abs(dx) == abs(dy):\n        step_x = 1 if dx > 0 else -1\n        step_y = 1 if dy > 0 else -1\n        for x in range(x0 + step_x, x1, step_x):\n            for y in range(y0 + step_y, y1, step_y):\n                if abs(x - x0) == abs(y - y0):\n                    points.append((x, y))\n    else:\n        slope = dy / dx\n        if abs(slope) < 1:\n            step = 1 if dx > 0 else -1\n            for x in range(x0 + step, x1, step):\n                y = y0 + round(slope * (x - x0))\n                points.append((x, y))\n        else:\n            step = 1 if dy > 0 else -1\n            for y in range(y0 + step, y1, step):\n                x = x0 + round((y - y0) / slope)\n                points.append((x, y))\n    return points```\n    tests:\n    ```import unittest\nfrom src.example_tests.grid_intersections import compute_intersecting_squares\n\nclass TestComputeIntersectingSquares(unittest.TestCase):\n    def test_diagonal(self):\n        starting_point = (0,0)\n        ending_point = (5,5)\n        expected_points = [(1,1), (2,2), (3,3), (4,4)]\n        self.assertEqual(compute_intersecting_squares(starting_point, ending_point), expected_points)\n\n    def test_negative_diagonal(self):\n        starting_point = (0,0)\n        ending_point = (-5,-5)\n        expected_points = [(-1,-1), (-2,-2), (-3,-3), (-4,-4)]\n        self.assertEqual(compute_intersecting_squares(starting_point, ending_point), expected_points)\n\n    def test_partial_negative_diagonal(self):\n        starting_point = (0,0)\n        ending_point = (5,-5)\n        expected_points = [(1,-1), (2,-2), (3,-3), (4,-4)]\n        self.assertEqual(compute_intersecting_squares(starting_point, ending_point), expected_points)\n\n    def test_half_slope(self):\n        starting_point = (0,0)\n        ending_point = (6,3)\n        expected_points = [(1,0), (2,1), (3,1), (4,2), (5,2)]\n        self.assertEqual(compute_intersecting_squares(starting_point, ending_point), expected_points)\n    \n    def test_slope_less_than_1(self):\n        starting_point = (0,0)\n        ending_point = (5,3)\n        expected_points = [(1,0), (1,1), (2,1), (3,1), (3,2), (4,2)]\n        self.assertEqual(compute_intersecting_squares(starting_point, ending_point), expected_points)\n\n    def test_slope_greater_than_1(self):\n        starting_point = (0,0)\n        ending_point = (3,7)\n        expected_points = [(0,1), (0,2), (1,2), (1,3), (1,4), (2,4), (2,5), (2,6)]\n        self.assertEqual(compute_intersecting_squares(starting_point, ending_point), expected_points)```\n    test runner feedback:\n    ```FFFFFF\n======================================================================\nFAIL: test_diagonal (src.example_tests.grid_intersections_test.TestComputeIntersectingSquares.test_diagonal)\n----------------------------------------------------------------------\nTraceback (most recent call last):\n  File \"/Users/jtmcgoffin/Documents/projects/semanticAI/semanticai/src/example_tests/grid_intersections_test.py\", line 9, in test_diagonal\n    self.assertEqual(compute_intersecting_squares(starting_point, ending_point), expected_points)\nAssertionError: Lists differ: [(1, 1), (2, 2), (3, 3), (4, 4), (5, 5)] != [(1, 1), (2, 2), (3, 3), (4, 4)]\n\nFirst list contains 1 additional elements.\nFirst extra element 4:\n(5, 5)\n\n- [(1, 1), (2, 2), (3, 3), (4, 4), (5, 5)]\n?                                --------\n\n+ [(1, 1), (2, 2), (3, 3), (4, 4)]\n\n======================================================================\nFAIL: test_half_slope (src.example_tests.grid_intersections_test.TestComputeIntersectingSquares.test_half_slope)\n----------------------------------------------------------------------\nTraceback (most recent call last):\n  File \"/Users/jtmcgoffin/Documents/projects/semanticAI/semanticai/src/example_tests/grid_intersections_test.py\", line 27, in test_half_slope\n    self.assertEqual(compute_intersecting_squares(starting_point, ending_point), expected_points)\nAssertionError: Lists differ: [(1, 0), (2, 1), (3, 2), (4, 2), (5, 2), (6, 3)] != [(1, 0), (2, 1), (3, 1), (4, 2), (5, 2)]\n\nFirst differing element 2:\n(3, 2)\n(3, 1)\n\nFirst list contains 1 additional elements.\nFirst extra element 5:\n(6, 3)\n\n- [(1, 0), (2, 1), (3, 2), (4, 2), (5, 2), (6, 3)]\n+ [(1, 0), (2, 1), (3, 1), (4, 2), (5, 2)]\n\n======================================================================\nFAIL: test_negative_diagonal (src.example_tests.grid_intersections_test.TestComputeIntersectingSquares.test_negative_diagonal)\n----------------------------------------------------------------------\nTraceback (most recent call last):\n  File \"/Users/jtmcgoffin/Documents/projects/semanticAI/semanticai/src/example_tests/grid_intersections_test.py\", line 15, in test_negative_diagonal\n    self.assertEqual(compute_intersecting_squares(starting_point, ending_point), expected_points)\nAssertionError: Lists differ: [(-1, -1), (-2, -2), (-3, -3), (-4, -4), (-5, -5)] != [(-1, -1), (-2, -2), (-3, -3), (-4, -4)]\n\nFirst list contains 1 additional elements.\nFirst extra element 4:\n(-5, -5)\n\n- [(-1, -1), (-2, -2), (-3, -3), (-4, -4), (-5, -5)]\n?                                        ----------\n\n+ [(-1, -1), (-2, -2), (-3, -3), (-4, -4)]\n\n======================================================================\nFAIL: test_partial_negative_diagonal (src.example_tests.grid_intersections_test.TestComputeIntersectingSquares.test_partial_negative_diagonal)\n----------------------------------------------------------------------\nTraceback (most recent call last):\n  File \"/Users/jtmcgoffin/Documents/projects/semanticAI/semanticai/src/example_tests/grid_intersections_test.py\", line 21, in test_partial_negative_diagonal\n    self.assertEqual(compute_intersecting_squares(starting_point, ending_point), expected_points)\nAssertionError: Lists differ: [(1, -1), (2, -2), (3, -3), (4, -4), (5, -5)] != [(1, -1), (2, -2), (3, -3), (4, -4)]\n\nFirst list contains 1 additional elements.\nFirst extra element 4:\n(5, -5)\n\n- [(1, -1), (2, -2), (3, -3), (4, -4), (5, -5)]\n?                                    ---------\n\n+ [(1, -1), (2, -2), (3, -3), (4, -4)]\n\n======================================================================\nFAIL: test_slope_greater_than_1 (src.example_tests.grid_intersections_test.TestComputeIntersectingSquares.test_slope_greater_than_1)\n----------------------------------------------------------------------\nTraceback (most recent call last):\n  File \"/Users/jtmcgoffin/Documents/projects/semanticAI/semanticai/src/example_tests/grid_intersections_test.py\", line 39, in test_slope_greater_than_1\n    self.assertEqual(compute_intersecting_squares(starting_point, ending_point), expected_points)\nAssertionError: Lists differ: [(0, 1), (1, 2), (1, 3), (2, 4), (2, 5), (3, 6), (3, 7)] != [(0, 1), (0, 2), (1, 2), (1, 3), (1, 4), (2, 4), (2, 5), (2, 6)]\n\nFirst differing element 1:\n(1, 2)\n(0, 2)\n\nSecond list contains 1 additional elements.\nFirst extra element 7:\n(2, 6)\n\n- [(0, 1), (1, 2), (1, 3), (2, 4), (2, 5), (3, 6), (3, 7)]\n?                                           ^    --------\n\n+ [(0, 1), (0, 2), (1, 2), (1, 3), (1, 4), (2, 4), (2, 5), (2, 6)]\n?          ++++++++                ++++++++                 ^\n\n\n======================================================================\nFAIL: test_slope_less_than_1 (src.example_tests.grid_intersections_test.TestComputeIntersectingSquares.test_slope_less_than_1)\n----------------------------------------------------------------------\nTraceback (most recent call last):\n  File \"/Users/jtmcgoffin/Documents/projects/semanticAI/semanticai/src/example_tests/grid_intersections_test.py\", line 33, in test_slope_less_than_1\n    self.assertEqual(compute_intersecting_squares(starting_point, ending_point), expected_points)\nAssertionError: Lists differ: [(1, 1), (2, 1), (3, 2), (4, 2), (5, 3)] != [(1, 0), (1, 1), (2, 1), (3, 1), (3, 2), (4, 2)]\n\nFirst differing element 0:\n(1, 1)\n(1, 0)\n\nSecond list contains 1 additional elements.\nFirst extra element 5:\n(4, 2)\n\n- [(1, 1), (2, 1), (3, 2), (4, 2), (5, 3)]\n+ [(1, 0), (1, 1), (2, 1), (3, 1), (3, 2), (4, 2)]\n\n----------------------------------------------------------------------\nRan 6 tests in 0.004s\n\nFAILED (failures=6)\n```\n\n    ",
    "model_response": {
        "passing_tests_summary": "The new passing tests were passing due to the logic that correctly calculates points along a line between two coordinates, considering both straight and diagonal lines. The code correctly handles cases where the line is perfectly horizontal, vertical, or diagonal, including negative diagonals.",
        "failing_tests_summary": "The tests failed because the code incorrectly includes the ending point in the list of intersecting squares for diagonal movements, does not correctly calculate points for slopes less than 1 and greater than 1, and includes the ending point in the results for these cases as well.",
        "missing_functionality": "To make the failing tests pass, the code needs to exclude the ending point from the list of intersecting squares for all cases. Additionally, it requires a more accurate calculation for slopes less than 1 and greater than 1, ensuring that it rounds the calculated points correctly and does not overshoot or undershoot the intended path.",
        "code": "def compute_intersecting_squares(starting_point, ending_point):\n    x0, y0 = starting_point\n    x1, y1 = ending_point\n    dx = x1 - x0\n    dy = y1 - y0\n    points = []\n    if dx == 0 or dy == 0 or abs(dx) == abs(dy):\n        step_x = 1 if dx > 0 else -1\n        step_y = 1 if dy > 0 else -1\n        for x in range(x0 + step_x, x1, step_x):\n            for y in range(y0 + step_y, y1, step_y):\n                if abs(x - x0) == abs(y - y0):\n                    points.append((x, y))\n    else:\n        slope = dy / dx\n        if abs(slope) < 1:\n            step = 1 if dx > 0 else -1\n            for x in range(x0 + step, x1, step):\n                y = y0 + round(slope * (x - x0))\n                if x != x1:\n                    points.append((x, y))\n        else:\n            step = 1 if dy > 0 else -1\n            for y in range(y0 + step, y1, step):\n                x = x0 + round((y - y0) / slope)\n                if y != y1:\n                    points.append((x, y))\n    return points"
    },
    "tests_summary": {
        "total_count": 6,
        "failed_count": 3,
        "failed_names": [
            "test_half_slope",
            "test_slope_greater_than_1",
            "test_slope_less_than_1"
        ],
        "success_count": 3,
        "test_response": ".F..FF\n======================================================================\nFAIL: test_half_slope (src.example_tests.grid_intersections_test.TestComputeIntersectingSquares.test_half_slope)\n----------------------------------------------------------------------\nTraceback (most recent call last):\n  File \"/Users/jtmcgoffin/Documents/projects/semanticAI/semanticai/src/example_tests/grid_intersections_test.py\", line 27, in test_half_slope\n    self.assertEqual(compute_intersecting_squares(starting_point, ending_point), expected_points)\nAssertionError: Lists differ: [(1, 0), (2, 1), (3, 2), (4, 2), (5, 2)] != [(1, 0), (2, 1), (3, 1), (4, 2), (5, 2)]\n\nFirst differing element 2:\n(3, 2)\n(3, 1)\n\n- [(1, 0), (2, 1), (3, 2), (4, 2), (5, 2)]\n?                          --------\n\n+ [(1, 0), (2, 1), (3, 1), (4, 2), (5, 2)]\n?                      ++++++++\n\n\n======================================================================\nFAIL: test_slope_greater_than_1 (src.example_tests.grid_intersections_test.TestComputeIntersectingSquares.test_slope_greater_than_1)\n----------------------------------------------------------------------\nTraceback (most recent call last):\n  File \"/Users/jtmcgoffin/Documents/projects/semanticAI/semanticai/src/example_tests/grid_intersections_test.py\", line 39, in test_slope_greater_than_1\n    self.assertEqual(compute_intersecting_squares(starting_point, ending_point), expected_points)\nAssertionError: Lists differ: [(0, 1), (1, 2), (1, 3), (2, 4), (2, 5), (3, 6)] != [(0, 1), (0, 2), (1, 2), (1, 3), (1, 4), (2, 4), (2, 5), (2, 6)]\n\nFirst differing element 1:\n(1, 2)\n(0, 2)\n\nSecond list contains 2 additional elements.\nFirst extra element 6:\n(2, 5)\n\n- [(0, 1), (1, 2), (1, 3), (2, 4), (2, 5), (3, 6)]\n?                                           ^\n\n+ [(0, 1), (0, 2), (1, 2), (1, 3), (1, 4), (2, 4), (2, 5), (2, 6)]\n?          ++++++++                ++++++++                 ^\n\n\n======================================================================\nFAIL: test_slope_less_than_1 (src.example_tests.grid_intersections_test.TestComputeIntersectingSquares.test_slope_less_than_1)\n----------------------------------------------------------------------\nTraceback (most recent call last):\n  File \"/Users/jtmcgoffin/Documents/projects/semanticAI/semanticai/src/example_tests/grid_intersections_test.py\", line 33, in test_slope_less_than_1\n    self.assertEqual(compute_intersecting_squares(starting_point, ending_point), expected_points)\nAssertionError: Lists differ: [(1, 1), (2, 1), (3, 2), (4, 2)] != [(1, 0), (1, 1), (2, 1), (3, 1), (3, 2), (4, 2)]\n\nFirst differing element 0:\n(1, 1)\n(1, 0)\n\nSecond list contains 2 additional elements.\nFirst extra element 4:\n(3, 2)\n\n- [(1, 1), (2, 1), (3, 2), (4, 2)]\n+ [(1, 0), (1, 1), (2, 1), (3, 1), (3, 2), (4, 2)]\n?      ++++++++                ++++++++\n\n\n----------------------------------------------------------------------\nRan 6 tests in 0.002s\n\nFAILED (failures=3)\n"
    }
},{
    "prompt": "\n\n    3 of the 6 tests failed. The tests that failed were ['test_half_slope', 'test_slope_greater_than_1', 'test_slope_less_than_1']. \n    \n    The provided code is in the first set of triple backticks, the unittest code used to test the provided code is in the second triple backticks, and the test runner feedback is in the third set of triple backticks. Using the test runner feedback, iterate on the provided code to make the failing tests pass while maintaining that the passing tests continue to pass. \n    \n    Make sure that any non-test errors are addressed first and remove any unused imports. \n    \n    Perform the following actions. The only output should be the JSON object specified in the last step:\n\n    1. Summarize why each failing test failed.\n    2. Summarize the functionality required for the failing tests to pass. Be sure to check that all positional arguments are used in the code.\n    3. Provide the code that contains that functionality.\n    4. Output the above steps in a JSON object in the following format: \n    {\n    \"failing_tests_summary\": \"1\", \n    \"missing_functionality\": \"2\",\n    \"code\": \"3\"}\n\n    code:\n    ```def compute_intersecting_squares(starting_point, ending_point):\n    x0, y0 = starting_point\n    x1, y1 = ending_point\n    dx = x1 - x0\n    dy = y1 - y0\n    points = []\n    if dx == 0 or dy == 0 or abs(dx) == abs(dy):\n        step_x = 1 if dx > 0 else -1\n        step_y = 1 if dy > 0 else -1\n        for x in range(x0 + step_x, x1, step_x):\n            for y in range(y0 + step_y, y1, step_y):\n                if abs(x - x0) == abs(y - y0):\n                    points.append((x, y))\n    else:\n        slope = dy / dx\n        if abs(slope) < 1:\n            step = 1 if dx > 0 else -1\n            for x in range(x0 + step, x1, step):\n                y = y0 + round(slope * (x - x0))\n                if x != x1:\n                    points.append((x, y))\n        else:\n            step = 1 if dy > 0 else -1\n            for y in range(y0 + step, y1, step):\n                x = x0 + round((y - y0) / slope)\n                if y != y1:\n                    points.append((x, y))\n    return points```\n    tests:\n    ```import unittest\nfrom src.example_tests.grid_intersections import compute_intersecting_squares\n\nclass TestComputeIntersectingSquares(unittest.TestCase):\n    def test_diagonal(self):\n        starting_point = (0,0)\n        ending_point = (5,5)\n        expected_points = [(1,1), (2,2), (3,3), (4,4)]\n        self.assertEqual(compute_intersecting_squares(starting_point, ending_point), expected_points)\n\n    def test_negative_diagonal(self):\n        starting_point = (0,0)\n        ending_point = (-5,-5)\n        expected_points = [(-1,-1), (-2,-2), (-3,-3), (-4,-4)]\n        self.assertEqual(compute_intersecting_squares(starting_point, ending_point), expected_points)\n\n    def test_partial_negative_diagonal(self):\n        starting_point = (0,0)\n        ending_point = (5,-5)\n        expected_points = [(1,-1), (2,-2), (3,-3), (4,-4)]\n        self.assertEqual(compute_intersecting_squares(starting_point, ending_point), expected_points)\n\n    def test_half_slope(self):\n        starting_point = (0,0)\n        ending_point = (6,3)\n        expected_points = [(1,0), (2,1), (3,1), (4,2), (5,2)]\n        self.assertEqual(compute_intersecting_squares(starting_point, ending_point), expected_points)\n    \n    def test_slope_less_than_1(self):\n        starting_point = (0,0)\n        ending_point = (5,3)\n        expected_points = [(1,0), (1,1), (2,1), (3,1), (3,2), (4,2)]\n        self.assertEqual(compute_intersecting_squares(starting_point, ending_point), expected_points)\n\n    def test_slope_greater_than_1(self):\n        starting_point = (0,0)\n        ending_point = (3,7)\n        expected_points = [(0,1), (0,2), (1,2), (1,3), (1,4), (2,4), (2,5), (2,6)]\n        self.assertEqual(compute_intersecting_squares(starting_point, ending_point), expected_points)```\n    test runner feedback:\n    ```.F..FF\n======================================================================\nFAIL: test_half_slope (src.example_tests.grid_intersections_test.TestComputeIntersectingSquares.test_half_slope)\n----------------------------------------------------------------------\nTraceback (most recent call last):\n  File \"/Users/jtmcgoffin/Documents/projects/semanticAI/semanticai/src/example_tests/grid_intersections_test.py\", line 27, in test_half_slope\n    self.assertEqual(compute_intersecting_squares(starting_point, ending_point), expected_points)\nAssertionError: Lists differ: [(1, 0), (2, 1), (3, 2), (4, 2), (5, 2)] != [(1, 0), (2, 1), (3, 1), (4, 2), (5, 2)]\n\nFirst differing element 2:\n(3, 2)\n(3, 1)\n\n- [(1, 0), (2, 1), (3, 2), (4, 2), (5, 2)]\n?                          --------\n\n+ [(1, 0), (2, 1), (3, 1), (4, 2), (5, 2)]\n?                      ++++++++\n\n\n======================================================================\nFAIL: test_slope_greater_than_1 (src.example_tests.grid_intersections_test.TestComputeIntersectingSquares.test_slope_greater_than_1)\n----------------------------------------------------------------------\nTraceback (most recent call last):\n  File \"/Users/jtmcgoffin/Documents/projects/semanticAI/semanticai/src/example_tests/grid_intersections_test.py\", line 39, in test_slope_greater_than_1\n    self.assertEqual(compute_intersecting_squares(starting_point, ending_point), expected_points)\nAssertionError: Lists differ: [(0, 1), (1, 2), (1, 3), (2, 4), (2, 5), (3, 6)] != [(0, 1), (0, 2), (1, 2), (1, 3), (1, 4), (2, 4), (2, 5), (2, 6)]\n\nFirst differing element 1:\n(1, 2)\n(0, 2)\n\nSecond list contains 2 additional elements.\nFirst extra element 6:\n(2, 5)\n\n- [(0, 1), (1, 2), (1, 3), (2, 4), (2, 5), (3, 6)]\n?                                           ^\n\n+ [(0, 1), (0, 2), (1, 2), (1, 3), (1, 4), (2, 4), (2, 5), (2, 6)]\n?          ++++++++                ++++++++                 ^\n\n\n======================================================================\nFAIL: test_slope_less_than_1 (src.example_tests.grid_intersections_test.TestComputeIntersectingSquares.test_slope_less_than_1)\n----------------------------------------------------------------------\nTraceback (most recent call last):\n  File \"/Users/jtmcgoffin/Documents/projects/semanticAI/semanticai/src/example_tests/grid_intersections_test.py\", line 33, in test_slope_less_than_1\n    self.assertEqual(compute_intersecting_squares(starting_point, ending_point), expected_points)\nAssertionError: Lists differ: [(1, 1), (2, 1), (3, 2), (4, 2)] != [(1, 0), (1, 1), (2, 1), (3, 1), (3, 2), (4, 2)]\n\nFirst differing element 0:\n(1, 1)\n(1, 0)\n\nSecond list contains 2 additional elements.\nFirst extra element 4:\n(3, 2)\n\n- [(1, 1), (2, 1), (3, 2), (4, 2)]\n+ [(1, 0), (1, 1), (2, 1), (3, 1), (3, 2), (4, 2)]\n?      ++++++++                ++++++++\n\n\n----------------------------------------------------------------------\nRan 6 tests in 0.002s\n\nFAILED (failures=3)\n```\n\n    ",
    "model_response": {
        "failing_tests_summary": "The 'test_half_slope' failed because the expected output had one of the y-values incremented by 1 less than what was calculated, indicating an issue with how the slope was handled when it was exactly 0.5. The 'test_slope_greater_than_1' failed because the expected output had more points than the actual output, suggesting that the calculation for slopes greater than 1 missed generating some points. The 'test_slope_less_than_1' failed because the expected output had additional points that the actual output did not include, indicating that the calculation for slopes less than 1 did not correctly handle all cases.",
        "missing_functionality": "To pass 'test_half_slope', the code needs to correctly handle cases where the slope is exactly 0.5, ensuring that points are generated at each step without skipping any. For 'test_slope_greater_than_1', the code must correctly generate points for steep slopes, ensuring that for each step in y, the corresponding x-values are correctly calculated and included. For 'test_slope_less_than_1', the code must ensure that for each step in x, the corresponding y-values are correctly calculated, especially when multiple x-values map to the same y-value due to the slope being less than 1.",
        "code": "def compute_intersecting_squares(starting_point, ending_point):\n    x0, y0 = starting_point\n    x1, y1 = ending_point\n    dx = x1 - x0\n    dy = y1 - y0\n    points = []\n    if dx == 0 or dy == 0 or abs(dx) == abs(dy):\n        step_x = 1 if dx > 0 else -1\n        step_y = 1 if dy > 0 else -1\n        for x in range(x0 + step_x, x1, step_x):\n            for y in range(y0 + step_y, y1, step_y):\n                if abs(x - x0) == abs(y - y0):\n                    points.append((x, y))\n    else:\n        slope = dy / dx\n        if abs(slope) < 1:\n            step = 1 if dx > 0 else -1\n            for x in range(x0, x1, step):\n                y = y0 + round(slope * (x - x0))\n                if x != x1 and (x, y) not in points:\n                    points.append((x, y))\n        elif abs(slope) == 0.5:\n            step_x = 1 if dx > 0 else -1\n            step_y = 1 if dy > 0 else -1\n            for x in range(x0 + step_x, x1, step_x):\n                y = y0 + round(slope * (x - x0))\n                if x != x1 and (x, y) not in points:\n                    points.append((x, y))\n        else:\n            step = 1 if dy > 0 else -1\n            for y in range(y0, y1, step):\n                x = x0 + round((y - y0) / slope)\n                if y != y1 and (x, y) not in points:\n                    points.append((x, y))\n    return points"
    },
    "tests_summary": {
        "total_count": 6,
        "failed_count": 3,
        "failed_names": [
            "test_half_slope",
            "test_slope_greater_than_1",
            "test_slope_less_than_1"
        ],
        "success_count": 3,
        "test_response": ".F..FF\n======================================================================\nFAIL: test_half_slope (src.example_tests.grid_intersections_test.TestComputeIntersectingSquares.test_half_slope)\n----------------------------------------------------------------------\nTraceback (most recent call last):\n  File \"/Users/jtmcgoffin/Documents/projects/semanticAI/semanticai/src/example_tests/grid_intersections_test.py\", line 27, in test_half_slope\n    self.assertEqual(compute_intersecting_squares(starting_point, ending_point), expected_points)\nAssertionError: Lists differ: [(0, 0), (1, 0), (2, 1), (3, 2), (4, 2), (5, 2)] != [(1, 0), (2, 1), (3, 1), (4, 2), (5, 2)]\n\nFirst differing element 0:\n(0, 0)\n(1, 0)\n\nFirst list contains 1 additional elements.\nFirst extra element 5:\n(5, 2)\n\n- [(0, 0), (1, 0), (2, 1), (3, 2), (4, 2), (5, 2)]\n+ [(1, 0), (2, 1), (3, 1), (4, 2), (5, 2)]\n\n======================================================================\nFAIL: test_slope_greater_than_1 (src.example_tests.grid_intersections_test.TestComputeIntersectingSquares.test_slope_greater_than_1)\n----------------------------------------------------------------------\nTraceback (most recent call last):\n  File \"/Users/jtmcgoffin/Documents/projects/semanticAI/semanticai/src/example_tests/grid_intersections_test.py\", line 39, in test_slope_greater_than_1\n    self.assertEqual(compute_intersecting_squares(starting_point, ending_point), expected_points)\nAssertionError: Lists differ: [(0, 0), (0, 1), (1, 2), (1, 3), (2, 4), (2, 5), (3, 6)] != [(0, 1), (0, 2), (1, 2), (1, 3), (1, 4), (2, 4), (2, 5), (2, 6)]\n\nFirst differing element 0:\n(0, 0)\n(0, 1)\n\nSecond list contains 1 additional elements.\nFirst extra element 7:\n(2, 6)\n\n- [(0, 0), (0, 1), (1, 2), (1, 3), (2, 4), (2, 5), (3, 6)]\n?      ^       ^                                    ^\n\n+ [(0, 1), (0, 2), (1, 2), (1, 3), (1, 4), (2, 4), (2, 5), (2, 6)]\n?      ^       ^                   ++++++++                 ^\n\n\n======================================================================\nFAIL: test_slope_less_than_1 (src.example_tests.grid_intersections_test.TestComputeIntersectingSquares.test_slope_less_than_1)\n----------------------------------------------------------------------\nTraceback (most recent call last):\n  File \"/Users/jtmcgoffin/Documents/projects/semanticAI/semanticai/src/example_tests/grid_intersections_test.py\", line 33, in test_slope_less_than_1\n    self.assertEqual(compute_intersecting_squares(starting_point, ending_point), expected_points)\nAssertionError: Lists differ: [(0, 0), (1, 1), (2, 1), (3, 2), (4, 2)] != [(1, 0), (1, 1), (2, 1), (3, 1), (3, 2), (4, 2)]\n\nFirst differing element 0:\n(0, 0)\n(1, 0)\n\nSecond list contains 1 additional elements.\nFirst extra element 5:\n(4, 2)\n\n- [(0, 0), (1, 1), (2, 1), (3, 2), (4, 2)]\n?   ^\n\n+ [(1, 0), (1, 1), (2, 1), (3, 1), (3, 2), (4, 2)]\n?   ^                          ++++++++\n\n\n----------------------------------------------------------------------\nRan 6 tests in 0.002s\n\nFAILED (failures=3)\n"
    }
},{
    "prompt": "\n\n    3 of the 6 tests failed. The tests that failed were ['test_half_slope', 'test_slope_greater_than_1', 'test_slope_less_than_1']. \n    \n    The provided code is in the first set of triple backticks, the unittest code used to test the provided code is in the second triple backticks, and the test runner feedback is in the third set of triple backticks. Using the test runner feedback, iterate on the provided code to make the failing tests pass while maintaining that the passing tests continue to pass. \n    \n    Make sure that any non-test errors are addressed first and remove any unused imports. \n    \n    Perform the following actions. The only output should be the JSON object specified in the last step:\n\n    1. Summarize why each failing test failed.\n    2. Summarize the functionality required for the failing tests to pass. Be sure to check that all positional arguments are used in the code.\n    3. Provide the code that contains that functionality.\n    4. Output the above steps in a JSON object in the following format: \n    {\n    \"failing_tests_summary\": \"1\", \n    \"missing_functionality\": \"2\",\n    \"code\": \"3\"}\n\n    code:\n    ```def compute_intersecting_squares(starting_point, ending_point):\n    x0, y0 = starting_point\n    x1, y1 = ending_point\n    dx = x1 - x0\n    dy = y1 - y0\n    points = []\n    if dx == 0 or dy == 0 or abs(dx) == abs(dy):\n        step_x = 1 if dx > 0 else -1\n        step_y = 1 if dy > 0 else -1\n        for x in range(x0 + step_x, x1, step_x):\n            for y in range(y0 + step_y, y1, step_y):\n                if abs(x - x0) == abs(y - y0):\n                    points.append((x, y))\n    else:\n        slope = dy / dx\n        if abs(slope) < 1:\n            step = 1 if dx > 0 else -1\n            for x in range(x0, x1, step):\n                y = y0 + round(slope * (x - x0))\n                if x != x1 and (x, y) not in points:\n                    points.append((x, y))\n        elif abs(slope) == 0.5:\n            step_x = 1 if dx > 0 else -1\n            step_y = 1 if dy > 0 else -1\n            for x in range(x0 + step_x, x1, step_x):\n                y = y0 + round(slope * (x - x0))\n                if x != x1 and (x, y) not in points:\n                    points.append((x, y))\n        else:\n            step = 1 if dy > 0 else -1\n            for y in range(y0, y1, step):\n                x = x0 + round((y - y0) / slope)\n                if y != y1 and (x, y) not in points:\n                    points.append((x, y))\n    return points```\n    tests:\n    ```import unittest\nfrom src.example_tests.grid_intersections import compute_intersecting_squares\n\nclass TestComputeIntersectingSquares(unittest.TestCase):\n    def test_diagonal(self):\n        starting_point = (0,0)\n        ending_point = (5,5)\n        expected_points = [(1,1), (2,2), (3,3), (4,4)]\n        self.assertEqual(compute_intersecting_squares(starting_point, ending_point), expected_points)\n\n    def test_negative_diagonal(self):\n        starting_point = (0,0)\n        ending_point = (-5,-5)\n        expected_points = [(-1,-1), (-2,-2), (-3,-3), (-4,-4)]\n        self.assertEqual(compute_intersecting_squares(starting_point, ending_point), expected_points)\n\n    def test_partial_negative_diagonal(self):\n        starting_point = (0,0)\n        ending_point = (5,-5)\n        expected_points = [(1,-1), (2,-2), (3,-3), (4,-4)]\n        self.assertEqual(compute_intersecting_squares(starting_point, ending_point), expected_points)\n\n    def test_half_slope(self):\n        starting_point = (0,0)\n        ending_point = (6,3)\n        expected_points = [(1,0), (2,1), (3,1), (4,2), (5,2)]\n        self.assertEqual(compute_intersecting_squares(starting_point, ending_point), expected_points)\n    \n    def test_slope_less_than_1(self):\n        starting_point = (0,0)\n        ending_point = (5,3)\n        expected_points = [(1,0), (1,1), (2,1), (3,1), (3,2), (4,2)]\n        self.assertEqual(compute_intersecting_squares(starting_point, ending_point), expected_points)\n\n    def test_slope_greater_than_1(self):\n        starting_point = (0,0)\n        ending_point = (3,7)\n        expected_points = [(0,1), (0,2), (1,2), (1,3), (1,4), (2,4), (2,5), (2,6)]\n        self.assertEqual(compute_intersecting_squares(starting_point, ending_point), expected_points)```\n    test runner feedback:\n    ```.F..FF\n======================================================================\nFAIL: test_half_slope (src.example_tests.grid_intersections_test.TestComputeIntersectingSquares.test_half_slope)\n----------------------------------------------------------------------\nTraceback (most recent call last):\n  File \"/Users/jtmcgoffin/Documents/projects/semanticAI/semanticai/src/example_tests/grid_intersections_test.py\", line 27, in test_half_slope\n    self.assertEqual(compute_intersecting_squares(starting_point, ending_point), expected_points)\nAssertionError: Lists differ: [(0, 0), (1, 0), (2, 1), (3, 2), (4, 2), (5, 2)] != [(1, 0), (2, 1), (3, 1), (4, 2), (5, 2)]\n\nFirst differing element 0:\n(0, 0)\n(1, 0)\n\nFirst list contains 1 additional elements.\nFirst extra element 5:\n(5, 2)\n\n- [(0, 0), (1, 0), (2, 1), (3, 2), (4, 2), (5, 2)]\n+ [(1, 0), (2, 1), (3, 1), (4, 2), (5, 2)]\n\n======================================================================\nFAIL: test_slope_greater_than_1 (src.example_tests.grid_intersections_test.TestComputeIntersectingSquares.test_slope_greater_than_1)\n----------------------------------------------------------------------\nTraceback (most recent call last):\n  File \"/Users/jtmcgoffin/Documents/projects/semanticAI/semanticai/src/example_tests/grid_intersections_test.py\", line 39, in test_slope_greater_than_1\n    self.assertEqual(compute_intersecting_squares(starting_point, ending_point), expected_points)\nAssertionError: Lists differ: [(0, 0), (0, 1), (1, 2), (1, 3), (2, 4), (2, 5), (3, 6)] != [(0, 1), (0, 2), (1, 2), (1, 3), (1, 4), (2, 4), (2, 5), (2, 6)]\n\nFirst differing element 0:\n(0, 0)\n(0, 1)\n\nSecond list contains 1 additional elements.\nFirst extra element 7:\n(2, 6)\n\n- [(0, 0), (0, 1), (1, 2), (1, 3), (2, 4), (2, 5), (3, 6)]\n?      ^       ^                                    ^\n\n+ [(0, 1), (0, 2), (1, 2), (1, 3), (1, 4), (2, 4), (2, 5), (2, 6)]\n?      ^       ^                   ++++++++                 ^\n\n\n======================================================================\nFAIL: test_slope_less_than_1 (src.example_tests.grid_intersections_test.TestComputeIntersectingSquares.test_slope_less_than_1)\n----------------------------------------------------------------------\nTraceback (most recent call last):\n  File \"/Users/jtmcgoffin/Documents/projects/semanticAI/semanticai/src/example_tests/grid_intersections_test.py\", line 33, in test_slope_less_than_1\n    self.assertEqual(compute_intersecting_squares(starting_point, ending_point), expected_points)\nAssertionError: Lists differ: [(0, 0), (1, 1), (2, 1), (3, 2), (4, 2)] != [(1, 0), (1, 1), (2, 1), (3, 1), (3, 2), (4, 2)]\n\nFirst differing element 0:\n(0, 0)\n(1, 0)\n\nSecond list contains 1 additional elements.\nFirst extra element 5:\n(4, 2)\n\n- [(0, 0), (1, 1), (2, 1), (3, 2), (4, 2)]\n?   ^\n\n+ [(1, 0), (1, 1), (2, 1), (3, 1), (3, 2), (4, 2)]\n?   ^                          ++++++++\n\n\n----------------------------------------------------------------------\nRan 6 tests in 0.002s\n\nFAILED (failures=3)\n```\n\n    ",
    "model_response": {
        "failing_tests_summary": "The 'test_half_slope' failed because the expected points did not match the actual points calculated by the function, indicating an issue with handling slopes of 0.5. The 'test_slope_less_than_1' test failed due to incorrect handling of slopes less than 1, resulting in a mismatch of expected and actual points. Lastly, the 'test_slope_greater_than_1' failed because the function did not correctly handle slopes greater than 1, leading to a different set of points than expected.",
        "missing_functionality": "To make the failing tests pass, the code must correctly handle slopes of 0.5, slopes less than 1, and slopes greater than 1. For the slope of 0.5, it should correctly calculate the points that intersect with grid lines considering the slope. For slopes less than 1, it needs to ensure that it calculates additional points that intersect with the x-axis more frequently than the y-axis. For slopes greater than 1, it should calculate points intersecting with the y-axis more frequently than the x-axis. Additionally, the code must correctly start the calculation from the starting point without including it in the result set.",
        "code": "def compute_intersecting_squares(starting_point, ending_point):\n    x0, y0 = starting_point\n    x1, y1 = ending_point\n    dx = x1 - x0\n    dy = y1 - y0\n    points = []\n    if dx == 0 or dy == 0 or abs(dx) == abs(dy):\n        step_x = 1 if dx > 0 else -1\n        step_y = 1 if dy > 0 else -1\n        for x in range(x0 + step_x, x1, step_x):\n            for y in range(y0 + step_y, y1, step_y):\n                if abs(x - x0) == abs(y - y0):\n                    points.append((x, y))\n    else:\n        slope = dy / dx\n        if abs(slope) < 1:\n            step = 1 if dx > 0 else -1\n            for x in range(x0 + step, x1, step):\n                y = y0 + round(slope * (x - x0))\n                if (x, y) not in points:\n                    points.append((x, y))\n        elif abs(slope) == 0.5:\n            step_x = 1 if dx > 0 else -1\n            step_y = round(0.5 * step_x)\n            x = x0\n            y = y0\n            while (x != x1-step_x) and (y != y1-step_y):\n                x += step_x\n                y += step_y\n                if (x, y) not in points:\n                    points.append((x, y))\n        else:\n            step = 1 if dy > 0 else -1\n            for y in range(y0 + step, y1, step):\n                x = x0 + round((y - y0) / slope)\n                if (x, y) not in points:\n                    points.append((x, y))\n    return points"
    },
    "tests_summary": {
        "total_count": 6,
        "failed_count": 3,
        "failed_names": [
            "test_half_slope",
            "test_slope_greater_than_1",
            "test_slope_less_than_1"
        ],
        "success_count": 3,
        "test_response": ".F..FF\n======================================================================\nFAIL: test_half_slope (src.example_tests.grid_intersections_test.TestComputeIntersectingSquares.test_half_slope)\n----------------------------------------------------------------------\nTraceback (most recent call last):\n  File \"/Users/jtmcgoffin/Documents/projects/semanticAI/semanticai/src/example_tests/grid_intersections_test.py\", line 27, in test_half_slope\n    self.assertEqual(compute_intersecting_squares(starting_point, ending_point), expected_points)\nAssertionError: Lists differ: [(1, 0), (2, 1), (3, 2), (4, 2), (5, 2)] != [(1, 0), (2, 1), (3, 1), (4, 2), (5, 2)]\n\nFirst differing element 2:\n(3, 2)\n(3, 1)\n\n- [(1, 0), (2, 1), (3, 2), (4, 2), (5, 2)]\n?                          --------\n\n+ [(1, 0), (2, 1), (3, 1), (4, 2), (5, 2)]\n?                      ++++++++\n\n\n======================================================================\nFAIL: test_slope_greater_than_1 (src.example_tests.grid_intersections_test.TestComputeIntersectingSquares.test_slope_greater_than_1)\n----------------------------------------------------------------------\nTraceback (most recent call last):\n  File \"/Users/jtmcgoffin/Documents/projects/semanticAI/semanticai/src/example_tests/grid_intersections_test.py\", line 39, in test_slope_greater_than_1\n    self.assertEqual(compute_intersecting_squares(starting_point, ending_point), expected_points)\nAssertionError: Lists differ: [(0, 1), (1, 2), (1, 3), (2, 4), (2, 5), (3, 6)] != [(0, 1), (0, 2), (1, 2), (1, 3), (1, 4), (2, 4), (2, 5), (2, 6)]\n\nFirst differing element 1:\n(1, 2)\n(0, 2)\n\nSecond list contains 2 additional elements.\nFirst extra element 6:\n(2, 5)\n\n- [(0, 1), (1, 2), (1, 3), (2, 4), (2, 5), (3, 6)]\n?                                           ^\n\n+ [(0, 1), (0, 2), (1, 2), (1, 3), (1, 4), (2, 4), (2, 5), (2, 6)]\n?          ++++++++                ++++++++                 ^\n\n\n======================================================================\nFAIL: test_slope_less_than_1 (src.example_tests.grid_intersections_test.TestComputeIntersectingSquares.test_slope_less_than_1)\n----------------------------------------------------------------------\nTraceback (most recent call last):\n  File \"/Users/jtmcgoffin/Documents/projects/semanticAI/semanticai/src/example_tests/grid_intersections_test.py\", line 33, in test_slope_less_than_1\n    self.assertEqual(compute_intersecting_squares(starting_point, ending_point), expected_points)\nAssertionError: Lists differ: [(1, 1), (2, 1), (3, 2), (4, 2)] != [(1, 0), (1, 1), (2, 1), (3, 1), (3, 2), (4, 2)]\n\nFirst differing element 0:\n(1, 1)\n(1, 0)\n\nSecond list contains 2 additional elements.\nFirst extra element 4:\n(3, 2)\n\n- [(1, 1), (2, 1), (3, 2), (4, 2)]\n+ [(1, 0), (1, 1), (2, 1), (3, 1), (3, 2), (4, 2)]\n?      ++++++++                ++++++++\n\n\n----------------------------------------------------------------------\nRan 6 tests in 0.002s\n\nFAILED (failures=3)\n"
    }
},{
    "prompt": "\n\n    3 of the 6 tests failed. The tests that failed were ['test_half_slope', 'test_slope_greater_than_1', 'test_slope_less_than_1']. \n    \n    The provided code is in the first set of triple backticks, the unittest code used to test the provided code is in the second triple backticks, and the test runner feedback is in the third set of triple backticks. Using the test runner feedback, iterate on the provided code to make the failing tests pass while maintaining that the passing tests continue to pass. \n    \n    Make sure that any non-test errors are addressed first and remove any unused imports. \n    \n    Perform the following actions. The only output should be the JSON object specified in the last step:\n\n    1. Summarize why each failing test failed.\n    2. Summarize the functionality required for the failing tests to pass. Be sure to check that all positional arguments are used in the code.\n    3. Provide the code that contains that functionality.\n    4. Output the above steps in a JSON object in the following format: \n    {\n    \"failing_tests_summary\": \"1\", \n    \"missing_functionality\": \"2\",\n    \"code\": \"3\"}\n\n    code:\n    ```def compute_intersecting_squares(starting_point, ending_point):\n    x0, y0 = starting_point\n    x1, y1 = ending_point\n    dx = x1 - x0\n    dy = y1 - y0\n    points = []\n    if dx == 0 or dy == 0 or abs(dx) == abs(dy):\n        step_x = 1 if dx > 0 else -1\n        step_y = 1 if dy > 0 else -1\n        for x in range(x0 + step_x, x1, step_x):\n            for y in range(y0 + step_y, y1, step_y):\n                if abs(x - x0) == abs(y - y0):\n                    points.append((x, y))\n    else:\n        slope = dy / dx\n        if abs(slope) < 1:\n            step = 1 if dx > 0 else -1\n            for x in range(x0 + step, x1, step):\n                y = y0 + round(slope * (x - x0))\n                if (x, y) not in points:\n                    points.append((x, y))\n        elif abs(slope) == 0.5:\n            step_x = 1 if dx > 0 else -1\n            step_y = round(0.5 * step_x)\n            x = x0\n            y = y0\n            while (x != x1-step_x) and (y != y1-step_y):\n                x += step_x\n                y += step_y\n                if (x, y) not in points:\n                    points.append((x, y))\n        else:\n            step = 1 if dy > 0 else -1\n            for y in range(y0 + step, y1, step):\n                x = x0 + round((y - y0) / slope)\n                if (x, y) not in points:\n                    points.append((x, y))\n    return points```\n    tests:\n    ```import unittest\nfrom src.example_tests.grid_intersections import compute_intersecting_squares\n\nclass TestComputeIntersectingSquares(unittest.TestCase):\n    def test_diagonal(self):\n        starting_point = (0,0)\n        ending_point = (5,5)\n        expected_points = [(1,1), (2,2), (3,3), (4,4)]\n        self.assertEqual(compute_intersecting_squares(starting_point, ending_point), expected_points)\n\n    def test_negative_diagonal(self):\n        starting_point = (0,0)\n        ending_point = (-5,-5)\n        expected_points = [(-1,-1), (-2,-2), (-3,-3), (-4,-4)]\n        self.assertEqual(compute_intersecting_squares(starting_point, ending_point), expected_points)\n\n    def test_partial_negative_diagonal(self):\n        starting_point = (0,0)\n        ending_point = (5,-5)\n        expected_points = [(1,-1), (2,-2), (3,-3), (4,-4)]\n        self.assertEqual(compute_intersecting_squares(starting_point, ending_point), expected_points)\n\n    def test_half_slope(self):\n        starting_point = (0,0)\n        ending_point = (6,3)\n        expected_points = [(1,0), (2,1), (3,1), (4,2), (5,2)]\n        self.assertEqual(compute_intersecting_squares(starting_point, ending_point), expected_points)\n    \n    def test_slope_less_than_1(self):\n        starting_point = (0,0)\n        ending_point = (5,3)\n        expected_points = [(1,0), (1,1), (2,1), (3,1), (3,2), (4,2)]\n        self.assertEqual(compute_intersecting_squares(starting_point, ending_point), expected_points)\n\n    def test_slope_greater_than_1(self):\n        starting_point = (0,0)\n        ending_point = (3,7)\n        expected_points = [(0,1), (0,2), (1,2), (1,3), (1,4), (2,4), (2,5), (2,6)]\n        self.assertEqual(compute_intersecting_squares(starting_point, ending_point), expected_points)```\n    test runner feedback:\n    ```.F..FF\n======================================================================\nFAIL: test_half_slope (src.example_tests.grid_intersections_test.TestComputeIntersectingSquares.test_half_slope)\n----------------------------------------------------------------------\nTraceback (most recent call last):\n  File \"/Users/jtmcgoffin/Documents/projects/semanticAI/semanticai/src/example_tests/grid_intersections_test.py\", line 27, in test_half_slope\n    self.assertEqual(compute_intersecting_squares(starting_point, ending_point), expected_points)\nAssertionError: Lists differ: [(1, 0), (2, 1), (3, 2), (4, 2), (5, 2)] != [(1, 0), (2, 1), (3, 1), (4, 2), (5, 2)]\n\nFirst differing element 2:\n(3, 2)\n(3, 1)\n\n- [(1, 0), (2, 1), (3, 2), (4, 2), (5, 2)]\n?                          --------\n\n+ [(1, 0), (2, 1), (3, 1), (4, 2), (5, 2)]\n?                      ++++++++\n\n\n======================================================================\nFAIL: test_slope_greater_than_1 (src.example_tests.grid_intersections_test.TestComputeIntersectingSquares.test_slope_greater_than_1)\n----------------------------------------------------------------------\nTraceback (most recent call last):\n  File \"/Users/jtmcgoffin/Documents/projects/semanticAI/semanticai/src/example_tests/grid_intersections_test.py\", line 39, in test_slope_greater_than_1\n    self.assertEqual(compute_intersecting_squares(starting_point, ending_point), expected_points)\nAssertionError: Lists differ: [(0, 1), (1, 2), (1, 3), (2, 4), (2, 5), (3, 6)] != [(0, 1), (0, 2), (1, 2), (1, 3), (1, 4), (2, 4), (2, 5), (2, 6)]\n\nFirst differing element 1:\n(1, 2)\n(0, 2)\n\nSecond list contains 2 additional elements.\nFirst extra element 6:\n(2, 5)\n\n- [(0, 1), (1, 2), (1, 3), (2, 4), (2, 5), (3, 6)]\n?                                           ^\n\n+ [(0, 1), (0, 2), (1, 2), (1, 3), (1, 4), (2, 4), (2, 5), (2, 6)]\n?          ++++++++                ++++++++                 ^\n\n\n======================================================================\nFAIL: test_slope_less_than_1 (src.example_tests.grid_intersections_test.TestComputeIntersectingSquares.test_slope_less_than_1)\n----------------------------------------------------------------------\nTraceback (most recent call last):\n  File \"/Users/jtmcgoffin/Documents/projects/semanticAI/semanticai/src/example_tests/grid_intersections_test.py\", line 33, in test_slope_less_than_1\n    self.assertEqual(compute_intersecting_squares(starting_point, ending_point), expected_points)\nAssertionError: Lists differ: [(1, 1), (2, 1), (3, 2), (4, 2)] != [(1, 0), (1, 1), (2, 1), (3, 1), (3, 2), (4, 2)]\n\nFirst differing element 0:\n(1, 1)\n(1, 0)\n\nSecond list contains 2 additional elements.\nFirst extra element 4:\n(3, 2)\n\n- [(1, 1), (2, 1), (3, 2), (4, 2)]\n+ [(1, 0), (1, 1), (2, 1), (3, 1), (3, 2), (4, 2)]\n?      ++++++++                ++++++++\n\n\n----------------------------------------------------------------------\nRan 6 tests in 0.002s\n\nFAILED (failures=3)\n```\n\n    ",
    "model_response": {
        "failing_tests_summary": "The 'test_half_slope' failed because it expected a point (3, 1) but got (3, 2) instead, indicating an issue with how half slopes are handled. The 'test_slope_greater_than_1' failed because it expected additional points (0, 2) and (1, 4) that were not included in the output, suggesting incorrect handling of slopes greater than 1. The 'test_slope_less_than_1' failed because it expected points (1, 0) and (3, 1) that were not included, indicating a problem with handling slopes less than 1.",
        "missing_functionality": "To pass the failing tests, the code needs to correctly handle half slopes, slopes greater than 1, and slopes less than 1. For half slopes, it must accurately calculate intermediate points that reflect the half slope progression. For slopes greater than 1, it needs to ensure that for each step in y, the corresponding x values are calculated correctly to include all intersecting squares. For slopes less than 1, it should accurately calculate and include all intersecting squares by correctly stepping through x and calculating the corresponding y values.",
        "code": "def compute_intersecting_squares(starting_point, ending_point):\n    x0, y0 = starting_point\n    x1, y1 = ending_point\n    dx = x1 - x0\n    dy = y1 - y0\n    points = []\n    if dx == 0 or dy == 0 or abs(dx) == abs(dy):\n        step_x = 1 if dx > 0 else -1\n        step_y = 1 if dy > 0 else -1\n        for x in range(x0, x1, step_x):\n            for y in range(y0, y1, step_y):\n                if abs(x - x0) == abs(y - y0):\n                    points.append((x, y))\n    else:\n        slope = dy / dx\n        if abs(slope) < 1:\n            step = 1 if dx > 0 else -1\n            for x in range(x0, x1, step):\n                y = y0 + round(slope * (x - x0))\n                if (x, y) not in points:\n                    points.append((x, y))\n        elif abs(slope) <= 0.5:\n            step_x = 1 if dx > 0 else -1\n            step_y = round(0.5 * step_x)\n            x = x0\n            y = y0\n            while (x != x1) and (y != y1):\n                x += step_x\n                y += step_y\n                if (x, y) not in points:\n                    points.append((x, y))\n        else:\n            step = 1 if dy > 0 else -1\n            for y in range(y0, y1, step):\n                x = x0 + round((y - y0) / slope)\n                if (x, y) not in points:\n                    points.append((x, y))\n    return points"
    },
    "tests_summary": {
        "total_count": 6,
        "failed_count": 6,
        "failed_names": [
            "test_diagonal",
            "test_half_slope",
            "test_negative_diagonal",
            "test_partial_negative_diagonal",
            "test_slope_greater_than_1",
            "test_slope_less_than_1"
        ],
        "success_count": 0,
        "test_response": "FFFFFF\n======================================================================\nFAIL: test_diagonal (src.example_tests.grid_intersections_test.TestComputeIntersectingSquares.test_diagonal)\n----------------------------------------------------------------------\nTraceback (most recent call last):\n  File \"/Users/jtmcgoffin/Documents/projects/semanticAI/semanticai/src/example_tests/grid_intersections_test.py\", line 9, in test_diagonal\n    self.assertEqual(compute_intersecting_squares(starting_point, ending_point), expected_points)\nAssertionError: Lists differ: [(0, 0), (1, 1), (2, 2), (3, 3), (4, 4)] != [(1, 1), (2, 2), (3, 3), (4, 4)]\n\nFirst differing element 0:\n(0, 0)\n(1, 1)\n\nFirst list contains 1 additional elements.\nFirst extra element 4:\n(4, 4)\n\n- [(0, 0), (1, 1), (2, 2), (3, 3), (4, 4)]\n?  --------\n\n+ [(1, 1), (2, 2), (3, 3), (4, 4)]\n\n======================================================================\nFAIL: test_half_slope (src.example_tests.grid_intersections_test.TestComputeIntersectingSquares.test_half_slope)\n----------------------------------------------------------------------\nTraceback (most recent call last):\n  File \"/Users/jtmcgoffin/Documents/projects/semanticAI/semanticai/src/example_tests/grid_intersections_test.py\", line 27, in test_half_slope\n    self.assertEqual(compute_intersecting_squares(starting_point, ending_point), expected_points)\nAssertionError: Lists differ: [(0, 0), (1, 0), (2, 1), (3, 2), (4, 2), (5, 2)] != [(1, 0), (2, 1), (3, 1), (4, 2), (5, 2)]\n\nFirst differing element 0:\n(0, 0)\n(1, 0)\n\nFirst list contains 1 additional elements.\nFirst extra element 5:\n(5, 2)\n\n- [(0, 0), (1, 0), (2, 1), (3, 2), (4, 2), (5, 2)]\n+ [(1, 0), (2, 1), (3, 1), (4, 2), (5, 2)]\n\n======================================================================\nFAIL: test_negative_diagonal (src.example_tests.grid_intersections_test.TestComputeIntersectingSquares.test_negative_diagonal)\n----------------------------------------------------------------------\nTraceback (most recent call last):\n  File \"/Users/jtmcgoffin/Documents/projects/semanticAI/semanticai/src/example_tests/grid_intersections_test.py\", line 15, in test_negative_diagonal\n    self.assertEqual(compute_intersecting_squares(starting_point, ending_point), expected_points)\nAssertionError: Lists differ: [(0, 0), (-1, -1), (-2, -2), (-3, -3), (-4, -4)] != [(-1, -1), (-2, -2), (-3, -3), (-4, -4)]\n\nFirst differing element 0:\n(0, 0)\n(-1, -1)\n\nFirst list contains 1 additional elements.\nFirst extra element 4:\n(-4, -4)\n\n- [(0, 0), (-1, -1), (-2, -2), (-3, -3), (-4, -4)]\n?  --------\n\n+ [(-1, -1), (-2, -2), (-3, -3), (-4, -4)]\n\n======================================================================\nFAIL: test_partial_negative_diagonal (src.example_tests.grid_intersections_test.TestComputeIntersectingSquares.test_partial_negative_diagonal)\n----------------------------------------------------------------------\nTraceback (most recent call last):\n  File \"/Users/jtmcgoffin/Documents/projects/semanticAI/semanticai/src/example_tests/grid_intersections_test.py\", line 21, in test_partial_negative_diagonal\n    self.assertEqual(compute_intersecting_squares(starting_point, ending_point), expected_points)\nAssertionError: Lists differ: [(0, 0), (1, -1), (2, -2), (3, -3), (4, -4)] != [(1, -1), (2, -2), (3, -3), (4, -4)]\n\nFirst differing element 0:\n(0, 0)\n(1, -1)\n\nFirst list contains 1 additional elements.\nFirst extra element 4:\n(4, -4)\n\n- [(0, 0), (1, -1), (2, -2), (3, -3), (4, -4)]\n?  --------\n\n+ [(1, -1), (2, -2), (3, -3), (4, -4)]\n\n======================================================================\nFAIL: test_slope_greater_than_1 (src.example_tests.grid_intersections_test.TestComputeIntersectingSquares.test_slope_greater_than_1)\n----------------------------------------------------------------------\nTraceback (most recent call last):\n  File \"/Users/jtmcgoffin/Documents/projects/semanticAI/semanticai/src/example_tests/grid_intersections_test.py\", line 39, in test_slope_greater_than_1\n    self.assertEqual(compute_intersecting_squares(starting_point, ending_point), expected_points)\nAssertionError: Lists differ: [(0, 0), (0, 1), (1, 2), (1, 3), (2, 4), (2, 5), (3, 6)] != [(0, 1), (0, 2), (1, 2), (1, 3), (1, 4), (2, 4), (2, 5), (2, 6)]\n\nFirst differing element 0:\n(0, 0)\n(0, 1)\n\nSecond list contains 1 additional elements.\nFirst extra element 7:\n(2, 6)\n\n- [(0, 0), (0, 1), (1, 2), (1, 3), (2, 4), (2, 5), (3, 6)]\n?      ^       ^                                    ^\n\n+ [(0, 1), (0, 2), (1, 2), (1, 3), (1, 4), (2, 4), (2, 5), (2, 6)]\n?      ^       ^                   ++++++++                 ^\n\n\n======================================================================\nFAIL: test_slope_less_than_1 (src.example_tests.grid_intersections_test.TestComputeIntersectingSquares.test_slope_less_than_1)\n----------------------------------------------------------------------\nTraceback (most recent call last):\n  File \"/Users/jtmcgoffin/Documents/projects/semanticAI/semanticai/src/example_tests/grid_intersections_test.py\", line 33, in test_slope_less_than_1\n    self.assertEqual(compute_intersecting_squares(starting_point, ending_point), expected_points)\nAssertionError: Lists differ: [(0, 0), (1, 1), (2, 1), (3, 2), (4, 2)] != [(1, 0), (1, 1), (2, 1), (3, 1), (3, 2), (4, 2)]\n\nFirst differing element 0:\n(0, 0)\n(1, 0)\n\nSecond list contains 1 additional elements.\nFirst extra element 5:\n(4, 2)\n\n- [(0, 0), (1, 1), (2, 1), (3, 2), (4, 2)]\n?   ^\n\n+ [(1, 0), (1, 1), (2, 1), (3, 1), (3, 2), (4, 2)]\n?   ^                          ++++++++\n\n\n----------------------------------------------------------------------\nRan 6 tests in 0.003s\n\nFAILED (failures=6)\n"
    }
},{
    "prompt": "\n\n    The provided code has regressed! The tests that were previously passing and are now failing are ['test_diagonal', 'test_negative_diagonal', 'test_partial_negative_diagonal'].\n\n    Iterate on the non-regressed code, using the test runner feedback, to maintain that ['test_diagonal', 'test_negative_diagonal', 'test_partial_negative_diagonal'] continue to pass while making the failing tests pass. \n    \n    The non-regressed code is in the first set of triple backticks, the unittest code used to test the non-regressed code is in the second triple backticks, and the test runner feedback is in the third set of triple backticks.\n    \n    Make sure that any non-test errors are addressed first and remove any unused imports. \n    \n    Perform the following actions. The only output should be the JSON object specified in the last step:\n\n    1. State what in the code made the new passing tests pass.\n    2. Summarize why each failing test failed.\n    3. Summarize the functionality required for the failing tests to pass. Be sure to check that all positional arguments are used in the code.\n    4. Provide the code that contains that functionality.\n    5. Output the above steps in a JSON object in the following format: \n    {\n    \"passing_tests_summary\": \"1\",\n    \"failing_tests_summary\": \"2\", \n    \"missing_functionality\": \"3\",\n    \"code\": \"4\"}\n\n    code:\n    ```def compute_intersecting_squares(starting_point, ending_point):\n    x0, y0 = starting_point\n    x1, y1 = ending_point\n    dx = x1 - x0\n    dy = y1 - y0\n    points = []\n    if dx == 0 or dy == 0 or abs(dx) == abs(dy):\n        step_x = 1 if dx > 0 else -1\n        step_y = 1 if dy > 0 else -1\n        for x in range(x0 + step_x, x1, step_x):\n            for y in range(y0 + step_y, y1, step_y):\n                if abs(x - x0) == abs(y - y0):\n                    points.append((x, y))\n    else:\n        slope = dy / dx\n        if abs(slope) < 1:\n            step = 1 if dx > 0 else -1\n            for x in range(x0 + step, x1, step):\n                y = y0 + round(slope * (x - x0))\n                points.append((x, y))\n        else:\n            step = 1 if dy > 0 else -1\n            for y in range(y0 + step, y1, step):\n                x = x0 + round((y - y0) / slope)\n                points.append((x, y))\n    return points```\n    tests:\n    ```import unittest\nfrom src.example_tests.grid_intersections import compute_intersecting_squares\n\nclass TestComputeIntersectingSquares(unittest.TestCase):\n    def test_diagonal(self):\n        starting_point = (0,0)\n        ending_point = (5,5)\n        expected_points = [(1,1), (2,2), (3,3), (4,4)]\n        self.assertEqual(compute_intersecting_squares(starting_point, ending_point), expected_points)\n\n    def test_negative_diagonal(self):\n        starting_point = (0,0)\n        ending_point = (-5,-5)\n        expected_points = [(-1,-1), (-2,-2), (-3,-3), (-4,-4)]\n        self.assertEqual(compute_intersecting_squares(starting_point, ending_point), expected_points)\n\n    def test_partial_negative_diagonal(self):\n        starting_point = (0,0)\n        ending_point = (5,-5)\n        expected_points = [(1,-1), (2,-2), (3,-3), (4,-4)]\n        self.assertEqual(compute_intersecting_squares(starting_point, ending_point), expected_points)\n\n    def test_half_slope(self):\n        starting_point = (0,0)\n        ending_point = (6,3)\n        expected_points = [(1,0), (2,1), (3,1), (4,2), (5,2)]\n        self.assertEqual(compute_intersecting_squares(starting_point, ending_point), expected_points)\n    \n    def test_slope_less_than_1(self):\n        starting_point = (0,0)\n        ending_point = (5,3)\n        expected_points = [(1,0), (1,1), (2,1), (3,1), (3,2), (4,2)]\n        self.assertEqual(compute_intersecting_squares(starting_point, ending_point), expected_points)\n\n    def test_slope_greater_than_1(self):\n        starting_point = (0,0)\n        ending_point = (3,7)\n        expected_points = [(0,1), (0,2), (1,2), (1,3), (1,4), (2,4), (2,5), (2,6)]\n        self.assertEqual(compute_intersecting_squares(starting_point, ending_point), expected_points)```\n    test runner feedback:\n    ```FFFFFF\n======================================================================\nFAIL: test_diagonal (src.example_tests.grid_intersections_test.TestComputeIntersectingSquares.test_diagonal)\n----------------------------------------------------------------------\nTraceback (most recent call last):\n  File \"/Users/jtmcgoffin/Documents/projects/semanticAI/semanticai/src/example_tests/grid_intersections_test.py\", line 9, in test_diagonal\n    self.assertEqual(compute_intersecting_squares(starting_point, ending_point), expected_points)\nAssertionError: Lists differ: [(0, 0), (1, 1), (2, 2), (3, 3), (4, 4)] != [(1, 1), (2, 2), (3, 3), (4, 4)]\n\nFirst differing element 0:\n(0, 0)\n(1, 1)\n\nFirst list contains 1 additional elements.\nFirst extra element 4:\n(4, 4)\n\n- [(0, 0), (1, 1), (2, 2), (3, 3), (4, 4)]\n?  --------\n\n+ [(1, 1), (2, 2), (3, 3), (4, 4)]\n\n======================================================================\nFAIL: test_half_slope (src.example_tests.grid_intersections_test.TestComputeIntersectingSquares.test_half_slope)\n----------------------------------------------------------------------\nTraceback (most recent call last):\n  File \"/Users/jtmcgoffin/Documents/projects/semanticAI/semanticai/src/example_tests/grid_intersections_test.py\", line 27, in test_half_slope\n    self.assertEqual(compute_intersecting_squares(starting_point, ending_point), expected_points)\nAssertionError: Lists differ: [(0, 0), (1, 0), (2, 1), (3, 2), (4, 2), (5, 2)] != [(1, 0), (2, 1), (3, 1), (4, 2), (5, 2)]\n\nFirst differing element 0:\n(0, 0)\n(1, 0)\n\nFirst list contains 1 additional elements.\nFirst extra element 5:\n(5, 2)\n\n- [(0, 0), (1, 0), (2, 1), (3, 2), (4, 2), (5, 2)]\n+ [(1, 0), (2, 1), (3, 1), (4, 2), (5, 2)]\n\n======================================================================\nFAIL: test_negative_diagonal (src.example_tests.grid_intersections_test.TestComputeIntersectingSquares.test_negative_diagonal)\n----------------------------------------------------------------------\nTraceback (most recent call last):\n  File \"/Users/jtmcgoffin/Documents/projects/semanticAI/semanticai/src/example_tests/grid_intersections_test.py\", line 15, in test_negative_diagonal\n    self.assertEqual(compute_intersecting_squares(starting_point, ending_point), expected_points)\nAssertionError: Lists differ: [(0, 0), (-1, -1), (-2, -2), (-3, -3), (-4, -4)] != [(-1, -1), (-2, -2), (-3, -3), (-4, -4)]\n\nFirst differing element 0:\n(0, 0)\n(-1, -1)\n\nFirst list contains 1 additional elements.\nFirst extra element 4:\n(-4, -4)\n\n- [(0, 0), (-1, -1), (-2, -2), (-3, -3), (-4, -4)]\n?  --------\n\n+ [(-1, -1), (-2, -2), (-3, -3), (-4, -4)]\n\n======================================================================\nFAIL: test_partial_negative_diagonal (src.example_tests.grid_intersections_test.TestComputeIntersectingSquares.test_partial_negative_diagonal)\n----------------------------------------------------------------------\nTraceback (most recent call last):\n  File \"/Users/jtmcgoffin/Documents/projects/semanticAI/semanticai/src/example_tests/grid_intersections_test.py\", line 21, in test_partial_negative_diagonal\n    self.assertEqual(compute_intersecting_squares(starting_point, ending_point), expected_points)\nAssertionError: Lists differ: [(0, 0), (1, -1), (2, -2), (3, -3), (4, -4)] != [(1, -1), (2, -2), (3, -3), (4, -4)]\n\nFirst differing element 0:\n(0, 0)\n(1, -1)\n\nFirst list contains 1 additional elements.\nFirst extra element 4:\n(4, -4)\n\n- [(0, 0), (1, -1), (2, -2), (3, -3), (4, -4)]\n?  --------\n\n+ [(1, -1), (2, -2), (3, -3), (4, -4)]\n\n======================================================================\nFAIL: test_slope_greater_than_1 (src.example_tests.grid_intersections_test.TestComputeIntersectingSquares.test_slope_greater_than_1)\n----------------------------------------------------------------------\nTraceback (most recent call last):\n  File \"/Users/jtmcgoffin/Documents/projects/semanticAI/semanticai/src/example_tests/grid_intersections_test.py\", line 39, in test_slope_greater_than_1\n    self.assertEqual(compute_intersecting_squares(starting_point, ending_point), expected_points)\nAssertionError: Lists differ: [(0, 0), (0, 1), (1, 2), (1, 3), (2, 4), (2, 5), (3, 6)] != [(0, 1), (0, 2), (1, 2), (1, 3), (1, 4), (2, 4), (2, 5), (2, 6)]\n\nFirst differing element 0:\n(0, 0)\n(0, 1)\n\nSecond list contains 1 additional elements.\nFirst extra element 7:\n(2, 6)\n\n- [(0, 0), (0, 1), (1, 2), (1, 3), (2, 4), (2, 5), (3, 6)]\n?      ^       ^                                    ^\n\n+ [(0, 1), (0, 2), (1, 2), (1, 3), (1, 4), (2, 4), (2, 5), (2, 6)]\n?      ^       ^                   ++++++++                 ^\n\n\n======================================================================\nFAIL: test_slope_less_than_1 (src.example_tests.grid_intersections_test.TestComputeIntersectingSquares.test_slope_less_than_1)\n----------------------------------------------------------------------\nTraceback (most recent call last):\n  File \"/Users/jtmcgoffin/Documents/projects/semanticAI/semanticai/src/example_tests/grid_intersections_test.py\", line 33, in test_slope_less_than_1\n    self.assertEqual(compute_intersecting_squares(starting_point, ending_point), expected_points)\nAssertionError: Lists differ: [(0, 0), (1, 1), (2, 1), (3, 2), (4, 2)] != [(1, 0), (1, 1), (2, 1), (3, 1), (3, 2), (4, 2)]\n\nFirst differing element 0:\n(0, 0)\n(1, 0)\n\nSecond list contains 1 additional elements.\nFirst extra element 5:\n(4, 2)\n\n- [(0, 0), (1, 1), (2, 1), (3, 2), (4, 2)]\n?   ^\n\n+ [(1, 0), (1, 1), (2, 1), (3, 1), (3, 2), (4, 2)]\n?   ^                          ++++++++\n\n\n----------------------------------------------------------------------\nRan 6 tests in 0.003s\n\nFAILED (failures=6)\n```\n\n    ",
    "model_response": {
        "passing_tests_summary": "The code correctly computes the points of intersection on a grid for lines with specific slopes or orientations. The implementation handles diagonal lines (slope of 1 or -1), vertical lines (dx = 0), and horizontal lines (dy = 0) by iterating through points starting from one end to the other, ensuring that for diagonals, the x and y steps are equal in magnitude, and for slopes less than 1 or greater than 1, adjusting the step size accordingly to cover all intersecting grid squares.",
        "failing_tests_summary": "All tests are failing due to an off-by-one error where the starting point is included in the list of intersecting squares. The expected behavior, as indicated by the tests, is that the starting point should not be included in the list of results. This issue affects all test cases, including diagonals, partial diagonals, and various slope conditions.",
        "missing_functionality": "To correct the failing tests, the code needs to be adjusted to exclude the starting point from the list of intersecting squares. This can be achieved by modifying the initial range values in the for loops to start iterating from the next grid square rather than including the starting grid square itself.",
        "code": "def compute_intersecting_squares(starting_point, ending_point):\n    x0, y0 = starting_point\n    x1, y1 = ending_point\n    dx = x1 - x0\n    dy = y1 - y0\n    points = []\n    if dx == 0 or dy == 0 or abs(dx) == abs(dy):\n        step_x = 1 if dx > 0 else -1\n        step_y = 1 if dy > 0 else -1\n        for x in range(x0 + step_x, x1 + step_x, step_x):\n            for y in range(y0 + step_y, y1 + step_y, step_y):\n                if abs(x - x0) == abs(y - y0):\n                    points.append((x, y))\n    else:\n        slope = dy / dx\n        if abs(slope) < 1:\n            step = 1 if dx > 0 else -1\n            for x in range(x0 + step, x1 + step, step):\n                y = y0 + round(slope * (x - x0))\n                points.append((x, y))\n        else:\n            step = 1 if dy > 0 else -1\n            for y in range(y0 + step, y1 + step, step):\n                x = x0 + round((y - y0) / slope)\n                points.append((x, y))\n    return points"
    },
    "tests_summary": {
        "total_count": 6,
        "failed_count": 6,
        "failed_names": [
            "test_diagonal",
            "test_half_slope",
            "test_negative_diagonal",
            "test_partial_negative_diagonal",
            "test_slope_greater_than_1",
            "test_slope_less_than_1"
        ],
        "success_count": 0,
        "test_response": "FFFFFF\n======================================================================\nFAIL: test_diagonal (src.example_tests.grid_intersections_test.TestComputeIntersectingSquares.test_diagonal)\n----------------------------------------------------------------------\nTraceback (most recent call last):\n  File \"/Users/jtmcgoffin/Documents/projects/semanticAI/semanticai/src/example_tests/grid_intersections_test.py\", line 9, in test_diagonal\n    self.assertEqual(compute_intersecting_squares(starting_point, ending_point), expected_points)\nAssertionError: Lists differ: [(1, 1), (2, 2), (3, 3), (4, 4), (5, 5)] != [(1, 1), (2, 2), (3, 3), (4, 4)]\n\nFirst list contains 1 additional elements.\nFirst extra element 4:\n(5, 5)\n\n- [(1, 1), (2, 2), (3, 3), (4, 4), (5, 5)]\n?                                --------\n\n+ [(1, 1), (2, 2), (3, 3), (4, 4)]\n\n======================================================================\nFAIL: test_half_slope (src.example_tests.grid_intersections_test.TestComputeIntersectingSquares.test_half_slope)\n----------------------------------------------------------------------\nTraceback (most recent call last):\n  File \"/Users/jtmcgoffin/Documents/projects/semanticAI/semanticai/src/example_tests/grid_intersections_test.py\", line 27, in test_half_slope\n    self.assertEqual(compute_intersecting_squares(starting_point, ending_point), expected_points)\nAssertionError: Lists differ: [(1, 0), (2, 1), (3, 2), (4, 2), (5, 2), (6, 3)] != [(1, 0), (2, 1), (3, 1), (4, 2), (5, 2)]\n\nFirst differing element 2:\n(3, 2)\n(3, 1)\n\nFirst list contains 1 additional elements.\nFirst extra element 5:\n(6, 3)\n\n- [(1, 0), (2, 1), (3, 2), (4, 2), (5, 2), (6, 3)]\n+ [(1, 0), (2, 1), (3, 1), (4, 2), (5, 2)]\n\n======================================================================\nFAIL: test_negative_diagonal (src.example_tests.grid_intersections_test.TestComputeIntersectingSquares.test_negative_diagonal)\n----------------------------------------------------------------------\nTraceback (most recent call last):\n  File \"/Users/jtmcgoffin/Documents/projects/semanticAI/semanticai/src/example_tests/grid_intersections_test.py\", line 15, in test_negative_diagonal\n    self.assertEqual(compute_intersecting_squares(starting_point, ending_point), expected_points)\nAssertionError: Lists differ: [(-1, -1), (-2, -2), (-3, -3), (-4, -4), (-5, -5)] != [(-1, -1), (-2, -2), (-3, -3), (-4, -4)]\n\nFirst list contains 1 additional elements.\nFirst extra element 4:\n(-5, -5)\n\n- [(-1, -1), (-2, -2), (-3, -3), (-4, -4), (-5, -5)]\n?                                        ----------\n\n+ [(-1, -1), (-2, -2), (-3, -3), (-4, -4)]\n\n======================================================================\nFAIL: test_partial_negative_diagonal (src.example_tests.grid_intersections_test.TestComputeIntersectingSquares.test_partial_negative_diagonal)\n----------------------------------------------------------------------\nTraceback (most recent call last):\n  File \"/Users/jtmcgoffin/Documents/projects/semanticAI/semanticai/src/example_tests/grid_intersections_test.py\", line 21, in test_partial_negative_diagonal\n    self.assertEqual(compute_intersecting_squares(starting_point, ending_point), expected_points)\nAssertionError: Lists differ: [(1, -1), (2, -2), (3, -3), (4, -4), (5, -5)] != [(1, -1), (2, -2), (3, -3), (4, -4)]\n\nFirst list contains 1 additional elements.\nFirst extra element 4:\n(5, -5)\n\n- [(1, -1), (2, -2), (3, -3), (4, -4), (5, -5)]\n?                                    ---------\n\n+ [(1, -1), (2, -2), (3, -3), (4, -4)]\n\n======================================================================\nFAIL: test_slope_greater_than_1 (src.example_tests.grid_intersections_test.TestComputeIntersectingSquares.test_slope_greater_than_1)\n----------------------------------------------------------------------\nTraceback (most recent call last):\n  File \"/Users/jtmcgoffin/Documents/projects/semanticAI/semanticai/src/example_tests/grid_intersections_test.py\", line 39, in test_slope_greater_than_1\n    self.assertEqual(compute_intersecting_squares(starting_point, ending_point), expected_points)\nAssertionError: Lists differ: [(0, 1), (1, 2), (1, 3), (2, 4), (2, 5), (3, 6), (3, 7)] != [(0, 1), (0, 2), (1, 2), (1, 3), (1, 4), (2, 4), (2, 5), (2, 6)]\n\nFirst differing element 1:\n(1, 2)\n(0, 2)\n\nSecond list contains 1 additional elements.\nFirst extra element 7:\n(2, 6)\n\n- [(0, 1), (1, 2), (1, 3), (2, 4), (2, 5), (3, 6), (3, 7)]\n?                                           ^    --------\n\n+ [(0, 1), (0, 2), (1, 2), (1, 3), (1, 4), (2, 4), (2, 5), (2, 6)]\n?          ++++++++                ++++++++                 ^\n\n\n======================================================================\nFAIL: test_slope_less_than_1 (src.example_tests.grid_intersections_test.TestComputeIntersectingSquares.test_slope_less_than_1)\n----------------------------------------------------------------------\nTraceback (most recent call last):\n  File \"/Users/jtmcgoffin/Documents/projects/semanticAI/semanticai/src/example_tests/grid_intersections_test.py\", line 33, in test_slope_less_than_1\n    self.assertEqual(compute_intersecting_squares(starting_point, ending_point), expected_points)\nAssertionError: Lists differ: [(1, 1), (2, 1), (3, 2), (4, 2), (5, 3)] != [(1, 0), (1, 1), (2, 1), (3, 1), (3, 2), (4, 2)]\n\nFirst differing element 0:\n(1, 1)\n(1, 0)\n\nSecond list contains 1 additional elements.\nFirst extra element 5:\n(4, 2)\n\n- [(1, 1), (2, 1), (3, 2), (4, 2), (5, 3)]\n+ [(1, 0), (1, 1), (2, 1), (3, 1), (3, 2), (4, 2)]\n\n----------------------------------------------------------------------\nRan 6 tests in 0.004s\n\nFAILED (failures=6)\n"
    }
},{
    "prompt": "\n\n    The provided code has regressed! The tests that were previously passing and are now failing are ['test_diagonal', 'test_negative_diagonal', 'test_partial_negative_diagonal'].\n\n    Iterate on the non-regressed code, using the test runner feedback, to maintain that ['test_diagonal', 'test_negative_diagonal', 'test_partial_negative_diagonal'] continue to pass while making the failing tests pass. \n    \n    The non-regressed code is in the first set of triple backticks, the unittest code used to test the non-regressed code is in the second triple backticks, and the test runner feedback is in the third set of triple backticks.\n    \n    Make sure that any non-test errors are addressed first and remove any unused imports. \n    \n    Perform the following actions. The only output should be the JSON object specified in the last step:\n\n    1. State what in the code made the new passing tests pass.\n    2. Summarize why each failing test failed.\n    3. Summarize the functionality required for the failing tests to pass. Be sure to check that all positional arguments are used in the code.\n    4. Provide the code that contains that functionality.\n    5. Output the above steps in a JSON object in the following format: \n    {\n    \"passing_tests_summary\": \"1\",\n    \"failing_tests_summary\": \"2\", \n    \"missing_functionality\": \"3\",\n    \"code\": \"4\"}\n\n    code:\n    ```def compute_intersecting_squares(starting_point, ending_point):\n    x0, y0 = starting_point\n    x1, y1 = ending_point\n    dx = x1 - x0\n    dy = y1 - y0\n    points = []\n    if dx == 0 or dy == 0 or abs(dx) == abs(dy):\n        step_x = 1 if dx > 0 else -1\n        step_y = 1 if dy > 0 else -1\n        for x in range(x0 + step_x, x1, step_x):\n            for y in range(y0 + step_y, y1, step_y):\n                if abs(x - x0) == abs(y - y0):\n                    points.append((x, y))\n    else:\n        slope = dy / dx\n        if abs(slope) < 1:\n            step = 1 if dx > 0 else -1\n            for x in range(x0 + step, x1, step):\n                y = y0 + round(slope * (x - x0))\n                points.append((x, y))\n        else:\n            step = 1 if dy > 0 else -1\n            for y in range(y0 + step, y1, step):\n                x = x0 + round((y - y0) / slope)\n                points.append((x, y))\n    return points```\n    tests:\n    ```import unittest\nfrom src.example_tests.grid_intersections import compute_intersecting_squares\n\nclass TestComputeIntersectingSquares(unittest.TestCase):\n    def test_diagonal(self):\n        starting_point = (0,0)\n        ending_point = (5,5)\n        expected_points = [(1,1), (2,2), (3,3), (4,4)]\n        self.assertEqual(compute_intersecting_squares(starting_point, ending_point), expected_points)\n\n    def test_negative_diagonal(self):\n        starting_point = (0,0)\n        ending_point = (-5,-5)\n        expected_points = [(-1,-1), (-2,-2), (-3,-3), (-4,-4)]\n        self.assertEqual(compute_intersecting_squares(starting_point, ending_point), expected_points)\n\n    def test_partial_negative_diagonal(self):\n        starting_point = (0,0)\n        ending_point = (5,-5)\n        expected_points = [(1,-1), (2,-2), (3,-3), (4,-4)]\n        self.assertEqual(compute_intersecting_squares(starting_point, ending_point), expected_points)\n\n    def test_half_slope(self):\n        starting_point = (0,0)\n        ending_point = (6,3)\n        expected_points = [(1,0), (2,1), (3,1), (4,2), (5,2)]\n        self.assertEqual(compute_intersecting_squares(starting_point, ending_point), expected_points)\n    \n    def test_slope_less_than_1(self):\n        starting_point = (0,0)\n        ending_point = (5,3)\n        expected_points = [(1,0), (1,1), (2,1), (3,1), (3,2), (4,2)]\n        self.assertEqual(compute_intersecting_squares(starting_point, ending_point), expected_points)\n\n    def test_slope_greater_than_1(self):\n        starting_point = (0,0)\n        ending_point = (3,7)\n        expected_points = [(0,1), (0,2), (1,2), (1,3), (1,4), (2,4), (2,5), (2,6)]\n        self.assertEqual(compute_intersecting_squares(starting_point, ending_point), expected_points)```\n    test runner feedback:\n    ```FFFFFF\n======================================================================\nFAIL: test_diagonal (src.example_tests.grid_intersections_test.TestComputeIntersectingSquares.test_diagonal)\n----------------------------------------------------------------------\nTraceback (most recent call last):\n  File \"/Users/jtmcgoffin/Documents/projects/semanticAI/semanticai/src/example_tests/grid_intersections_test.py\", line 9, in test_diagonal\n    self.assertEqual(compute_intersecting_squares(starting_point, ending_point), expected_points)\nAssertionError: Lists differ: [(1, 1), (2, 2), (3, 3), (4, 4), (5, 5)] != [(1, 1), (2, 2), (3, 3), (4, 4)]\n\nFirst list contains 1 additional elements.\nFirst extra element 4:\n(5, 5)\n\n- [(1, 1), (2, 2), (3, 3), (4, 4), (5, 5)]\n?                                --------\n\n+ [(1, 1), (2, 2), (3, 3), (4, 4)]\n\n======================================================================\nFAIL: test_half_slope (src.example_tests.grid_intersections_test.TestComputeIntersectingSquares.test_half_slope)\n----------------------------------------------------------------------\nTraceback (most recent call last):\n  File \"/Users/jtmcgoffin/Documents/projects/semanticAI/semanticai/src/example_tests/grid_intersections_test.py\", line 27, in test_half_slope\n    self.assertEqual(compute_intersecting_squares(starting_point, ending_point), expected_points)\nAssertionError: Lists differ: [(1, 0), (2, 1), (3, 2), (4, 2), (5, 2), (6, 3)] != [(1, 0), (2, 1), (3, 1), (4, 2), (5, 2)]\n\nFirst differing element 2:\n(3, 2)\n(3, 1)\n\nFirst list contains 1 additional elements.\nFirst extra element 5:\n(6, 3)\n\n- [(1, 0), (2, 1), (3, 2), (4, 2), (5, 2), (6, 3)]\n+ [(1, 0), (2, 1), (3, 1), (4, 2), (5, 2)]\n\n======================================================================\nFAIL: test_negative_diagonal (src.example_tests.grid_intersections_test.TestComputeIntersectingSquares.test_negative_diagonal)\n----------------------------------------------------------------------\nTraceback (most recent call last):\n  File \"/Users/jtmcgoffin/Documents/projects/semanticAI/semanticai/src/example_tests/grid_intersections_test.py\", line 15, in test_negative_diagonal\n    self.assertEqual(compute_intersecting_squares(starting_point, ending_point), expected_points)\nAssertionError: Lists differ: [(-1, -1), (-2, -2), (-3, -3), (-4, -4), (-5, -5)] != [(-1, -1), (-2, -2), (-3, -3), (-4, -4)]\n\nFirst list contains 1 additional elements.\nFirst extra element 4:\n(-5, -5)\n\n- [(-1, -1), (-2, -2), (-3, -3), (-4, -4), (-5, -5)]\n?                                        ----------\n\n+ [(-1, -1), (-2, -2), (-3, -3), (-4, -4)]\n\n======================================================================\nFAIL: test_partial_negative_diagonal (src.example_tests.grid_intersections_test.TestComputeIntersectingSquares.test_partial_negative_diagonal)\n----------------------------------------------------------------------\nTraceback (most recent call last):\n  File \"/Users/jtmcgoffin/Documents/projects/semanticAI/semanticai/src/example_tests/grid_intersections_test.py\", line 21, in test_partial_negative_diagonal\n    self.assertEqual(compute_intersecting_squares(starting_point, ending_point), expected_points)\nAssertionError: Lists differ: [(1, -1), (2, -2), (3, -3), (4, -4), (5, -5)] != [(1, -1), (2, -2), (3, -3), (4, -4)]\n\nFirst list contains 1 additional elements.\nFirst extra element 4:\n(5, -5)\n\n- [(1, -1), (2, -2), (3, -3), (4, -4), (5, -5)]\n?                                    ---------\n\n+ [(1, -1), (2, -2), (3, -3), (4, -4)]\n\n======================================================================\nFAIL: test_slope_greater_than_1 (src.example_tests.grid_intersections_test.TestComputeIntersectingSquares.test_slope_greater_than_1)\n----------------------------------------------------------------------\nTraceback (most recent call last):\n  File \"/Users/jtmcgoffin/Documents/projects/semanticAI/semanticai/src/example_tests/grid_intersections_test.py\", line 39, in test_slope_greater_than_1\n    self.assertEqual(compute_intersecting_squares(starting_point, ending_point), expected_points)\nAssertionError: Lists differ: [(0, 1), (1, 2), (1, 3), (2, 4), (2, 5), (3, 6), (3, 7)] != [(0, 1), (0, 2), (1, 2), (1, 3), (1, 4), (2, 4), (2, 5), (2, 6)]\n\nFirst differing element 1:\n(1, 2)\n(0, 2)\n\nSecond list contains 1 additional elements.\nFirst extra element 7:\n(2, 6)\n\n- [(0, 1), (1, 2), (1, 3), (2, 4), (2, 5), (3, 6), (3, 7)]\n?                                           ^    --------\n\n+ [(0, 1), (0, 2), (1, 2), (1, 3), (1, 4), (2, 4), (2, 5), (2, 6)]\n?          ++++++++                ++++++++                 ^\n\n\n======================================================================\nFAIL: test_slope_less_than_1 (src.example_tests.grid_intersections_test.TestComputeIntersectingSquares.test_slope_less_than_1)\n----------------------------------------------------------------------\nTraceback (most recent call last):\n  File \"/Users/jtmcgoffin/Documents/projects/semanticAI/semanticai/src/example_tests/grid_intersections_test.py\", line 33, in test_slope_less_than_1\n    self.assertEqual(compute_intersecting_squares(starting_point, ending_point), expected_points)\nAssertionError: Lists differ: [(1, 1), (2, 1), (3, 2), (4, 2), (5, 3)] != [(1, 0), (1, 1), (2, 1), (3, 1), (3, 2), (4, 2)]\n\nFirst differing element 0:\n(1, 1)\n(1, 0)\n\nSecond list contains 1 additional elements.\nFirst extra element 5:\n(4, 2)\n\n- [(1, 1), (2, 1), (3, 2), (4, 2), (5, 3)]\n+ [(1, 0), (1, 1), (2, 1), (3, 1), (3, 2), (4, 2)]\n\n----------------------------------------------------------------------\nRan 6 tests in 0.004s\n\nFAILED (failures=6)\n```\n\n    ",
    "model_response": {
        "passing_tests_summary": "The new passing tests were passing because the original code was designed to handle straight lines (horizontal, vertical, and diagonal) correctly, by calculating the step size based on the direction of movement (positive or negative) and iterating over the range between the start and end points correctly for these specific cases.",
        "failing_tests_summary": "The tests failed due to the code's incorrect handling of slopes that are not equal to 1 or -1, incorrect calculation of points for lines with slopes less than 1 or greater than 1, and including the ending point in the list of intersecting squares, which contradicts the expected output.",
        "missing_functionality": "The functionality required for the failing tests to pass includes: 1) Correctly handling lines with slopes other than 1 or -1, ensuring that the algorithm generates points based on the actual slope of the line. 2) Excluding the ending point from the list of intersecting squares to match the expected output of the tests. 3) Adjusting the calculation for slopes less than 1 and greater than 1 to correctly generate the expected points without adding extra points not present in the expected output.",
        "code": "def compute_intersecting_squares(starting_point, ending_point):\n    x0, y0 = starting_point\n    x1, y1 = ending_point\n    dx = x1 - x0\n    dy = y1 - y0\n    points = []\n    if dx == 0 or dy == 0 or abs(dx) == abs(dy):\n        step_x = 1 if dx > 0 else -1\n        step_y = 1 if dy > 0 else -1\n        for x in range(x0 + step_x, x1, step_x):\n            for y in range(y0 + step_y, y1, step_y):\n                if abs(x - x0) == abs(y - y0):\n                    points.append((x, y))\n    else:\n        slope = dy / dx\n        if abs(slope) < 1:\n            step = 1 if dx > 0 else -1\n            for x in range(x0 + step, x1, step):\n                y = y0 + round(slope * (x - x0))\n                if x != x1:\n                    points.append((x, y))\n        else:\n            step = 1 if dy > 0 else -1\n            for y in range(y0 + step, y1, step):\n                x = x0 + round((y - y0) / slope)\n                if y != y1:\n                    points.append((x, y))\n    return points"
    },
    "tests_summary": {
        "total_count": 6,
        "failed_count": 3,
        "failed_names": [
            "test_half_slope",
            "test_slope_greater_than_1",
            "test_slope_less_than_1"
        ],
        "success_count": 3,
        "test_response": ".F..FF\n======================================================================\nFAIL: test_half_slope (src.example_tests.grid_intersections_test.TestComputeIntersectingSquares.test_half_slope)\n----------------------------------------------------------------------\nTraceback (most recent call last):\n  File \"/Users/jtmcgoffin/Documents/projects/semanticAI/semanticai/src/example_tests/grid_intersections_test.py\", line 27, in test_half_slope\n    self.assertEqual(compute_intersecting_squares(starting_point, ending_point), expected_points)\nAssertionError: Lists differ: [(1, 0), (2, 1), (3, 2), (4, 2), (5, 2)] != [(1, 0), (2, 1), (3, 1), (4, 2), (5, 2)]\n\nFirst differing element 2:\n(3, 2)\n(3, 1)\n\n- [(1, 0), (2, 1), (3, 2), (4, 2), (5, 2)]\n?                          --------\n\n+ [(1, 0), (2, 1), (3, 1), (4, 2), (5, 2)]\n?                      ++++++++\n\n\n======================================================================\nFAIL: test_slope_greater_than_1 (src.example_tests.grid_intersections_test.TestComputeIntersectingSquares.test_slope_greater_than_1)\n----------------------------------------------------------------------\nTraceback (most recent call last):\n  File \"/Users/jtmcgoffin/Documents/projects/semanticAI/semanticai/src/example_tests/grid_intersections_test.py\", line 39, in test_slope_greater_than_1\n    self.assertEqual(compute_intersecting_squares(starting_point, ending_point), expected_points)\nAssertionError: Lists differ: [(0, 1), (1, 2), (1, 3), (2, 4), (2, 5), (3, 6)] != [(0, 1), (0, 2), (1, 2), (1, 3), (1, 4), (2, 4), (2, 5), (2, 6)]\n\nFirst differing element 1:\n(1, 2)\n(0, 2)\n\nSecond list contains 2 additional elements.\nFirst extra element 6:\n(2, 5)\n\n- [(0, 1), (1, 2), (1, 3), (2, 4), (2, 5), (3, 6)]\n?                                           ^\n\n+ [(0, 1), (0, 2), (1, 2), (1, 3), (1, 4), (2, 4), (2, 5), (2, 6)]\n?          ++++++++                ++++++++                 ^\n\n\n======================================================================\nFAIL: test_slope_less_than_1 (src.example_tests.grid_intersections_test.TestComputeIntersectingSquares.test_slope_less_than_1)\n----------------------------------------------------------------------\nTraceback (most recent call last):\n  File \"/Users/jtmcgoffin/Documents/projects/semanticAI/semanticai/src/example_tests/grid_intersections_test.py\", line 33, in test_slope_less_than_1\n    self.assertEqual(compute_intersecting_squares(starting_point, ending_point), expected_points)\nAssertionError: Lists differ: [(1, 1), (2, 1), (3, 2), (4, 2)] != [(1, 0), (1, 1), (2, 1), (3, 1), (3, 2), (4, 2)]\n\nFirst differing element 0:\n(1, 1)\n(1, 0)\n\nSecond list contains 2 additional elements.\nFirst extra element 4:\n(3, 2)\n\n- [(1, 1), (2, 1), (3, 2), (4, 2)]\n+ [(1, 0), (1, 1), (2, 1), (3, 1), (3, 2), (4, 2)]\n?      ++++++++                ++++++++\n\n\n----------------------------------------------------------------------\nRan 6 tests in 0.002s\n\nFAILED (failures=3)\n"
    }
}]