[{
    "prompt": "\n\nYou're a python software developer. You will write code to make the unit tests given in the triple backticks passed. Provide the code to make the tests pass.\n\nPerform the following actions. The only output should be the JSON object specified in the last step:\n\n1. Summarize what the code is intended to do given the tests.\n2. List the names of the functions that this test is covering.\n3. Provide the code to make this test pass.\n4. Output the above steps in a JSON object in the following format: \n{\n    \"test_summary\": \"1\", \n    \"function_names\": \"2\",\n    \"code\": \"3\"}\n\ntests:\n```import unittest\nfrom src.example_tests.grid_intersections import compute_intersecting_squares\n\nclass TestComputeIntersectingSquares(unittest.TestCase):\n    def test_diagonal(self):\n        starting_point = (0,0)\n        ending_point = (5,5)\n        expected_points = [(1,1), (2,2), (3,3), (4,4)]\n        self.assertEqual(compute_intersecting_squares(starting_point, ending_point), expected_points)\n\n    def test_negative_diagonal(self):\n        starting_point = (0,0)\n        ending_point = (-5,-5)\n        expected_points = [(-1,-1), (-2,-2), (-3,-3), (-4,-4)]\n        self.assertEqual(compute_intersecting_squares(starting_point, ending_point), expected_points)\n\n    def test_partial_negative_diagonal(self):\n        starting_point = (0,0)\n        ending_point = (5,-5)\n        expected_points = [(1,-1), (2,-2), (3,-3), (4,-4)]\n        self.assertEqual(compute_intersecting_squares(starting_point, ending_point), expected_points)\n\n    def test_half_slope(self):\n        starting_point = (0,0)\n        ending_point = (6,3)\n        expected_points = [(1,0), (2,1), (3,1), (4,2), (5,2)]\n        self.assertEqual(compute_intersecting_squares(starting_point, ending_point), expected_points)\n    \n    def test_slope_less_than_1(self):\n        starting_point = (0,0)\n        ending_point = (5,3)\n        expected_points = [(1,0), (1,1), (2,1), (3,1), (3,2), (4,2)]\n        self.assertEqual(compute_intersecting_squares(starting_point, ending_point), expected_points)\n\n    def test_slope_greater_than_1(self):\n        starting_point = (0,0)\n        ending_point = (3,7)\n        expected_points = [(0,1), (0,2), (1,2), (1,3), (1,4), (2,4), (2,5), (2,6)]\n        self.assertEqual(compute_intersecting_squares(starting_point, ending_point), expected_points)```\n\n",
    "tests_string_input": "import unittest\nfrom src.example_tests.grid_intersections import compute_intersecting_squares\n\nclass TestComputeIntersectingSquares(unittest.TestCase):\n    def test_diagonal(self):\n        starting_point = (0,0)\n        ending_point = (5,5)\n        expected_points = [(1,1), (2,2), (3,3), (4,4)]\n        self.assertEqual(compute_intersecting_squares(starting_point, ending_point), expected_points)\n\n    def test_negative_diagonal(self):\n        starting_point = (0,0)\n        ending_point = (-5,-5)\n        expected_points = [(-1,-1), (-2,-2), (-3,-3), (-4,-4)]\n        self.assertEqual(compute_intersecting_squares(starting_point, ending_point), expected_points)\n\n    def test_partial_negative_diagonal(self):\n        starting_point = (0,0)\n        ending_point = (5,-5)\n        expected_points = [(1,-1), (2,-2), (3,-3), (4,-4)]\n        self.assertEqual(compute_intersecting_squares(starting_point, ending_point), expected_points)\n\n    def test_half_slope(self):\n        starting_point = (0,0)\n        ending_point = (6,3)\n        expected_points = [(1,0), (2,1), (3,1), (4,2), (5,2)]\n        self.assertEqual(compute_intersecting_squares(starting_point, ending_point), expected_points)\n    \n    def test_slope_less_than_1(self):\n        starting_point = (0,0)\n        ending_point = (5,3)\n        expected_points = [(1,0), (1,1), (2,1), (3,1), (3,2), (4,2)]\n        self.assertEqual(compute_intersecting_squares(starting_point, ending_point), expected_points)\n\n    def test_slope_greater_than_1(self):\n        starting_point = (0,0)\n        ending_point = (3,7)\n        expected_points = [(0,1), (0,2), (1,2), (1,3), (1,4), (2,4), (2,5), (2,6)]\n        self.assertEqual(compute_intersecting_squares(starting_point, ending_point), expected_points)",
    "code_string_input": "",
    "model_response": {
        "test_summary": "The code is intended to compute the intersecting squares between two points on a grid, considering various scenarios such as diagonals, partial diagonals, and different slopes.",
        "function_names": "compute_intersecting_squares",
        "code": "def compute_intersecting_squares(starting_point, ending_point):\n    dx = ending_point[0] - starting_point[0]\n    dy = ending_point[1] - starting_point[1]\n    points = []\n    if dx == 0 or dy == 0 or abs(dx) == abs(dy):\n        step_x = 1 if dx > 0 else -1 if dx < 0 else 0\n        step_y = 1 if dy > 0 else -1 if dy < 0 else 0\n        for i in range(1, max(abs(dx), abs(dy))):\n            points.append((starting_point[0] + i * step_x, starting_point[1] + i * step_y))\n    else:\n        slope = dy / dx\n        intercept = starting_point[1] - slope * starting_point[0]\n        if abs(slope) < 1:\n            step = 1 if dx > 0 else -1\n            for x in range(starting_point[0] + step, ending_point[0], step):\n                y = slope * x + intercept\n                points.extend([(x, int(y)), (x, int(y) + (1 if slope > 0 else -1))])\n        else:\n            slope = 1 / slope\n            intercept = starting_point[0] - slope * starting_point[1]\n            step = 1 if dy > 0 else -1\n            for y in range(starting_point[1] + step, ending_point[1], step):\n                x = slope * y + intercept\n                points.extend([(int(x), y), (int(x) + (1 if slope > 0 else -1), y)])\n    return list(dict.fromkeys(points))\n"
    },
    "test_results": ".F..FF\n======================================================================\nFAIL: test_half_slope (src.example_tests.grid_intersections_test.TestComputeIntersectingSquares.test_half_slope)\n----------------------------------------------------------------------\nTraceback (most recent call last):\n  File \"/Users/jtmcgoffin/Documents/projects/semanticAI/semanticai/src/example_tests/grid_intersections_test.py\", line 27, in test_half_slope\n    self.assertEqual(compute_intersecting_squares(starting_point, ending_point), expected_points)\nAssertionError: Lists differ: [(1, 0), (1, 1), (2, 1), (2, 2), (3, 1), (3, 2), (4, 2), (4, 3), (5, 2), (5, 3)] != [(1, 0), (2, 1), (3, 1), (4, 2), (5, 2)]\n\nFirst differing element 1:\n(1, 1)\n(2, 1)\n\nFirst list contains 5 additional elements.\nFirst extra element 5:\n(3, 2)\n\n- [(1, 0), (1, 1), (2, 1), (2, 2), (3, 1), (3, 2), (4, 2), (4, 3), (5, 2), (5, 3)]\n+ [(1, 0), (2, 1), (3, 1), (4, 2), (5, 2)]\n\n======================================================================\nFAIL: test_slope_greater_than_1 (src.example_tests.grid_intersections_test.TestComputeIntersectingSquares.test_slope_greater_than_1)\n----------------------------------------------------------------------\nTraceback (most recent call last):\n  File \"/Users/jtmcgoffin/Documents/projects/semanticAI/semanticai/src/example_tests/grid_intersections_test.py\", line 39, in test_slope_greater_than_1\n    self.assertEqual(compute_intersecting_squares(starting_point, ending_point), expected_points)\nAssertionError: Lists differ: [(0, 1), (1, 1), (0, 2), (1, 2), (1, 3), (2, 3), (1[40 chars], 6)] != [(0, 1), (0, 2), (1, 2), (1, 3), (1, 4), (2, 4), (2, 5), (2, 6)]\n\nFirst differing element 1:\n(1, 1)\n(0, 2)\n\nFirst list contains 4 additional elements.\nFirst extra element 8:\n(2, 5)\n\n+ [(0, 1), (0, 2), (1, 2), (1, 3), (1, 4), (2, 4), (2, 5), (2, 6)]\n- [(0, 1),\n-  (1, 1),\n-  (0, 2),\n-  (1, 2),\n-  (1, 3),\n-  (2, 3),\n-  (1, 4),\n-  (2, 4),\n-  (2, 5),\n-  (3, 5),\n-  (2, 6),\n-  (3, 6)]\n\n======================================================================\nFAIL: test_slope_less_than_1 (src.example_tests.grid_intersections_test.TestComputeIntersectingSquares.test_slope_less_than_1)\n----------------------------------------------------------------------\nTraceback (most recent call last):\n  File \"/Users/jtmcgoffin/Documents/projects/semanticAI/semanticai/src/example_tests/grid_intersections_test.py\", line 33, in test_slope_less_than_1\n    self.assertEqual(compute_intersecting_squares(starting_point, ending_point), expected_points)\nAssertionError: Lists differ: [(1, 0), (1, 1), (2, 1), (2, 2), (3, 1), (3, 2), (4, 2), (4, 3)] != [(1, 0), (1, 1), (2, 1), (3, 1), (3, 2), (4, 2)]\n\nFirst differing element 3:\n(2, 2)\n(3, 1)\n\nFirst list contains 2 additional elements.\nFirst extra element 6:\n(4, 2)\n\n- [(1, 0), (1, 1), (2, 1), (2, 2), (3, 1), (3, 2), (4, 2), (4, 3)]\n+ [(1, 0), (1, 1), (2, 1), (3, 1), (3, 2), (4, 2)]\n\n----------------------------------------------------------------------\nRan 6 tests in 0.002s\n\nFAILED (failures=3)\n"
},{
    "prompt": "\n\n    Some or all of the tests did not pass. \n    \n    The provided code is in the first set of triple backticks, the unittest code used to test the provided code is in the second triple backticks, and the test runner feedback is in the third set of triple backticks. Using the test runner feedback, iterate on the provided code to make the failing tests pass while maintaining that the passing tests continue to pass. \n    \n    Make sure that any non-test errors are addressed first and remove any unused imports. \n    \n    Perform the following actions. The only output should be the JSON object specified in the last step:\n\n    1. List which tests passed.\n    2. State what in the code made the passing tests pass.\n    3. List which tests failed.\n    4. Summarize why each test failed.\n    5. Summarize the functionality required for the failing tests to pass. Be sure to check that all positional arguments are used in the code.\n    6. Provide the code that contains that functionality.\n    7. Output the above steps in a JSON object in the following format: \n    {\n    \"passing_tests\": \"1\",\n    \"passing_tests_summary\": \"2\",\n    \"failing_tests\": \"3\",\n    \"failing_tests_summary\": \"4\", \n    \"missing_functionality\": \"5\",\n    \"code\": \"6\"}\n\n    code:\n    ```def compute_intersecting_squares(starting_point, ending_point):\n    dx = ending_point[0] - starting_point[0]\n    dy = ending_point[1] - starting_point[1]\n    points = []\n    if dx == 0 or dy == 0 or abs(dx) == abs(dy):\n        step_x = 1 if dx > 0 else -1 if dx < 0 else 0\n        step_y = 1 if dy > 0 else -1 if dy < 0 else 0\n        for i in range(1, max(abs(dx), abs(dy))):\n            points.append((starting_point[0] + i * step_x, starting_point[1] + i * step_y))\n    else:\n        slope = dy / dx\n        intercept = starting_point[1] - slope * starting_point[0]\n        if abs(slope) < 1:\n            step = 1 if dx > 0 else -1\n            for x in range(starting_point[0] + step, ending_point[0], step):\n                y = slope * x + intercept\n                points.extend([(x, int(y)), (x, int(y) + (1 if slope > 0 else -1))])\n        else:\n            slope = 1 / slope\n            intercept = starting_point[0] - slope * starting_point[1]\n            step = 1 if dy > 0 else -1\n            for y in range(starting_point[1] + step, ending_point[1], step):\n                x = slope * y + intercept\n                points.extend([(int(x), y), (int(x) + (1 if slope > 0 else -1), y)])\n    return list(dict.fromkeys(points))\n```\n    tests:\n    ```import unittest\nfrom src.example_tests.grid_intersections import compute_intersecting_squares\n\nclass TestComputeIntersectingSquares(unittest.TestCase):\n    def test_diagonal(self):\n        starting_point = (0,0)\n        ending_point = (5,5)\n        expected_points = [(1,1), (2,2), (3,3), (4,4)]\n        self.assertEqual(compute_intersecting_squares(starting_point, ending_point), expected_points)\n\n    def test_negative_diagonal(self):\n        starting_point = (0,0)\n        ending_point = (-5,-5)\n        expected_points = [(-1,-1), (-2,-2), (-3,-3), (-4,-4)]\n        self.assertEqual(compute_intersecting_squares(starting_point, ending_point), expected_points)\n\n    def test_partial_negative_diagonal(self):\n        starting_point = (0,0)\n        ending_point = (5,-5)\n        expected_points = [(1,-1), (2,-2), (3,-3), (4,-4)]\n        self.assertEqual(compute_intersecting_squares(starting_point, ending_point), expected_points)\n\n    def test_half_slope(self):\n        starting_point = (0,0)\n        ending_point = (6,3)\n        expected_points = [(1,0), (2,1), (3,1), (4,2), (5,2)]\n        self.assertEqual(compute_intersecting_squares(starting_point, ending_point), expected_points)\n    \n    def test_slope_less_than_1(self):\n        starting_point = (0,0)\n        ending_point = (5,3)\n        expected_points = [(1,0), (1,1), (2,1), (3,1), (3,2), (4,2)]\n        self.assertEqual(compute_intersecting_squares(starting_point, ending_point), expected_points)\n\n    def test_slope_greater_than_1(self):\n        starting_point = (0,0)\n        ending_point = (3,7)\n        expected_points = [(0,1), (0,2), (1,2), (1,3), (1,4), (2,4), (2,5), (2,6)]\n        self.assertEqual(compute_intersecting_squares(starting_point, ending_point), expected_points)```\n    test runner feedback:\n    ```.F..FF\n======================================================================\nFAIL: test_half_slope (src.example_tests.grid_intersections_test.TestComputeIntersectingSquares.test_half_slope)\n----------------------------------------------------------------------\nTraceback (most recent call last):\n  File \"/Users/jtmcgoffin/Documents/projects/semanticAI/semanticai/src/example_tests/grid_intersections_test.py\", line 27, in test_half_slope\n    self.assertEqual(compute_intersecting_squares(starting_point, ending_point), expected_points)\nAssertionError: Lists differ: [(1, 0), (1, 1), (2, 1), (2, 2), (3, 1), (3, 2), (4, 2), (4, 3), (5, 2), (5, 3)] != [(1, 0), (2, 1), (3, 1), (4, 2), (5, 2)]\n\nFirst differing element 1:\n(1, 1)\n(2, 1)\n\nFirst list contains 5 additional elements.\nFirst extra element 5:\n(3, 2)\n\n- [(1, 0), (1, 1), (2, 1), (2, 2), (3, 1), (3, 2), (4, 2), (4, 3), (5, 2), (5, 3)]\n+ [(1, 0), (2, 1), (3, 1), (4, 2), (5, 2)]\n\n======================================================================\nFAIL: test_slope_greater_than_1 (src.example_tests.grid_intersections_test.TestComputeIntersectingSquares.test_slope_greater_than_1)\n----------------------------------------------------------------------\nTraceback (most recent call last):\n  File \"/Users/jtmcgoffin/Documents/projects/semanticAI/semanticai/src/example_tests/grid_intersections_test.py\", line 39, in test_slope_greater_than_1\n    self.assertEqual(compute_intersecting_squares(starting_point, ending_point), expected_points)\nAssertionError: Lists differ: [(0, 1), (1, 1), (0, 2), (1, 2), (1, 3), (2, 3), (1[40 chars], 6)] != [(0, 1), (0, 2), (1, 2), (1, 3), (1, 4), (2, 4), (2, 5), (2, 6)]\n\nFirst differing element 1:\n(1, 1)\n(0, 2)\n\nFirst list contains 4 additional elements.\nFirst extra element 8:\n(2, 5)\n\n+ [(0, 1), (0, 2), (1, 2), (1, 3), (1, 4), (2, 4), (2, 5), (2, 6)]\n- [(0, 1),\n-  (1, 1),\n-  (0, 2),\n-  (1, 2),\n-  (1, 3),\n-  (2, 3),\n-  (1, 4),\n-  (2, 4),\n-  (2, 5),\n-  (3, 5),\n-  (2, 6),\n-  (3, 6)]\n\n======================================================================\nFAIL: test_slope_less_than_1 (src.example_tests.grid_intersections_test.TestComputeIntersectingSquares.test_slope_less_than_1)\n----------------------------------------------------------------------\nTraceback (most recent call last):\n  File \"/Users/jtmcgoffin/Documents/projects/semanticAI/semanticai/src/example_tests/grid_intersections_test.py\", line 33, in test_slope_less_than_1\n    self.assertEqual(compute_intersecting_squares(starting_point, ending_point), expected_points)\nAssertionError: Lists differ: [(1, 0), (1, 1), (2, 1), (2, 2), (3, 1), (3, 2), (4, 2), (4, 3)] != [(1, 0), (1, 1), (2, 1), (3, 1), (3, 2), (4, 2)]\n\nFirst differing element 3:\n(2, 2)\n(3, 1)\n\nFirst list contains 2 additional elements.\nFirst extra element 6:\n(4, 2)\n\n- [(1, 0), (1, 1), (2, 1), (2, 2), (3, 1), (3, 2), (4, 2), (4, 3)]\n+ [(1, 0), (1, 1), (2, 1), (3, 1), (3, 2), (4, 2)]\n\n----------------------------------------------------------------------\nRan 6 tests in 0.002s\n\nFAILED (failures=3)\n```\n\n    ",
    "tests_string_input": "import unittest\nfrom src.example_tests.grid_intersections import compute_intersecting_squares\n\nclass TestComputeIntersectingSquares(unittest.TestCase):\n    def test_diagonal(self):\n        starting_point = (0,0)\n        ending_point = (5,5)\n        expected_points = [(1,1), (2,2), (3,3), (4,4)]\n        self.assertEqual(compute_intersecting_squares(starting_point, ending_point), expected_points)\n\n    def test_negative_diagonal(self):\n        starting_point = (0,0)\n        ending_point = (-5,-5)\n        expected_points = [(-1,-1), (-2,-2), (-3,-3), (-4,-4)]\n        self.assertEqual(compute_intersecting_squares(starting_point, ending_point), expected_points)\n\n    def test_partial_negative_diagonal(self):\n        starting_point = (0,0)\n        ending_point = (5,-5)\n        expected_points = [(1,-1), (2,-2), (3,-3), (4,-4)]\n        self.assertEqual(compute_intersecting_squares(starting_point, ending_point), expected_points)\n\n    def test_half_slope(self):\n        starting_point = (0,0)\n        ending_point = (6,3)\n        expected_points = [(1,0), (2,1), (3,1), (4,2), (5,2)]\n        self.assertEqual(compute_intersecting_squares(starting_point, ending_point), expected_points)\n    \n    def test_slope_less_than_1(self):\n        starting_point = (0,0)\n        ending_point = (5,3)\n        expected_points = [(1,0), (1,1), (2,1), (3,1), (3,2), (4,2)]\n        self.assertEqual(compute_intersecting_squares(starting_point, ending_point), expected_points)\n\n    def test_slope_greater_than_1(self):\n        starting_point = (0,0)\n        ending_point = (3,7)\n        expected_points = [(0,1), (0,2), (1,2), (1,3), (1,4), (2,4), (2,5), (2,6)]\n        self.assertEqual(compute_intersecting_squares(starting_point, ending_point), expected_points)",
    "code_string_input": "def compute_intersecting_squares(starting_point, ending_point):\n    dx = ending_point[0] - starting_point[0]\n    dy = ending_point[1] - starting_point[1]\n    points = []\n    if dx == 0 or dy == 0 or abs(dx) == abs(dy):\n        step_x = 1 if dx > 0 else -1 if dx < 0 else 0\n        step_y = 1 if dy > 0 else -1 if dy < 0 else 0\n        for i in range(1, max(abs(dx), abs(dy))):\n            points.append((starting_point[0] + i * step_x, starting_point[1] + i * step_y))\n    else:\n        slope = dy / dx\n        intercept = starting_point[1] - slope * starting_point[0]\n        if abs(slope) < 1:\n            step = 1 if dx > 0 else -1\n            for x in range(starting_point[0] + step, ending_point[0], step):\n                y = slope * x + intercept\n                points.extend([(x, int(y)), (x, int(y) + (1 if slope > 0 else -1))])\n        else:\n            slope = 1 / slope\n            intercept = starting_point[0] - slope * starting_point[1]\n            step = 1 if dy > 0 else -1\n            for y in range(starting_point[1] + step, ending_point[1], step):\n                x = slope * y + intercept\n                points.extend([(int(x), y), (int(x) + (1 if slope > 0 else -1), y)])\n    return list(dict.fromkeys(points))\n",
    "model_response": {
        "passing_tests": "test_diagonal, test_negative_diagonal, test_partial_negative_diagonal",
        "passing_tests_summary": "These tests passed because the provided code correctly calculates the intersecting squares for diagonal movements, including both positive and negative diagonals and diagonals with mixed directions. The algorithm checks if the movement is purely diagonal (dx == dy or dx == -dy) and then calculates the points accordingly.",
        "failing_tests": "test_half_slope, test_slope_greater_than_1, test_slope_less_than_1",
        "failing_tests_summary": "test_half_slope failed because the code added extra points for each step due to incorrect handling of slopes less than 1 but not equal to 1/2. test_slope_greater_than_1 and test_slope_less_than_1 failed because the code incorrectly calculated extra points for slopes greater than 1 and less than 1, respectively, due to not properly handling the calculation of intersecting squares based on the slope's relation to 1.",
        "missing_functionality": "The code needs to correctly handle cases where the slope is not exactly 1/2, greater than 1, or less than 1 by ensuring that it adds only the necessary points that intersect with the grid squares. This involves adjusting the logic to more accurately reflect the path taken between the start and end points for these specific slopes.",
        "code": "def compute_intersecting_squares(starting_point, ending_point):\n    dx = ending_point[0] - starting_point[0]\n    dy = ending_point[1] - starting_point[1]\n    points = []\n    if dx == 0 or dy == 0 or abs(dx) == abs(dy):\n        step_x = 1 if dx > 0 else -1 if dx < 0 else 0\n        step_y = 1 if dy > 0 else -1 if dy < 0 else 0\n        for i in range(1, max(abs(dx), abs(dy))):\n            points.append((starting_point[0] + i * step_x, starting_point[1] + i * step_y))\n    else:\n        slope = dy / dx\n        intercept = starting_point[1] - slope * starting_point[0]\n        if abs(slope) < 1:\n            step = 1 if dx > 0 else -1\n            for x in range(starting_point[0] + step, ending_point[0], step):\n                y = slope * x + intercept\n                if slope > 0:\n                    points.append((x, int(y)))\n                else:\n                    points.append((x, int(y) + 1))\n        elif abs(slope) > 1:\n            slope = 1 / slope\n            intercept = starting_point[0] - slope * starting_point[1]\n            step = 1 if dy > 0 else -1\n            for y in range(starting_point[1] + step, ending_point[1], step):\n                x = slope * y + intercept\n                if slope > 0:\n                    points.append((int(x), y))\n                else:\n                    points.append((int(x) + 1, y))\n        else:\n            # Handle special cases like slope = 1/2 or 2 directly\n            if abs(dx) > abs(dy):\n                step_x = 1 if dx > 0 else -1\n                for x in range(starting_point[0] + step_x, ending_point[0], step_x):\n                    y = int(slope * x + intercept)\n                    points.append((x, y))\n            else:\n                step_y = 1 if dy > 0 else -1\n                for y in range(starting_point[1] + step_y, ending_point[1], step_y):\n                    x = int((y - intercept) / slope)\n                    points.append((x, y))\n    return list(dict.fromkeys(points))"
    },
    "test_results": "....FF\n======================================================================\nFAIL: test_slope_greater_than_1 (src.example_tests.grid_intersections_test.TestComputeIntersectingSquares.test_slope_greater_than_1)\n----------------------------------------------------------------------\nTraceback (most recent call last):\n  File \"/Users/jtmcgoffin/Documents/projects/semanticAI/semanticai/src/example_tests/grid_intersections_test.py\", line 39, in test_slope_greater_than_1\n    self.assertEqual(compute_intersecting_squares(starting_point, ending_point), expected_points)\nAssertionError: Lists differ: [(0, 1), (0, 2), (1, 3), (1, 4), (2, 5), (2, 6)] != [(0, 1), (0, 2), (1, 2), (1, 3), (1, 4), (2, 4), (2, 5), (2, 6)]\n\nFirst differing element 2:\n(1, 3)\n(1, 2)\n\nSecond list contains 2 additional elements.\nFirst extra element 6:\n(2, 5)\n\n- [(0, 1), (0, 2), (1, 3), (1, 4), (2, 5), (2, 6)]\n+ [(0, 1), (0, 2), (1, 2), (1, 3), (1, 4), (2, 4), (2, 5), (2, 6)]\n?                      ++++++++                ++++++++\n\n\n======================================================================\nFAIL: test_slope_less_than_1 (src.example_tests.grid_intersections_test.TestComputeIntersectingSquares.test_slope_less_than_1)\n----------------------------------------------------------------------\nTraceback (most recent call last):\n  File \"/Users/jtmcgoffin/Documents/projects/semanticAI/semanticai/src/example_tests/grid_intersections_test.py\", line 33, in test_slope_less_than_1\n    self.assertEqual(compute_intersecting_squares(starting_point, ending_point), expected_points)\nAssertionError: Lists differ: [(1, 0), (2, 1), (3, 1), (4, 2)] != [(1, 0), (1, 1), (2, 1), (3, 1), (3, 2), (4, 2)]\n\nFirst differing element 1:\n(2, 1)\n(1, 1)\n\nSecond list contains 2 additional elements.\nFirst extra element 4:\n(3, 2)\n\n- [(1, 0), (2, 1), (3, 1), (4, 2)]\n+ [(1, 0), (1, 1), (2, 1), (3, 1), (3, 2), (4, 2)]\n?          ++++++++                ++++++++\n\n\n----------------------------------------------------------------------\nRan 6 tests in 0.001s\n\nFAILED (failures=2)\n"
},{
    "prompt": "\n\n    Some or all of the tests did not pass. \n    \n    The provided code is in the first set of triple backticks, the unittest code used to test the provided code is in the second triple backticks, and the test runner feedback is in the third set of triple backticks. Using the test runner feedback, iterate on the provided code to make the failing tests pass while maintaining that the passing tests continue to pass. \n    \n    Make sure that any non-test errors are addressed first and remove any unused imports. \n    \n    Perform the following actions. The only output should be the JSON object specified in the last step:\n\n    1. List which tests passed.\n    2. State what in the code made the passing tests pass.\n    3. List which tests failed.\n    4. Summarize why each test failed.\n    5. Summarize the functionality required for the failing tests to pass. Be sure to check that all positional arguments are used in the code.\n    6. Provide the code that contains that functionality.\n    7. Output the above steps in a JSON object in the following format: \n    {\n    \"passing_tests\": \"1\",\n    \"passing_tests_summary\": \"2\",\n    \"failing_tests\": \"3\",\n    \"failing_tests_summary\": \"4\", \n    \"missing_functionality\": \"5\",\n    \"code\": \"6\"}\n\n    code:\n    ```def compute_intersecting_squares(starting_point, ending_point):\n    dx = ending_point[0] - starting_point[0]\n    dy = ending_point[1] - starting_point[1]\n    points = []\n    if dx == 0 or dy == 0 or abs(dx) == abs(dy):\n        step_x = 1 if dx > 0 else -1 if dx < 0 else 0\n        step_y = 1 if dy > 0 else -1 if dy < 0 else 0\n        for i in range(1, max(abs(dx), abs(dy))):\n            points.append((starting_point[0] + i * step_x, starting_point[1] + i * step_y))\n    else:\n        slope = dy / dx\n        intercept = starting_point[1] - slope * starting_point[0]\n        if abs(slope) < 1:\n            step = 1 if dx > 0 else -1\n            for x in range(starting_point[0] + step, ending_point[0], step):\n                y = slope * x + intercept\n                if slope > 0:\n                    points.append((x, int(y)))\n                else:\n                    points.append((x, int(y) + 1))\n        elif abs(slope) > 1:\n            slope = 1 / slope\n            intercept = starting_point[0] - slope * starting_point[1]\n            step = 1 if dy > 0 else -1\n            for y in range(starting_point[1] + step, ending_point[1], step):\n                x = slope * y + intercept\n                if slope > 0:\n                    points.append((int(x), y))\n                else:\n                    points.append((int(x) + 1, y))\n        else:\n            # Handle special cases like slope = 1/2 or 2 directly\n            if abs(dx) > abs(dy):\n                step_x = 1 if dx > 0 else -1\n                for x in range(starting_point[0] + step_x, ending_point[0], step_x):\n                    y = int(slope * x + intercept)\n                    points.append((x, y))\n            else:\n                step_y = 1 if dy > 0 else -1\n                for y in range(starting_point[1] + step_y, ending_point[1], step_y):\n                    x = int((y - intercept) / slope)\n                    points.append((x, y))\n    return list(dict.fromkeys(points))```\n    tests:\n    ```import unittest\nfrom src.example_tests.grid_intersections import compute_intersecting_squares\n\nclass TestComputeIntersectingSquares(unittest.TestCase):\n    def test_diagonal(self):\n        starting_point = (0,0)\n        ending_point = (5,5)\n        expected_points = [(1,1), (2,2), (3,3), (4,4)]\n        self.assertEqual(compute_intersecting_squares(starting_point, ending_point), expected_points)\n\n    def test_negative_diagonal(self):\n        starting_point = (0,0)\n        ending_point = (-5,-5)\n        expected_points = [(-1,-1), (-2,-2), (-3,-3), (-4,-4)]\n        self.assertEqual(compute_intersecting_squares(starting_point, ending_point), expected_points)\n\n    def test_partial_negative_diagonal(self):\n        starting_point = (0,0)\n        ending_point = (5,-5)\n        expected_points = [(1,-1), (2,-2), (3,-3), (4,-4)]\n        self.assertEqual(compute_intersecting_squares(starting_point, ending_point), expected_points)\n\n    def test_half_slope(self):\n        starting_point = (0,0)\n        ending_point = (6,3)\n        expected_points = [(1,0), (2,1), (3,1), (4,2), (5,2)]\n        self.assertEqual(compute_intersecting_squares(starting_point, ending_point), expected_points)\n    \n    def test_slope_less_than_1(self):\n        starting_point = (0,0)\n        ending_point = (5,3)\n        expected_points = [(1,0), (1,1), (2,1), (3,1), (3,2), (4,2)]\n        self.assertEqual(compute_intersecting_squares(starting_point, ending_point), expected_points)\n\n    def test_slope_greater_than_1(self):\n        starting_point = (0,0)\n        ending_point = (3,7)\n        expected_points = [(0,1), (0,2), (1,2), (1,3), (1,4), (2,4), (2,5), (2,6)]\n        self.assertEqual(compute_intersecting_squares(starting_point, ending_point), expected_points)```\n    test runner feedback:\n    ```....FF\n======================================================================\nFAIL: test_slope_greater_than_1 (src.example_tests.grid_intersections_test.TestComputeIntersectingSquares.test_slope_greater_than_1)\n----------------------------------------------------------------------\nTraceback (most recent call last):\n  File \"/Users/jtmcgoffin/Documents/projects/semanticAI/semanticai/src/example_tests/grid_intersections_test.py\", line 39, in test_slope_greater_than_1\n    self.assertEqual(compute_intersecting_squares(starting_point, ending_point), expected_points)\nAssertionError: Lists differ: [(0, 1), (0, 2), (1, 3), (1, 4), (2, 5), (2, 6)] != [(0, 1), (0, 2), (1, 2), (1, 3), (1, 4), (2, 4), (2, 5), (2, 6)]\n\nFirst differing element 2:\n(1, 3)\n(1, 2)\n\nSecond list contains 2 additional elements.\nFirst extra element 6:\n(2, 5)\n\n- [(0, 1), (0, 2), (1, 3), (1, 4), (2, 5), (2, 6)]\n+ [(0, 1), (0, 2), (1, 2), (1, 3), (1, 4), (2, 4), (2, 5), (2, 6)]\n?                      ++++++++                ++++++++\n\n\n======================================================================\nFAIL: test_slope_less_than_1 (src.example_tests.grid_intersections_test.TestComputeIntersectingSquares.test_slope_less_than_1)\n----------------------------------------------------------------------\nTraceback (most recent call last):\n  File \"/Users/jtmcgoffin/Documents/projects/semanticAI/semanticai/src/example_tests/grid_intersections_test.py\", line 33, in test_slope_less_than_1\n    self.assertEqual(compute_intersecting_squares(starting_point, ending_point), expected_points)\nAssertionError: Lists differ: [(1, 0), (2, 1), (3, 1), (4, 2)] != [(1, 0), (1, 1), (2, 1), (3, 1), (3, 2), (4, 2)]\n\nFirst differing element 1:\n(2, 1)\n(1, 1)\n\nSecond list contains 2 additional elements.\nFirst extra element 4:\n(3, 2)\n\n- [(1, 0), (2, 1), (3, 1), (4, 2)]\n+ [(1, 0), (1, 1), (2, 1), (3, 1), (3, 2), (4, 2)]\n?          ++++++++                ++++++++\n\n\n----------------------------------------------------------------------\nRan 6 tests in 0.001s\n\nFAILED (failures=2)\n```\n\n    ",
    "tests_string_input": "import unittest\nfrom src.example_tests.grid_intersections import compute_intersecting_squares\n\nclass TestComputeIntersectingSquares(unittest.TestCase):\n    def test_diagonal(self):\n        starting_point = (0,0)\n        ending_point = (5,5)\n        expected_points = [(1,1), (2,2), (3,3), (4,4)]\n        self.assertEqual(compute_intersecting_squares(starting_point, ending_point), expected_points)\n\n    def test_negative_diagonal(self):\n        starting_point = (0,0)\n        ending_point = (-5,-5)\n        expected_points = [(-1,-1), (-2,-2), (-3,-3), (-4,-4)]\n        self.assertEqual(compute_intersecting_squares(starting_point, ending_point), expected_points)\n\n    def test_partial_negative_diagonal(self):\n        starting_point = (0,0)\n        ending_point = (5,-5)\n        expected_points = [(1,-1), (2,-2), (3,-3), (4,-4)]\n        self.assertEqual(compute_intersecting_squares(starting_point, ending_point), expected_points)\n\n    def test_half_slope(self):\n        starting_point = (0,0)\n        ending_point = (6,3)\n        expected_points = [(1,0), (2,1), (3,1), (4,2), (5,2)]\n        self.assertEqual(compute_intersecting_squares(starting_point, ending_point), expected_points)\n    \n    def test_slope_less_than_1(self):\n        starting_point = (0,0)\n        ending_point = (5,3)\n        expected_points = [(1,0), (1,1), (2,1), (3,1), (3,2), (4,2)]\n        self.assertEqual(compute_intersecting_squares(starting_point, ending_point), expected_points)\n\n    def test_slope_greater_than_1(self):\n        starting_point = (0,0)\n        ending_point = (3,7)\n        expected_points = [(0,1), (0,2), (1,2), (1,3), (1,4), (2,4), (2,5), (2,6)]\n        self.assertEqual(compute_intersecting_squares(starting_point, ending_point), expected_points)",
    "code_string_input": "def compute_intersecting_squares(starting_point, ending_point):\n    dx = ending_point[0] - starting_point[0]\n    dy = ending_point[1] - starting_point[1]\n    points = []\n    if dx == 0 or dy == 0 or abs(dx) == abs(dy):\n        step_x = 1 if dx > 0 else -1 if dx < 0 else 0\n        step_y = 1 if dy > 0 else -1 if dy < 0 else 0\n        for i in range(1, max(abs(dx), abs(dy))):\n            points.append((starting_point[0] + i * step_x, starting_point[1] + i * step_y))\n    else:\n        slope = dy / dx\n        intercept = starting_point[1] - slope * starting_point[0]\n        if abs(slope) < 1:\n            step = 1 if dx > 0 else -1\n            for x in range(starting_point[0] + step, ending_point[0], step):\n                y = slope * x + intercept\n                if slope > 0:\n                    points.append((x, int(y)))\n                else:\n                    points.append((x, int(y) + 1))\n        elif abs(slope) > 1:\n            slope = 1 / slope\n            intercept = starting_point[0] - slope * starting_point[1]\n            step = 1 if dy > 0 else -1\n            for y in range(starting_point[1] + step, ending_point[1], step):\n                x = slope * y + intercept\n                if slope > 0:\n                    points.append((int(x), y))\n                else:\n                    points.append((int(x) + 1, y))\n        else:\n            # Handle special cases like slope = 1/2 or 2 directly\n            if abs(dx) > abs(dy):\n                step_x = 1 if dx > 0 else -1\n                for x in range(starting_point[0] + step_x, ending_point[0], step_x):\n                    y = int(slope * x + intercept)\n                    points.append((x, y))\n            else:\n                step_y = 1 if dy > 0 else -1\n                for y in range(starting_point[1] + step_y, ending_point[1], step_y):\n                    x = int((y - intercept) / slope)\n                    points.append((x, y))\n    return list(dict.fromkeys(points))",
    "model_response": {
        "passing_tests": "4",
        "passing_tests_summary": "The passing tests cover scenarios with diagonal movements (both positive and negative) and a partial negative diagonal. They pass because the code correctly calculates the points along these paths, handling both positive and negative slopes and equal x and y movements.",
        "failing_tests": "2",
        "failing_tests_summary": "Tests 'test_slope_less_than_1' and 'test_slope_greater_than_1' failed because the code does not correctly handle cases where the slope is between 0 and 1 or greater than 1, leading to missing or incorrectly calculated points.",
        "missing_functionality": "The code needs to correctly handle cases where the slope is less than 1 or greater than 1 by ensuring all intersecting squares are included, particularly for slopes that do not equal exactly 1 or -1.",
        "code": "def compute_intersecting_squares(starting_point, ending_point):\n    dx = ending_point[0] - starting_point[0]\n    dy = ending_point[1] - starting_point[1]\n    points = []\n    if dx == 0 or dy == 0 or abs(dx) == abs(dy):\n        step_x = 1 if dx > 0 else -1 if dx < 0 else 0\n        step_y = 1 if dy > 0 else -1 if dy < 0 else 0\n        for i in range(1, max(abs(dx), abs(dy))):\n            points.append((starting_point[0] + i * step_x, starting_point[1] + i * step_y))\n    else:\n        if abs(dx) > abs(dy):\n            step = 1 if dx > 0 else -1\n            for x in range(starting_point[0], ending_point[0], step):\n                y = starting_point[1] + dy * (x - starting_point[0]) / dx\n                points.append((x, round(y)))\n        else:\n            step = 1 if dy > 0 else -1\n            for y in range(starting_point[1], ending_point[1], step):\n                x = starting_point[0] + dx * (y - starting_point[1]) / dy\n                points.append((round(x), y))\n    return list(dict.fromkeys(points))"
    },
    "test_results": ".F..FF\n======================================================================\nFAIL: test_half_slope (src.example_tests.grid_intersections_test.TestComputeIntersectingSquares.test_half_slope)\n----------------------------------------------------------------------\nTraceback (most recent call last):\n  File \"/Users/jtmcgoffin/Documents/projects/semanticAI/semanticai/src/example_tests/grid_intersections_test.py\", line 27, in test_half_slope\n    self.assertEqual(compute_intersecting_squares(starting_point, ending_point), expected_points)\nAssertionError: Lists differ: [(0, 0), (1, 0), (2, 1), (3, 2), (4, 2), (5, 2)] != [(1, 0), (2, 1), (3, 1), (4, 2), (5, 2)]\n\nFirst differing element 0:\n(0, 0)\n(1, 0)\n\nFirst list contains 1 additional elements.\nFirst extra element 5:\n(5, 2)\n\n- [(0, 0), (1, 0), (2, 1), (3, 2), (4, 2), (5, 2)]\n+ [(1, 0), (2, 1), (3, 1), (4, 2), (5, 2)]\n\n======================================================================\nFAIL: test_slope_greater_than_1 (src.example_tests.grid_intersections_test.TestComputeIntersectingSquares.test_slope_greater_than_1)\n----------------------------------------------------------------------\nTraceback (most recent call last):\n  File \"/Users/jtmcgoffin/Documents/projects/semanticAI/semanticai/src/example_tests/grid_intersections_test.py\", line 39, in test_slope_greater_than_1\n    self.assertEqual(compute_intersecting_squares(starting_point, ending_point), expected_points)\nAssertionError: Lists differ: [(0, 0), (0, 1), (1, 2), (1, 3), (2, 4), (2, 5), (3, 6)] != [(0, 1), (0, 2), (1, 2), (1, 3), (1, 4), (2, 4), (2, 5), (2, 6)]\n\nFirst differing element 0:\n(0, 0)\n(0, 1)\n\nSecond list contains 1 additional elements.\nFirst extra element 7:\n(2, 6)\n\n- [(0, 0), (0, 1), (1, 2), (1, 3), (2, 4), (2, 5), (3, 6)]\n?      ^       ^                                    ^\n\n+ [(0, 1), (0, 2), (1, 2), (1, 3), (1, 4), (2, 4), (2, 5), (2, 6)]\n?      ^       ^                   ++++++++                 ^\n\n\n======================================================================\nFAIL: test_slope_less_than_1 (src.example_tests.grid_intersections_test.TestComputeIntersectingSquares.test_slope_less_than_1)\n----------------------------------------------------------------------\nTraceback (most recent call last):\n  File \"/Users/jtmcgoffin/Documents/projects/semanticAI/semanticai/src/example_tests/grid_intersections_test.py\", line 33, in test_slope_less_than_1\n    self.assertEqual(compute_intersecting_squares(starting_point, ending_point), expected_points)\nAssertionError: Lists differ: [(0, 0), (1, 1), (2, 1), (3, 2), (4, 2)] != [(1, 0), (1, 1), (2, 1), (3, 1), (3, 2), (4, 2)]\n\nFirst differing element 0:\n(0, 0)\n(1, 0)\n\nSecond list contains 1 additional elements.\nFirst extra element 5:\n(4, 2)\n\n- [(0, 0), (1, 1), (2, 1), (3, 2), (4, 2)]\n?   ^\n\n+ [(1, 0), (1, 1), (2, 1), (3, 1), (3, 2), (4, 2)]\n?   ^                          ++++++++\n\n\n----------------------------------------------------------------------\nRan 6 tests in 0.003s\n\nFAILED (failures=3)\n"
},{
    "prompt": "\n\n    Some or all of the tests did not pass. \n    \n    The provided code is in the first set of triple backticks, the unittest code used to test the provided code is in the second triple backticks, and the test runner feedback is in the third set of triple backticks. Using the test runner feedback, iterate on the provided code to make the failing tests pass while maintaining that the passing tests continue to pass. \n    \n    Make sure that any non-test errors are addressed first and remove any unused imports. \n    \n    Perform the following actions. The only output should be the JSON object specified in the last step:\n\n    1. List which tests passed.\n    2. State what in the code made the passing tests pass.\n    3. List which tests failed.\n    4. Summarize why each test failed.\n    5. Summarize the functionality required for the failing tests to pass. Be sure to check that all positional arguments are used in the code.\n    6. Provide the code that contains that functionality.\n    7. Output the above steps in a JSON object in the following format: \n    {\n    \"passing_tests\": \"1\",\n    \"passing_tests_summary\": \"2\",\n    \"failing_tests\": \"3\",\n    \"failing_tests_summary\": \"4\", \n    \"missing_functionality\": \"5\",\n    \"code\": \"6\"}\n\n    code:\n    ```def compute_intersecting_squares(starting_point, ending_point):\n    dx = ending_point[0] - starting_point[0]\n    dy = ending_point[1] - starting_point[1]\n    points = []\n    if dx == 0 or dy == 0 or abs(dx) == abs(dy):\n        step_x = 1 if dx > 0 else -1 if dx < 0 else 0\n        step_y = 1 if dy > 0 else -1 if dy < 0 else 0\n        for i in range(1, max(abs(dx), abs(dy))):\n            points.append((starting_point[0] + i * step_x, starting_point[1] + i * step_y))\n    else:\n        if abs(dx) > abs(dy):\n            step = 1 if dx > 0 else -1\n            for x in range(starting_point[0], ending_point[0], step):\n                y = starting_point[1] + dy * (x - starting_point[0]) / dx\n                points.append((x, round(y)))\n        else:\n            step = 1 if dy > 0 else -1\n            for y in range(starting_point[1], ending_point[1], step):\n                x = starting_point[0] + dx * (y - starting_point[1]) / dy\n                points.append((round(x), y))\n    return list(dict.fromkeys(points))```\n    tests:\n    ```import unittest\nfrom src.example_tests.grid_intersections import compute_intersecting_squares\n\nclass TestComputeIntersectingSquares(unittest.TestCase):\n    def test_diagonal(self):\n        starting_point = (0,0)\n        ending_point = (5,5)\n        expected_points = [(1,1), (2,2), (3,3), (4,4)]\n        self.assertEqual(compute_intersecting_squares(starting_point, ending_point), expected_points)\n\n    def test_negative_diagonal(self):\n        starting_point = (0,0)\n        ending_point = (-5,-5)\n        expected_points = [(-1,-1), (-2,-2), (-3,-3), (-4,-4)]\n        self.assertEqual(compute_intersecting_squares(starting_point, ending_point), expected_points)\n\n    def test_partial_negative_diagonal(self):\n        starting_point = (0,0)\n        ending_point = (5,-5)\n        expected_points = [(1,-1), (2,-2), (3,-3), (4,-4)]\n        self.assertEqual(compute_intersecting_squares(starting_point, ending_point), expected_points)\n\n    def test_half_slope(self):\n        starting_point = (0,0)\n        ending_point = (6,3)\n        expected_points = [(1,0), (2,1), (3,1), (4,2), (5,2)]\n        self.assertEqual(compute_intersecting_squares(starting_point, ending_point), expected_points)\n    \n    def test_slope_less_than_1(self):\n        starting_point = (0,0)\n        ending_point = (5,3)\n        expected_points = [(1,0), (1,1), (2,1), (3,1), (3,2), (4,2)]\n        self.assertEqual(compute_intersecting_squares(starting_point, ending_point), expected_points)\n\n    def test_slope_greater_than_1(self):\n        starting_point = (0,0)\n        ending_point = (3,7)\n        expected_points = [(0,1), (0,2), (1,2), (1,3), (1,4), (2,4), (2,5), (2,6)]\n        self.assertEqual(compute_intersecting_squares(starting_point, ending_point), expected_points)```\n    test runner feedback:\n    ```.F..FF\n======================================================================\nFAIL: test_half_slope (src.example_tests.grid_intersections_test.TestComputeIntersectingSquares.test_half_slope)\n----------------------------------------------------------------------\nTraceback (most recent call last):\n  File \"/Users/jtmcgoffin/Documents/projects/semanticAI/semanticai/src/example_tests/grid_intersections_test.py\", line 27, in test_half_slope\n    self.assertEqual(compute_intersecting_squares(starting_point, ending_point), expected_points)\nAssertionError: Lists differ: [(0, 0), (1, 0), (2, 1), (3, 2), (4, 2), (5, 2)] != [(1, 0), (2, 1), (3, 1), (4, 2), (5, 2)]\n\nFirst differing element 0:\n(0, 0)\n(1, 0)\n\nFirst list contains 1 additional elements.\nFirst extra element 5:\n(5, 2)\n\n- [(0, 0), (1, 0), (2, 1), (3, 2), (4, 2), (5, 2)]\n+ [(1, 0), (2, 1), (3, 1), (4, 2), (5, 2)]\n\n======================================================================\nFAIL: test_slope_greater_than_1 (src.example_tests.grid_intersections_test.TestComputeIntersectingSquares.test_slope_greater_than_1)\n----------------------------------------------------------------------\nTraceback (most recent call last):\n  File \"/Users/jtmcgoffin/Documents/projects/semanticAI/semanticai/src/example_tests/grid_intersections_test.py\", line 39, in test_slope_greater_than_1\n    self.assertEqual(compute_intersecting_squares(starting_point, ending_point), expected_points)\nAssertionError: Lists differ: [(0, 0), (0, 1), (1, 2), (1, 3), (2, 4), (2, 5), (3, 6)] != [(0, 1), (0, 2), (1, 2), (1, 3), (1, 4), (2, 4), (2, 5), (2, 6)]\n\nFirst differing element 0:\n(0, 0)\n(0, 1)\n\nSecond list contains 1 additional elements.\nFirst extra element 7:\n(2, 6)\n\n- [(0, 0), (0, 1), (1, 2), (1, 3), (2, 4), (2, 5), (3, 6)]\n?      ^       ^                                    ^\n\n+ [(0, 1), (0, 2), (1, 2), (1, 3), (1, 4), (2, 4), (2, 5), (2, 6)]\n?      ^       ^                   ++++++++                 ^\n\n\n======================================================================\nFAIL: test_slope_less_than_1 (src.example_tests.grid_intersections_test.TestComputeIntersectingSquares.test_slope_less_than_1)\n----------------------------------------------------------------------\nTraceback (most recent call last):\n  File \"/Users/jtmcgoffin/Documents/projects/semanticAI/semanticai/src/example_tests/grid_intersections_test.py\", line 33, in test_slope_less_than_1\n    self.assertEqual(compute_intersecting_squares(starting_point, ending_point), expected_points)\nAssertionError: Lists differ: [(0, 0), (1, 1), (2, 1), (3, 2), (4, 2)] != [(1, 0), (1, 1), (2, 1), (3, 1), (3, 2), (4, 2)]\n\nFirst differing element 0:\n(0, 0)\n(1, 0)\n\nSecond list contains 1 additional elements.\nFirst extra element 5:\n(4, 2)\n\n- [(0, 0), (1, 1), (2, 1), (3, 2), (4, 2)]\n?   ^\n\n+ [(1, 0), (1, 1), (2, 1), (3, 1), (3, 2), (4, 2)]\n?   ^                          ++++++++\n\n\n----------------------------------------------------------------------\nRan 6 tests in 0.003s\n\nFAILED (failures=3)\n```\n\n    ",
    "tests_string_input": "import unittest\nfrom src.example_tests.grid_intersections import compute_intersecting_squares\n\nclass TestComputeIntersectingSquares(unittest.TestCase):\n    def test_diagonal(self):\n        starting_point = (0,0)\n        ending_point = (5,5)\n        expected_points = [(1,1), (2,2), (3,3), (4,4)]\n        self.assertEqual(compute_intersecting_squares(starting_point, ending_point), expected_points)\n\n    def test_negative_diagonal(self):\n        starting_point = (0,0)\n        ending_point = (-5,-5)\n        expected_points = [(-1,-1), (-2,-2), (-3,-3), (-4,-4)]\n        self.assertEqual(compute_intersecting_squares(starting_point, ending_point), expected_points)\n\n    def test_partial_negative_diagonal(self):\n        starting_point = (0,0)\n        ending_point = (5,-5)\n        expected_points = [(1,-1), (2,-2), (3,-3), (4,-4)]\n        self.assertEqual(compute_intersecting_squares(starting_point, ending_point), expected_points)\n\n    def test_half_slope(self):\n        starting_point = (0,0)\n        ending_point = (6,3)\n        expected_points = [(1,0), (2,1), (3,1), (4,2), (5,2)]\n        self.assertEqual(compute_intersecting_squares(starting_point, ending_point), expected_points)\n    \n    def test_slope_less_than_1(self):\n        starting_point = (0,0)\n        ending_point = (5,3)\n        expected_points = [(1,0), (1,1), (2,1), (3,1), (3,2), (4,2)]\n        self.assertEqual(compute_intersecting_squares(starting_point, ending_point), expected_points)\n\n    def test_slope_greater_than_1(self):\n        starting_point = (0,0)\n        ending_point = (3,7)\n        expected_points = [(0,1), (0,2), (1,2), (1,3), (1,4), (2,4), (2,5), (2,6)]\n        self.assertEqual(compute_intersecting_squares(starting_point, ending_point), expected_points)",
    "code_string_input": "def compute_intersecting_squares(starting_point, ending_point):\n    dx = ending_point[0] - starting_point[0]\n    dy = ending_point[1] - starting_point[1]\n    points = []\n    if dx == 0 or dy == 0 or abs(dx) == abs(dy):\n        step_x = 1 if dx > 0 else -1 if dx < 0 else 0\n        step_y = 1 if dy > 0 else -1 if dy < 0 else 0\n        for i in range(1, max(abs(dx), abs(dy))):\n            points.append((starting_point[0] + i * step_x, starting_point[1] + i * step_y))\n    else:\n        if abs(dx) > abs(dy):\n            step = 1 if dx > 0 else -1\n            for x in range(starting_point[0], ending_point[0], step):\n                y = starting_point[1] + dy * (x - starting_point[0]) / dx\n                points.append((x, round(y)))\n        else:\n            step = 1 if dy > 0 else -1\n            for y in range(starting_point[1], ending_point[1], step):\n                x = starting_point[0] + dx * (y - starting_point[1]) / dy\n                points.append((round(x), y))\n    return list(dict.fromkeys(points))",
    "model_response": {
        "passing_tests": "test_diagonal, test_negative_diagonal, test_partial_negative_diagonal",
        "passing_tests_summary": "The passing tests cover scenarios where the movement is strictly diagonal, either in a positive, negative, or mixed direction. The code correctly calculates the intermediate points for these cases by determining the step size for x and y directions based on the difference between the starting and ending points, and then iterates over the range of steps to add each intermediate point to the list.",
        "failing_tests": "test_half_slope, test_slope_less_than_1, test_slope_greater_than_1",
        "failing_tests_summary": "The failing tests are due to incorrect handling of cases where the slope of the line between the starting and ending points is not equal to 1 or -1. Specifically, the algorithm does not correctly calculate the intermediate points for lines with slopes that are fractions or greater than 1. Additionally, the algorithm incorrectly includes the starting point in the list of intermediate points, which is not expected in the test cases.",
        "missing_functionality": "To pass the failing tests, the code needs to correctly handle lines with slopes other than 1 or -1, ensuring that it rounds the calculated points to the nearest integers correctly and does not include the starting point in the list of intermediate points.",
        "code": "def compute_intersecting_squares(starting_point, ending_point):\n    dx = ending_point[0] - starting_point[0]\n    dy = ending_point[1] - starting_point[1]\n    points = []\n    if dx == 0 or dy == 0 or abs(dx) == abs(dy):\n        step_x = 1 if dx > 0 else -1 if dx < 0 else 0\n        step_y = 1 if dy > 0 else -1 if dy < 0 else 0\n        for i in range(1, max(abs(dx), abs(dy))):\n            points.append((starting_point[0] + i * step_x, starting_point[1] + i * step_y))\n    else:\n        if abs(dx) > abs(dy):\n            step = 1 if dx > 0 else -1\n            for x in range(starting_point[0] + step, ending_point[0], step):\n                y = starting_point[1] + dy * (x - starting_point[0]) / dx\n                points.append((x, round(y)))\n        else:\n            step = 1 if dy > 0 else -1\n            for y in range(starting_point[1] + step, ending_point[1], step):\n                x = starting_point[0] + dx * (y - starting_point[1]) / dy\n                points.append((round(x), y))\n    return list(dict.fromkeys(points))"
    },
    "test_results": ".F..FF\n======================================================================\nFAIL: test_half_slope (src.example_tests.grid_intersections_test.TestComputeIntersectingSquares.test_half_slope)\n----------------------------------------------------------------------\nTraceback (most recent call last):\n  File \"/Users/jtmcgoffin/Documents/projects/semanticAI/semanticai/src/example_tests/grid_intersections_test.py\", line 27, in test_half_slope\n    self.assertEqual(compute_intersecting_squares(starting_point, ending_point), expected_points)\nAssertionError: Lists differ: [(1, 0), (2, 1), (3, 2), (4, 2), (5, 2)] != [(1, 0), (2, 1), (3, 1), (4, 2), (5, 2)]\n\nFirst differing element 2:\n(3, 2)\n(3, 1)\n\n- [(1, 0), (2, 1), (3, 2), (4, 2), (5, 2)]\n?                          --------\n\n+ [(1, 0), (2, 1), (3, 1), (4, 2), (5, 2)]\n?                      ++++++++\n\n\n======================================================================\nFAIL: test_slope_greater_than_1 (src.example_tests.grid_intersections_test.TestComputeIntersectingSquares.test_slope_greater_than_1)\n----------------------------------------------------------------------\nTraceback (most recent call last):\n  File \"/Users/jtmcgoffin/Documents/projects/semanticAI/semanticai/src/example_tests/grid_intersections_test.py\", line 39, in test_slope_greater_than_1\n    self.assertEqual(compute_intersecting_squares(starting_point, ending_point), expected_points)\nAssertionError: Lists differ: [(0, 1), (1, 2), (1, 3), (2, 4), (2, 5), (3, 6)] != [(0, 1), (0, 2), (1, 2), (1, 3), (1, 4), (2, 4), (2, 5), (2, 6)]\n\nFirst differing element 1:\n(1, 2)\n(0, 2)\n\nSecond list contains 2 additional elements.\nFirst extra element 6:\n(2, 5)\n\n- [(0, 1), (1, 2), (1, 3), (2, 4), (2, 5), (3, 6)]\n?                                           ^\n\n+ [(0, 1), (0, 2), (1, 2), (1, 3), (1, 4), (2, 4), (2, 5), (2, 6)]\n?          ++++++++                ++++++++                 ^\n\n\n======================================================================\nFAIL: test_slope_less_than_1 (src.example_tests.grid_intersections_test.TestComputeIntersectingSquares.test_slope_less_than_1)\n----------------------------------------------------------------------\nTraceback (most recent call last):\n  File \"/Users/jtmcgoffin/Documents/projects/semanticAI/semanticai/src/example_tests/grid_intersections_test.py\", line 33, in test_slope_less_than_1\n    self.assertEqual(compute_intersecting_squares(starting_point, ending_point), expected_points)\nAssertionError: Lists differ: [(1, 1), (2, 1), (3, 2), (4, 2)] != [(1, 0), (1, 1), (2, 1), (3, 1), (3, 2), (4, 2)]\n\nFirst differing element 0:\n(1, 1)\n(1, 0)\n\nSecond list contains 2 additional elements.\nFirst extra element 4:\n(3, 2)\n\n- [(1, 1), (2, 1), (3, 2), (4, 2)]\n+ [(1, 0), (1, 1), (2, 1), (3, 1), (3, 2), (4, 2)]\n?      ++++++++                ++++++++\n\n\n----------------------------------------------------------------------\nRan 6 tests in 0.002s\n\nFAILED (failures=3)\n"
},{
    "prompt": "\n\n    Some or all of the tests did not pass. \n    \n    The provided code is in the first set of triple backticks, the unittest code used to test the provided code is in the second triple backticks, and the test runner feedback is in the third set of triple backticks. Using the test runner feedback, iterate on the provided code to make the failing tests pass while maintaining that the passing tests continue to pass. \n    \n    Make sure that any non-test errors are addressed first and remove any unused imports. \n    \n    Perform the following actions. The only output should be the JSON object specified in the last step:\n\n    1. List which tests passed.\n    2. State what in the code made the passing tests pass.\n    3. List which tests failed.\n    4. Summarize why each test failed.\n    5. Summarize the functionality required for the failing tests to pass. Be sure to check that all positional arguments are used in the code.\n    6. Provide the code that contains that functionality.\n    7. Output the above steps in a JSON object in the following format: \n    {\n    \"passing_tests\": \"1\",\n    \"passing_tests_summary\": \"2\",\n    \"failing_tests\": \"3\",\n    \"failing_tests_summary\": \"4\", \n    \"missing_functionality\": \"5\",\n    \"code\": \"6\"}\n\n    code:\n    ```def compute_intersecting_squares(starting_point, ending_point):\n    dx = ending_point[0] - starting_point[0]\n    dy = ending_point[1] - starting_point[1]\n    points = []\n    if dx == 0 or dy == 0 or abs(dx) == abs(dy):\n        step_x = 1 if dx > 0 else -1 if dx < 0 else 0\n        step_y = 1 if dy > 0 else -1 if dy < 0 else 0\n        for i in range(1, max(abs(dx), abs(dy))):\n            points.append((starting_point[0] + i * step_x, starting_point[1] + i * step_y))\n    else:\n        if abs(dx) > abs(dy):\n            step = 1 if dx > 0 else -1\n            for x in range(starting_point[0] + step, ending_point[0], step):\n                y = starting_point[1] + dy * (x - starting_point[0]) / dx\n                points.append((x, round(y)))\n        else:\n            step = 1 if dy > 0 else -1\n            for y in range(starting_point[1] + step, ending_point[1], step):\n                x = starting_point[0] + dx * (y - starting_point[1]) / dy\n                points.append((round(x), y))\n    return list(dict.fromkeys(points))```\n    tests:\n    ```import unittest\nfrom src.example_tests.grid_intersections import compute_intersecting_squares\n\nclass TestComputeIntersectingSquares(unittest.TestCase):\n    def test_diagonal(self):\n        starting_point = (0,0)\n        ending_point = (5,5)\n        expected_points = [(1,1), (2,2), (3,3), (4,4)]\n        self.assertEqual(compute_intersecting_squares(starting_point, ending_point), expected_points)\n\n    def test_negative_diagonal(self):\n        starting_point = (0,0)\n        ending_point = (-5,-5)\n        expected_points = [(-1,-1), (-2,-2), (-3,-3), (-4,-4)]\n        self.assertEqual(compute_intersecting_squares(starting_point, ending_point), expected_points)\n\n    def test_partial_negative_diagonal(self):\n        starting_point = (0,0)\n        ending_point = (5,-5)\n        expected_points = [(1,-1), (2,-2), (3,-3), (4,-4)]\n        self.assertEqual(compute_intersecting_squares(starting_point, ending_point), expected_points)\n\n    def test_half_slope(self):\n        starting_point = (0,0)\n        ending_point = (6,3)\n        expected_points = [(1,0), (2,1), (3,1), (4,2), (5,2)]\n        self.assertEqual(compute_intersecting_squares(starting_point, ending_point), expected_points)\n    \n    def test_slope_less_than_1(self):\n        starting_point = (0,0)\n        ending_point = (5,3)\n        expected_points = [(1,0), (1,1), (2,1), (3,1), (3,2), (4,2)]\n        self.assertEqual(compute_intersecting_squares(starting_point, ending_point), expected_points)\n\n    def test_slope_greater_than_1(self):\n        starting_point = (0,0)\n        ending_point = (3,7)\n        expected_points = [(0,1), (0,2), (1,2), (1,3), (1,4), (2,4), (2,5), (2,6)]\n        self.assertEqual(compute_intersecting_squares(starting_point, ending_point), expected_points)```\n    test runner feedback:\n    ```.F..FF\n======================================================================\nFAIL: test_half_slope (src.example_tests.grid_intersections_test.TestComputeIntersectingSquares.test_half_slope)\n----------------------------------------------------------------------\nTraceback (most recent call last):\n  File \"/Users/jtmcgoffin/Documents/projects/semanticAI/semanticai/src/example_tests/grid_intersections_test.py\", line 27, in test_half_slope\n    self.assertEqual(compute_intersecting_squares(starting_point, ending_point), expected_points)\nAssertionError: Lists differ: [(1, 0), (2, 1), (3, 2), (4, 2), (5, 2)] != [(1, 0), (2, 1), (3, 1), (4, 2), (5, 2)]\n\nFirst differing element 2:\n(3, 2)\n(3, 1)\n\n- [(1, 0), (2, 1), (3, 2), (4, 2), (5, 2)]\n?                          --------\n\n+ [(1, 0), (2, 1), (3, 1), (4, 2), (5, 2)]\n?                      ++++++++\n\n\n======================================================================\nFAIL: test_slope_greater_than_1 (src.example_tests.grid_intersections_test.TestComputeIntersectingSquares.test_slope_greater_than_1)\n----------------------------------------------------------------------\nTraceback (most recent call last):\n  File \"/Users/jtmcgoffin/Documents/projects/semanticAI/semanticai/src/example_tests/grid_intersections_test.py\", line 39, in test_slope_greater_than_1\n    self.assertEqual(compute_intersecting_squares(starting_point, ending_point), expected_points)\nAssertionError: Lists differ: [(0, 1), (1, 2), (1, 3), (2, 4), (2, 5), (3, 6)] != [(0, 1), (0, 2), (1, 2), (1, 3), (1, 4), (2, 4), (2, 5), (2, 6)]\n\nFirst differing element 1:\n(1, 2)\n(0, 2)\n\nSecond list contains 2 additional elements.\nFirst extra element 6:\n(2, 5)\n\n- [(0, 1), (1, 2), (1, 3), (2, 4), (2, 5), (3, 6)]\n?                                           ^\n\n+ [(0, 1), (0, 2), (1, 2), (1, 3), (1, 4), (2, 4), (2, 5), (2, 6)]\n?          ++++++++                ++++++++                 ^\n\n\n======================================================================\nFAIL: test_slope_less_than_1 (src.example_tests.grid_intersections_test.TestComputeIntersectingSquares.test_slope_less_than_1)\n----------------------------------------------------------------------\nTraceback (most recent call last):\n  File \"/Users/jtmcgoffin/Documents/projects/semanticAI/semanticai/src/example_tests/grid_intersections_test.py\", line 33, in test_slope_less_than_1\n    self.assertEqual(compute_intersecting_squares(starting_point, ending_point), expected_points)\nAssertionError: Lists differ: [(1, 1), (2, 1), (3, 2), (4, 2)] != [(1, 0), (1, 1), (2, 1), (3, 1), (3, 2), (4, 2)]\n\nFirst differing element 0:\n(1, 1)\n(1, 0)\n\nSecond list contains 2 additional elements.\nFirst extra element 4:\n(3, 2)\n\n- [(1, 1), (2, 1), (3, 2), (4, 2)]\n+ [(1, 0), (1, 1), (2, 1), (3, 1), (3, 2), (4, 2)]\n?      ++++++++                ++++++++\n\n\n----------------------------------------------------------------------\nRan 6 tests in 0.002s\n\nFAILED (failures=3)\n```\n\n    ",
    "tests_string_input": "import unittest\nfrom src.example_tests.grid_intersections import compute_intersecting_squares\n\nclass TestComputeIntersectingSquares(unittest.TestCase):\n    def test_diagonal(self):\n        starting_point = (0,0)\n        ending_point = (5,5)\n        expected_points = [(1,1), (2,2), (3,3), (4,4)]\n        self.assertEqual(compute_intersecting_squares(starting_point, ending_point), expected_points)\n\n    def test_negative_diagonal(self):\n        starting_point = (0,0)\n        ending_point = (-5,-5)\n        expected_points = [(-1,-1), (-2,-2), (-3,-3), (-4,-4)]\n        self.assertEqual(compute_intersecting_squares(starting_point, ending_point), expected_points)\n\n    def test_partial_negative_diagonal(self):\n        starting_point = (0,0)\n        ending_point = (5,-5)\n        expected_points = [(1,-1), (2,-2), (3,-3), (4,-4)]\n        self.assertEqual(compute_intersecting_squares(starting_point, ending_point), expected_points)\n\n    def test_half_slope(self):\n        starting_point = (0,0)\n        ending_point = (6,3)\n        expected_points = [(1,0), (2,1), (3,1), (4,2), (5,2)]\n        self.assertEqual(compute_intersecting_squares(starting_point, ending_point), expected_points)\n    \n    def test_slope_less_than_1(self):\n        starting_point = (0,0)\n        ending_point = (5,3)\n        expected_points = [(1,0), (1,1), (2,1), (3,1), (3,2), (4,2)]\n        self.assertEqual(compute_intersecting_squares(starting_point, ending_point), expected_points)\n\n    def test_slope_greater_than_1(self):\n        starting_point = (0,0)\n        ending_point = (3,7)\n        expected_points = [(0,1), (0,2), (1,2), (1,3), (1,4), (2,4), (2,5), (2,6)]\n        self.assertEqual(compute_intersecting_squares(starting_point, ending_point), expected_points)",
    "code_string_input": "def compute_intersecting_squares(starting_point, ending_point):\n    dx = ending_point[0] - starting_point[0]\n    dy = ending_point[1] - starting_point[1]\n    points = []\n    if dx == 0 or dy == 0 or abs(dx) == abs(dy):\n        step_x = 1 if dx > 0 else -1 if dx < 0 else 0\n        step_y = 1 if dy > 0 else -1 if dy < 0 else 0\n        for i in range(1, max(abs(dx), abs(dy))):\n            points.append((starting_point[0] + i * step_x, starting_point[1] + i * step_y))\n    else:\n        if abs(dx) > abs(dy):\n            step = 1 if dx > 0 else -1\n            for x in range(starting_point[0] + step, ending_point[0], step):\n                y = starting_point[1] + dy * (x - starting_point[0]) / dx\n                points.append((x, round(y)))\n        else:\n            step = 1 if dy > 0 else -1\n            for y in range(starting_point[1] + step, ending_point[1], step):\n                x = starting_point[0] + dx * (y - starting_point[1]) / dy\n                points.append((round(x), y))\n    return list(dict.fromkeys(points))",
    "model_response": {
        "passing_tests": "test_diagonal, test_negative_diagonal, test_partial_negative_diagonal",
        "passing_tests_summary": "The passing tests cover scenarios where the movement is strictly diagonal, either in a positive or negative direction, or a mix of both. The code correctly calculates the intermediate points for these scenarios by using a consistent step for both x and y directions, ensuring that the slope of the movement is exactly 1 or -1, and thus, each intermediate point is correctly placed on the grid.",
        "failing_tests": "test_half_slope, test_slope_greater_than_1, test_slope_less_than_1",
        "failing_tests_summary": "The 'test_half_slope' fails due to incorrect calculation of intermediate points for a slope of 1/2. The 'test_slope_greater_than_1' and 'test_slope_less_than_1' fail because the code does not correctly handle cases where the slope is not 1, -1, or 0, leading to missing or incorrectly placed points.",
        "missing_functionality": "The code needs to properly handle cases where the slope of the line formed by the starting and ending points is not exactly 1 or -1. This includes correctly calculating intermediate points for slopes greater than 1, less than 1, and fractional slopes, ensuring that for each unit step in the dominant direction (x or y), the corresponding step in the other direction is calculated based on the slope, and rounding is applied correctly to determine the grid squares that are intersected.",
        "code": "def compute_intersecting_squares(starting_point, ending_point):\n    dx = ending_point[0] - starting_point[0]\n    dy = ending_point[1] - starting_point[1]\n    points = []\n    if dx == 0 or dy == 0 or abs(dx) == abs(dy):\n        step_x = 1 if dx > 0 else -1 if dx < 0 else 0\n        step_y = 1 if dy > 0 else -1 if dy < 0 else 0\n        for i in range(1, max(abs(dx), abs(dy))):\n            points.append((starting_point[0] + i * step_x, starting_point[1] + i * step_y))\n    else:\n        if abs(dx) > abs(dy):\n            step_x = 1 if dx > 0 else -1\n            for x in range(starting_point[0], ending_point[0], step_x):\n                y = starting_point[1] + dy * (x - starting_point[0]) / dx\n                if x != starting_point[0]:  # Avoid including the starting point\n                    points.append((x, round(y)))\n        else:\n            step_y = 1 if dy > 0 else -1\n            for y in range(starting_point[1], ending_point[1], step_y):\n                x = starting_point[0] + dx * (y - starting_point[1]) / dy\n                if y != starting_point[1]:  # Avoid including the starting point\n                    points.append((round(x), y))\n    return list(dict.fromkeys(points))"
    },
    "test_results": ".F..FF\n======================================================================\nFAIL: test_half_slope (src.example_tests.grid_intersections_test.TestComputeIntersectingSquares.test_half_slope)\n----------------------------------------------------------------------\nTraceback (most recent call last):\n  File \"/Users/jtmcgoffin/Documents/projects/semanticAI/semanticai/src/example_tests/grid_intersections_test.py\", line 27, in test_half_slope\n    self.assertEqual(compute_intersecting_squares(starting_point, ending_point), expected_points)\nAssertionError: Lists differ: [(1, 0), (2, 1), (3, 2), (4, 2), (5, 2)] != [(1, 0), (2, 1), (3, 1), (4, 2), (5, 2)]\n\nFirst differing element 2:\n(3, 2)\n(3, 1)\n\n- [(1, 0), (2, 1), (3, 2), (4, 2), (5, 2)]\n?                          --------\n\n+ [(1, 0), (2, 1), (3, 1), (4, 2), (5, 2)]\n?                      ++++++++\n\n\n======================================================================\nFAIL: test_slope_greater_than_1 (src.example_tests.grid_intersections_test.TestComputeIntersectingSquares.test_slope_greater_than_1)\n----------------------------------------------------------------------\nTraceback (most recent call last):\n  File \"/Users/jtmcgoffin/Documents/projects/semanticAI/semanticai/src/example_tests/grid_intersections_test.py\", line 39, in test_slope_greater_than_1\n    self.assertEqual(compute_intersecting_squares(starting_point, ending_point), expected_points)\nAssertionError: Lists differ: [(0, 1), (1, 2), (1, 3), (2, 4), (2, 5), (3, 6)] != [(0, 1), (0, 2), (1, 2), (1, 3), (1, 4), (2, 4), (2, 5), (2, 6)]\n\nFirst differing element 1:\n(1, 2)\n(0, 2)\n\nSecond list contains 2 additional elements.\nFirst extra element 6:\n(2, 5)\n\n- [(0, 1), (1, 2), (1, 3), (2, 4), (2, 5), (3, 6)]\n?                                           ^\n\n+ [(0, 1), (0, 2), (1, 2), (1, 3), (1, 4), (2, 4), (2, 5), (2, 6)]\n?          ++++++++                ++++++++                 ^\n\n\n======================================================================\nFAIL: test_slope_less_than_1 (src.example_tests.grid_intersections_test.TestComputeIntersectingSquares.test_slope_less_than_1)\n----------------------------------------------------------------------\nTraceback (most recent call last):\n  File \"/Users/jtmcgoffin/Documents/projects/semanticAI/semanticai/src/example_tests/grid_intersections_test.py\", line 33, in test_slope_less_than_1\n    self.assertEqual(compute_intersecting_squares(starting_point, ending_point), expected_points)\nAssertionError: Lists differ: [(1, 1), (2, 1), (3, 2), (4, 2)] != [(1, 0), (1, 1), (2, 1), (3, 1), (3, 2), (4, 2)]\n\nFirst differing element 0:\n(1, 1)\n(1, 0)\n\nSecond list contains 2 additional elements.\nFirst extra element 4:\n(3, 2)\n\n- [(1, 1), (2, 1), (3, 2), (4, 2)]\n+ [(1, 0), (1, 1), (2, 1), (3, 1), (3, 2), (4, 2)]\n?      ++++++++                ++++++++\n\n\n----------------------------------------------------------------------\nRan 6 tests in 0.002s\n\nFAILED (failures=3)\n"
},{
    "prompt": "\n\n    Some or all of the tests did not pass. \n    \n    The provided code is in the first set of triple backticks, the unittest code used to test the provided code is in the second triple backticks, and the test runner feedback is in the third set of triple backticks. Using the test runner feedback, iterate on the provided code to make the failing tests pass while maintaining that the passing tests continue to pass. \n    \n    Make sure that any non-test errors are addressed first and remove any unused imports. \n    \n    Perform the following actions. The only output should be the JSON object specified in the last step:\n\n    1. List which tests passed.\n    2. State what in the code made the passing tests pass.\n    3. List which tests failed.\n    4. Summarize why each test failed.\n    5. Summarize the functionality required for the failing tests to pass. Be sure to check that all positional arguments are used in the code.\n    6. Provide the code that contains that functionality.\n    7. Output the above steps in a JSON object in the following format: \n    {\n    \"passing_tests\": \"1\",\n    \"passing_tests_summary\": \"2\",\n    \"failing_tests\": \"3\",\n    \"failing_tests_summary\": \"4\", \n    \"missing_functionality\": \"5\",\n    \"code\": \"6\"}\n\n    code:\n    ```def compute_intersecting_squares(starting_point, ending_point):\n    dx = ending_point[0] - starting_point[0]\n    dy = ending_point[1] - starting_point[1]\n    points = []\n    if dx == 0 or dy == 0 or abs(dx) == abs(dy):\n        step_x = 1 if dx > 0 else -1 if dx < 0 else 0\n        step_y = 1 if dy > 0 else -1 if dy < 0 else 0\n        for i in range(1, max(abs(dx), abs(dy))):\n            points.append((starting_point[0] + i * step_x, starting_point[1] + i * step_y))\n    else:\n        if abs(dx) > abs(dy):\n            step_x = 1 if dx > 0 else -1\n            for x in range(starting_point[0], ending_point[0], step_x):\n                y = starting_point[1] + dy * (x - starting_point[0]) / dx\n                if x != starting_point[0]:  # Avoid including the starting point\n                    points.append((x, round(y)))\n        else:\n            step_y = 1 if dy > 0 else -1\n            for y in range(starting_point[1], ending_point[1], step_y):\n                x = starting_point[0] + dx * (y - starting_point[1]) / dy\n                if y != starting_point[1]:  # Avoid including the starting point\n                    points.append((round(x), y))\n    return list(dict.fromkeys(points))```\n    tests:\n    ```import unittest\nfrom src.example_tests.grid_intersections import compute_intersecting_squares\n\nclass TestComputeIntersectingSquares(unittest.TestCase):\n    def test_diagonal(self):\n        starting_point = (0,0)\n        ending_point = (5,5)\n        expected_points = [(1,1), (2,2), (3,3), (4,4)]\n        self.assertEqual(compute_intersecting_squares(starting_point, ending_point), expected_points)\n\n    def test_negative_diagonal(self):\n        starting_point = (0,0)\n        ending_point = (-5,-5)\n        expected_points = [(-1,-1), (-2,-2), (-3,-3), (-4,-4)]\n        self.assertEqual(compute_intersecting_squares(starting_point, ending_point), expected_points)\n\n    def test_partial_negative_diagonal(self):\n        starting_point = (0,0)\n        ending_point = (5,-5)\n        expected_points = [(1,-1), (2,-2), (3,-3), (4,-4)]\n        self.assertEqual(compute_intersecting_squares(starting_point, ending_point), expected_points)\n\n    def test_half_slope(self):\n        starting_point = (0,0)\n        ending_point = (6,3)\n        expected_points = [(1,0), (2,1), (3,1), (4,2), (5,2)]\n        self.assertEqual(compute_intersecting_squares(starting_point, ending_point), expected_points)\n    \n    def test_slope_less_than_1(self):\n        starting_point = (0,0)\n        ending_point = (5,3)\n        expected_points = [(1,0), (1,1), (2,1), (3,1), (3,2), (4,2)]\n        self.assertEqual(compute_intersecting_squares(starting_point, ending_point), expected_points)\n\n    def test_slope_greater_than_1(self):\n        starting_point = (0,0)\n        ending_point = (3,7)\n        expected_points = [(0,1), (0,2), (1,2), (1,3), (1,4), (2,4), (2,5), (2,6)]\n        self.assertEqual(compute_intersecting_squares(starting_point, ending_point), expected_points)```\n    test runner feedback:\n    ```.F..FF\n======================================================================\nFAIL: test_half_slope (src.example_tests.grid_intersections_test.TestComputeIntersectingSquares.test_half_slope)\n----------------------------------------------------------------------\nTraceback (most recent call last):\n  File \"/Users/jtmcgoffin/Documents/projects/semanticAI/semanticai/src/example_tests/grid_intersections_test.py\", line 27, in test_half_slope\n    self.assertEqual(compute_intersecting_squares(starting_point, ending_point), expected_points)\nAssertionError: Lists differ: [(1, 0), (2, 1), (3, 2), (4, 2), (5, 2)] != [(1, 0), (2, 1), (3, 1), (4, 2), (5, 2)]\n\nFirst differing element 2:\n(3, 2)\n(3, 1)\n\n- [(1, 0), (2, 1), (3, 2), (4, 2), (5, 2)]\n?                          --------\n\n+ [(1, 0), (2, 1), (3, 1), (4, 2), (5, 2)]\n?                      ++++++++\n\n\n======================================================================\nFAIL: test_slope_greater_than_1 (src.example_tests.grid_intersections_test.TestComputeIntersectingSquares.test_slope_greater_than_1)\n----------------------------------------------------------------------\nTraceback (most recent call last):\n  File \"/Users/jtmcgoffin/Documents/projects/semanticAI/semanticai/src/example_tests/grid_intersections_test.py\", line 39, in test_slope_greater_than_1\n    self.assertEqual(compute_intersecting_squares(starting_point, ending_point), expected_points)\nAssertionError: Lists differ: [(0, 1), (1, 2), (1, 3), (2, 4), (2, 5), (3, 6)] != [(0, 1), (0, 2), (1, 2), (1, 3), (1, 4), (2, 4), (2, 5), (2, 6)]\n\nFirst differing element 1:\n(1, 2)\n(0, 2)\n\nSecond list contains 2 additional elements.\nFirst extra element 6:\n(2, 5)\n\n- [(0, 1), (1, 2), (1, 3), (2, 4), (2, 5), (3, 6)]\n?                                           ^\n\n+ [(0, 1), (0, 2), (1, 2), (1, 3), (1, 4), (2, 4), (2, 5), (2, 6)]\n?          ++++++++                ++++++++                 ^\n\n\n======================================================================\nFAIL: test_slope_less_than_1 (src.example_tests.grid_intersections_test.TestComputeIntersectingSquares.test_slope_less_than_1)\n----------------------------------------------------------------------\nTraceback (most recent call last):\n  File \"/Users/jtmcgoffin/Documents/projects/semanticAI/semanticai/src/example_tests/grid_intersections_test.py\", line 33, in test_slope_less_than_1\n    self.assertEqual(compute_intersecting_squares(starting_point, ending_point), expected_points)\nAssertionError: Lists differ: [(1, 1), (2, 1), (3, 2), (4, 2)] != [(1, 0), (1, 1), (2, 1), (3, 1), (3, 2), (4, 2)]\n\nFirst differing element 0:\n(1, 1)\n(1, 0)\n\nSecond list contains 2 additional elements.\nFirst extra element 4:\n(3, 2)\n\n- [(1, 1), (2, 1), (3, 2), (4, 2)]\n+ [(1, 0), (1, 1), (2, 1), (3, 1), (3, 2), (4, 2)]\n?      ++++++++                ++++++++\n\n\n----------------------------------------------------------------------\nRan 6 tests in 0.002s\n\nFAILED (failures=3)\n```\n\n    ",
    "tests_string_input": "import unittest\nfrom src.example_tests.grid_intersections import compute_intersecting_squares\n\nclass TestComputeIntersectingSquares(unittest.TestCase):\n    def test_diagonal(self):\n        starting_point = (0,0)\n        ending_point = (5,5)\n        expected_points = [(1,1), (2,2), (3,3), (4,4)]\n        self.assertEqual(compute_intersecting_squares(starting_point, ending_point), expected_points)\n\n    def test_negative_diagonal(self):\n        starting_point = (0,0)\n        ending_point = (-5,-5)\n        expected_points = [(-1,-1), (-2,-2), (-3,-3), (-4,-4)]\n        self.assertEqual(compute_intersecting_squares(starting_point, ending_point), expected_points)\n\n    def test_partial_negative_diagonal(self):\n        starting_point = (0,0)\n        ending_point = (5,-5)\n        expected_points = [(1,-1), (2,-2), (3,-3), (4,-4)]\n        self.assertEqual(compute_intersecting_squares(starting_point, ending_point), expected_points)\n\n    def test_half_slope(self):\n        starting_point = (0,0)\n        ending_point = (6,3)\n        expected_points = [(1,0), (2,1), (3,1), (4,2), (5,2)]\n        self.assertEqual(compute_intersecting_squares(starting_point, ending_point), expected_points)\n    \n    def test_slope_less_than_1(self):\n        starting_point = (0,0)\n        ending_point = (5,3)\n        expected_points = [(1,0), (1,1), (2,1), (3,1), (3,2), (4,2)]\n        self.assertEqual(compute_intersecting_squares(starting_point, ending_point), expected_points)\n\n    def test_slope_greater_than_1(self):\n        starting_point = (0,0)\n        ending_point = (3,7)\n        expected_points = [(0,1), (0,2), (1,2), (1,3), (1,4), (2,4), (2,5), (2,6)]\n        self.assertEqual(compute_intersecting_squares(starting_point, ending_point), expected_points)",
    "code_string_input": "def compute_intersecting_squares(starting_point, ending_point):\n    dx = ending_point[0] - starting_point[0]\n    dy = ending_point[1] - starting_point[1]\n    points = []\n    if dx == 0 or dy == 0 or abs(dx) == abs(dy):\n        step_x = 1 if dx > 0 else -1 if dx < 0 else 0\n        step_y = 1 if dy > 0 else -1 if dy < 0 else 0\n        for i in range(1, max(abs(dx), abs(dy))):\n            points.append((starting_point[0] + i * step_x, starting_point[1] + i * step_y))\n    else:\n        if abs(dx) > abs(dy):\n            step_x = 1 if dx > 0 else -1\n            for x in range(starting_point[0], ending_point[0], step_x):\n                y = starting_point[1] + dy * (x - starting_point[0]) / dx\n                if x != starting_point[0]:  # Avoid including the starting point\n                    points.append((x, round(y)))\n        else:\n            step_y = 1 if dy > 0 else -1\n            for y in range(starting_point[1], ending_point[1], step_y):\n                x = starting_point[0] + dx * (y - starting_point[1]) / dy\n                if y != starting_point[1]:  # Avoid including the starting point\n                    points.append((round(x), y))\n    return list(dict.fromkeys(points))",
    "model_response": {
        "passing_tests": "test_diagonal, test_negative_diagonal, test_partial_negative_diagonal",
        "passing_tests_summary": "These tests passed because the provided code correctly calculates the intersecting squares for diagonal movements. The code handles both positive and negative diagonals, as well as diagonals that span quadrants, by ensuring the steps in x and y directions are correctly calculated and applied.",
        "failing_tests": "test_half_slope, test_slope_greater_than_1, test_slope_less_than_1",
        "failing_tests_summary": "The test_half_slope failed because the expected output included a point (3,1) which was not generated by the code, indicating an issue with handling slopes that are not exactly 1 or -1. The test_slope_greater_than_1 and test_slope_less_than_1 failed due to incorrect calculations when the slope is not equal to 1, indicating that the algorithm does not correctly handle cases where the slope of the line between the starting and ending points is greater or less than 1.",
        "missing_functionality": "The code needs to correctly handle cases where the slope of the line between the starting and ending points is not equal to 1. This includes correctly rounding and calculating intermediate points for slopes between 0 and 1, and slopes greater than 1 or less than -1, ensuring that all points that the line passes through are included.",
        "code": "def compute_intersecting_squares(starting_point, ending_point):\n    dx = ending_point[0] - starting_point[0]\n    dy = ending_point[1] - starting_point[1]\n    points = []\n    if dx == 0 or dy == 0 or abs(dx) == abs(dy):\n        step_x = 1 if dx > 0 else -1 if dx < 0 else 0\n        step_y = 1 if dy > 0 else -1 if dy < 0 else 0\n        for i in range(1, max(abs(dx), abs(dy))):\n            points.append((starting_point[0] + i * step_x, starting_point[1] + i * step_y))\n    else:\n        x, y = starting_point\n        while (x, y) != ending_point:\n            x += 1 if dx > 0 else -1\n            y_int = starting_point[1] + dy * (x - starting_point[0]) / dx\n            y = round(y_int)\n            if (x, y) != ending_point:\n                points.append((x, y))\n    return list(dict.fromkeys(points))"
    },
    "test_results": ".F..FF\n======================================================================\nFAIL: test_half_slope (src.example_tests.grid_intersections_test.TestComputeIntersectingSquares.test_half_slope)\n----------------------------------------------------------------------\nTraceback (most recent call last):\n  File \"/Users/jtmcgoffin/Documents/projects/semanticAI/semanticai/src/example_tests/grid_intersections_test.py\", line 27, in test_half_slope\n    self.assertEqual(compute_intersecting_squares(starting_point, ending_point), expected_points)\nAssertionError: Lists differ: [(1, 0), (2, 1), (3, 2), (4, 2), (5, 2)] != [(1, 0), (2, 1), (3, 1), (4, 2), (5, 2)]\n\nFirst differing element 2:\n(3, 2)\n(3, 1)\n\n- [(1, 0), (2, 1), (3, 2), (4, 2), (5, 2)]\n?                          --------\n\n+ [(1, 0), (2, 1), (3, 1), (4, 2), (5, 2)]\n?                      ++++++++\n\n\n======================================================================\nFAIL: test_slope_greater_than_1 (src.example_tests.grid_intersections_test.TestComputeIntersectingSquares.test_slope_greater_than_1)\n----------------------------------------------------------------------\nTraceback (most recent call last):\n  File \"/Users/jtmcgoffin/Documents/projects/semanticAI/semanticai/src/example_tests/grid_intersections_test.py\", line 39, in test_slope_greater_than_1\n    self.assertEqual(compute_intersecting_squares(starting_point, ending_point), expected_points)\nAssertionError: Lists differ: [(1, 2), (2, 5)] != [(0, 1), (0, 2), (1, 2), (1, 3), (1, 4), (2, 4), (2, 5), (2, 6)]\n\nFirst differing element 0:\n(1, 2)\n(0, 1)\n\nSecond list contains 6 additional elements.\nFirst extra element 2:\n(1, 2)\n\n- [(1, 2), (2, 5)]\n+ [(0, 1), (0, 2), (1, 2), (1, 3), (1, 4), (2, 4), (2, 5), (2, 6)]\n\n======================================================================\nFAIL: test_slope_less_than_1 (src.example_tests.grid_intersections_test.TestComputeIntersectingSquares.test_slope_less_than_1)\n----------------------------------------------------------------------\nTraceback (most recent call last):\n  File \"/Users/jtmcgoffin/Documents/projects/semanticAI/semanticai/src/example_tests/grid_intersections_test.py\", line 33, in test_slope_less_than_1\n    self.assertEqual(compute_intersecting_squares(starting_point, ending_point), expected_points)\nAssertionError: Lists differ: [(1, 1), (2, 1), (3, 2), (4, 2)] != [(1, 0), (1, 1), (2, 1), (3, 1), (3, 2), (4, 2)]\n\nFirst differing element 0:\n(1, 1)\n(1, 0)\n\nSecond list contains 2 additional elements.\nFirst extra element 4:\n(3, 2)\n\n- [(1, 1), (2, 1), (3, 2), (4, 2)]\n+ [(1, 0), (1, 1), (2, 1), (3, 1), (3, 2), (4, 2)]\n?      ++++++++                ++++++++\n\n\n----------------------------------------------------------------------\nRan 6 tests in 0.002s\n\nFAILED (failures=3)\n"
},{
    "prompt": "\n\n    Some or all of the tests did not pass. \n    \n    The provided code is in the first set of triple backticks, the unittest code used to test the provided code is in the second triple backticks, and the test runner feedback is in the third set of triple backticks. Using the test runner feedback, iterate on the provided code to make the failing tests pass while maintaining that the passing tests continue to pass. \n    \n    Make sure that any non-test errors are addressed first and remove any unused imports. \n    \n    Perform the following actions. The only output should be the JSON object specified in the last step:\n\n    1. List which tests passed.\n    2. State what in the code made the passing tests pass.\n    3. List which tests failed.\n    4. Summarize why each test failed.\n    5. Summarize the functionality required for the failing tests to pass. Be sure to check that all positional arguments are used in the code.\n    6. Provide the code that contains that functionality.\n    7. Output the above steps in a JSON object in the following format: \n    {\n    \"passing_tests\": \"1\",\n    \"passing_tests_summary\": \"2\",\n    \"failing_tests\": \"3\",\n    \"failing_tests_summary\": \"4\", \n    \"missing_functionality\": \"5\",\n    \"code\": \"6\"}\n\n    code:\n    ```def compute_intersecting_squares(starting_point, ending_point):\n    dx = ending_point[0] - starting_point[0]\n    dy = ending_point[1] - starting_point[1]\n    points = []\n    if dx == 0 or dy == 0 or abs(dx) == abs(dy):\n        step_x = 1 if dx > 0 else -1 if dx < 0 else 0\n        step_y = 1 if dy > 0 else -1 if dy < 0 else 0\n        for i in range(1, max(abs(dx), abs(dy))):\n            points.append((starting_point[0] + i * step_x, starting_point[1] + i * step_y))\n    else:\n        x, y = starting_point\n        while (x, y) != ending_point:\n            x += 1 if dx > 0 else -1\n            y_int = starting_point[1] + dy * (x - starting_point[0]) / dx\n            y = round(y_int)\n            if (x, y) != ending_point:\n                points.append((x, y))\n    return list(dict.fromkeys(points))```\n    tests:\n    ```import unittest\nfrom src.example_tests.grid_intersections import compute_intersecting_squares\n\nclass TestComputeIntersectingSquares(unittest.TestCase):\n    def test_diagonal(self):\n        starting_point = (0,0)\n        ending_point = (5,5)\n        expected_points = [(1,1), (2,2), (3,3), (4,4)]\n        self.assertEqual(compute_intersecting_squares(starting_point, ending_point), expected_points)\n\n    def test_negative_diagonal(self):\n        starting_point = (0,0)\n        ending_point = (-5,-5)\n        expected_points = [(-1,-1), (-2,-2), (-3,-3), (-4,-4)]\n        self.assertEqual(compute_intersecting_squares(starting_point, ending_point), expected_points)\n\n    def test_partial_negative_diagonal(self):\n        starting_point = (0,0)\n        ending_point = (5,-5)\n        expected_points = [(1,-1), (2,-2), (3,-3), (4,-4)]\n        self.assertEqual(compute_intersecting_squares(starting_point, ending_point), expected_points)\n\n    def test_half_slope(self):\n        starting_point = (0,0)\n        ending_point = (6,3)\n        expected_points = [(1,0), (2,1), (3,1), (4,2), (5,2)]\n        self.assertEqual(compute_intersecting_squares(starting_point, ending_point), expected_points)\n    \n    def test_slope_less_than_1(self):\n        starting_point = (0,0)\n        ending_point = (5,3)\n        expected_points = [(1,0), (1,1), (2,1), (3,1), (3,2), (4,2)]\n        self.assertEqual(compute_intersecting_squares(starting_point, ending_point), expected_points)\n\n    def test_slope_greater_than_1(self):\n        starting_point = (0,0)\n        ending_point = (3,7)\n        expected_points = [(0,1), (0,2), (1,2), (1,3), (1,4), (2,4), (2,5), (2,6)]\n        self.assertEqual(compute_intersecting_squares(starting_point, ending_point), expected_points)```\n    test runner feedback:\n    ```.F..FF\n======================================================================\nFAIL: test_half_slope (src.example_tests.grid_intersections_test.TestComputeIntersectingSquares.test_half_slope)\n----------------------------------------------------------------------\nTraceback (most recent call last):\n  File \"/Users/jtmcgoffin/Documents/projects/semanticAI/semanticai/src/example_tests/grid_intersections_test.py\", line 27, in test_half_slope\n    self.assertEqual(compute_intersecting_squares(starting_point, ending_point), expected_points)\nAssertionError: Lists differ: [(1, 0), (2, 1), (3, 2), (4, 2), (5, 2)] != [(1, 0), (2, 1), (3, 1), (4, 2), (5, 2)]\n\nFirst differing element 2:\n(3, 2)\n(3, 1)\n\n- [(1, 0), (2, 1), (3, 2), (4, 2), (5, 2)]\n?                          --------\n\n+ [(1, 0), (2, 1), (3, 1), (4, 2), (5, 2)]\n?                      ++++++++\n\n\n======================================================================\nFAIL: test_slope_greater_than_1 (src.example_tests.grid_intersections_test.TestComputeIntersectingSquares.test_slope_greater_than_1)\n----------------------------------------------------------------------\nTraceback (most recent call last):\n  File \"/Users/jtmcgoffin/Documents/projects/semanticAI/semanticai/src/example_tests/grid_intersections_test.py\", line 39, in test_slope_greater_than_1\n    self.assertEqual(compute_intersecting_squares(starting_point, ending_point), expected_points)\nAssertionError: Lists differ: [(1, 2), (2, 5)] != [(0, 1), (0, 2), (1, 2), (1, 3), (1, 4), (2, 4), (2, 5), (2, 6)]\n\nFirst differing element 0:\n(1, 2)\n(0, 1)\n\nSecond list contains 6 additional elements.\nFirst extra element 2:\n(1, 2)\n\n- [(1, 2), (2, 5)]\n+ [(0, 1), (0, 2), (1, 2), (1, 3), (1, 4), (2, 4), (2, 5), (2, 6)]\n\n======================================================================\nFAIL: test_slope_less_than_1 (src.example_tests.grid_intersections_test.TestComputeIntersectingSquares.test_slope_less_than_1)\n----------------------------------------------------------------------\nTraceback (most recent call last):\n  File \"/Users/jtmcgoffin/Documents/projects/semanticAI/semanticai/src/example_tests/grid_intersections_test.py\", line 33, in test_slope_less_than_1\n    self.assertEqual(compute_intersecting_squares(starting_point, ending_point), expected_points)\nAssertionError: Lists differ: [(1, 1), (2, 1), (3, 2), (4, 2)] != [(1, 0), (1, 1), (2, 1), (3, 1), (3, 2), (4, 2)]\n\nFirst differing element 0:\n(1, 1)\n(1, 0)\n\nSecond list contains 2 additional elements.\nFirst extra element 4:\n(3, 2)\n\n- [(1, 1), (2, 1), (3, 2), (4, 2)]\n+ [(1, 0), (1, 1), (2, 1), (3, 1), (3, 2), (4, 2)]\n?      ++++++++                ++++++++\n\n\n----------------------------------------------------------------------\nRan 6 tests in 0.002s\n\nFAILED (failures=3)\n```\n\n    ",
    "tests_string_input": "import unittest\nfrom src.example_tests.grid_intersections import compute_intersecting_squares\n\nclass TestComputeIntersectingSquares(unittest.TestCase):\n    def test_diagonal(self):\n        starting_point = (0,0)\n        ending_point = (5,5)\n        expected_points = [(1,1), (2,2), (3,3), (4,4)]\n        self.assertEqual(compute_intersecting_squares(starting_point, ending_point), expected_points)\n\n    def test_negative_diagonal(self):\n        starting_point = (0,0)\n        ending_point = (-5,-5)\n        expected_points = [(-1,-1), (-2,-2), (-3,-3), (-4,-4)]\n        self.assertEqual(compute_intersecting_squares(starting_point, ending_point), expected_points)\n\n    def test_partial_negative_diagonal(self):\n        starting_point = (0,0)\n        ending_point = (5,-5)\n        expected_points = [(1,-1), (2,-2), (3,-3), (4,-4)]\n        self.assertEqual(compute_intersecting_squares(starting_point, ending_point), expected_points)\n\n    def test_half_slope(self):\n        starting_point = (0,0)\n        ending_point = (6,3)\n        expected_points = [(1,0), (2,1), (3,1), (4,2), (5,2)]\n        self.assertEqual(compute_intersecting_squares(starting_point, ending_point), expected_points)\n    \n    def test_slope_less_than_1(self):\n        starting_point = (0,0)\n        ending_point = (5,3)\n        expected_points = [(1,0), (1,1), (2,1), (3,1), (3,2), (4,2)]\n        self.assertEqual(compute_intersecting_squares(starting_point, ending_point), expected_points)\n\n    def test_slope_greater_than_1(self):\n        starting_point = (0,0)\n        ending_point = (3,7)\n        expected_points = [(0,1), (0,2), (1,2), (1,3), (1,4), (2,4), (2,5), (2,6)]\n        self.assertEqual(compute_intersecting_squares(starting_point, ending_point), expected_points)",
    "code_string_input": "def compute_intersecting_squares(starting_point, ending_point):\n    dx = ending_point[0] - starting_point[0]\n    dy = ending_point[1] - starting_point[1]\n    points = []\n    if dx == 0 or dy == 0 or abs(dx) == abs(dy):\n        step_x = 1 if dx > 0 else -1 if dx < 0 else 0\n        step_y = 1 if dy > 0 else -1 if dy < 0 else 0\n        for i in range(1, max(abs(dx), abs(dy))):\n            points.append((starting_point[0] + i * step_x, starting_point[1] + i * step_y))\n    else:\n        x, y = starting_point\n        while (x, y) != ending_point:\n            x += 1 if dx > 0 else -1\n            y_int = starting_point[1] + dy * (x - starting_point[0]) / dx\n            y = round(y_int)\n            if (x, y) != ending_point:\n                points.append((x, y))\n    return list(dict.fromkeys(points))",
    "model_response": {
        "passing_tests": "test_diagonal, test_negative_diagonal, test_partial_negative_diagonal",
        "passing_tests_summary": "These tests passed because the provided code correctly handles situations where the movement is purely diagonal (both positive and negative directions) and when the slope is exactly 1 or -1, ensuring that the points generated fall exactly on the line between the starting and ending points.",
        "failing_tests": "test_half_slope, test_slope_greater_than_1, test_slope_less_than_1",
        "failing_tests_summary": "The test_half_slope failed because the code did not accurately handle cases where the slope is a fraction but not 1. The test_slope_greater_than_1 and test_slope_less_than_1 failed because the code did not correctly handle cases where the slope is greater or less than 1, respectively, resulting in missing or incorrect points.",
        "missing_functionality": "To pass the failing tests, the code needs to accurately generate points for lines with slopes other than 1 or -1, including fractional slopes and slopes greater or less than 1. This requires a more nuanced approach to iterating over x and y coordinates, considering the direction and magnitude of the slope.",
        "code": "def compute_intersecting_squares(starting_point, ending_point):\n    dx = ending_point[0] - starting_point[0]\n    dy = ending_point[1] - starting_point[1]\n    points = []\n    if dx == 0 or dy == 0 or abs(dx) == abs(dy):\n        step_x = 1 if dx > 0 else -1 if dx < 0 else 0\n        step_y = 1 if dy > 0 else -1 if dy < 0 else 0\n        for i in range(1, max(abs(dx), abs(dy))):\n            points.append((starting_point[0] + i * step_x, starting_point[1] + i * step_y))\n    else:\n        slope = dy / dx\n        step_x = 1 if dx > 0 else -1\n        x = starting_point[0]\n        while x != ending_point[0]:\n            y = round(starting_point[1] + slope * (x - starting_point[0]))\n            if (x, y) != ending_point:\n                points.append((x, y))\n            x += step_x\n    return list(dict.fromkeys(points))"
    },
    "test_results": ".F..FF\n======================================================================\nFAIL: test_half_slope (src.example_tests.grid_intersections_test.TestComputeIntersectingSquares.test_half_slope)\n----------------------------------------------------------------------\nTraceback (most recent call last):\n  File \"/Users/jtmcgoffin/Documents/projects/semanticAI/semanticai/src/example_tests/grid_intersections_test.py\", line 27, in test_half_slope\n    self.assertEqual(compute_intersecting_squares(starting_point, ending_point), expected_points)\nAssertionError: Lists differ: [(0, 0), (1, 0), (2, 1), (3, 2), (4, 2), (5, 2)] != [(1, 0), (2, 1), (3, 1), (4, 2), (5, 2)]\n\nFirst differing element 0:\n(0, 0)\n(1, 0)\n\nFirst list contains 1 additional elements.\nFirst extra element 5:\n(5, 2)\n\n- [(0, 0), (1, 0), (2, 1), (3, 2), (4, 2), (5, 2)]\n+ [(1, 0), (2, 1), (3, 1), (4, 2), (5, 2)]\n\n======================================================================\nFAIL: test_slope_greater_than_1 (src.example_tests.grid_intersections_test.TestComputeIntersectingSquares.test_slope_greater_than_1)\n----------------------------------------------------------------------\nTraceback (most recent call last):\n  File \"/Users/jtmcgoffin/Documents/projects/semanticAI/semanticai/src/example_tests/grid_intersections_test.py\", line 39, in test_slope_greater_than_1\n    self.assertEqual(compute_intersecting_squares(starting_point, ending_point), expected_points)\nAssertionError: Lists differ: [(0, 0), (1, 2), (2, 5)] != [(0, 1), (0, 2), (1, 2), (1, 3), (1, 4), (2, 4), (2, 5), (2, 6)]\n\nFirst differing element 0:\n(0, 0)\n(0, 1)\n\nSecond list contains 5 additional elements.\nFirst extra element 3:\n(1, 3)\n\n- [(0, 0), (1, 2), (2, 5)]\n+ [(0, 1), (0, 2), (1, 2), (1, 3), (1, 4), (2, 4), (2, 5), (2, 6)]\n\n======================================================================\nFAIL: test_slope_less_than_1 (src.example_tests.grid_intersections_test.TestComputeIntersectingSquares.test_slope_less_than_1)\n----------------------------------------------------------------------\nTraceback (most recent call last):\n  File \"/Users/jtmcgoffin/Documents/projects/semanticAI/semanticai/src/example_tests/grid_intersections_test.py\", line 33, in test_slope_less_than_1\n    self.assertEqual(compute_intersecting_squares(starting_point, ending_point), expected_points)\nAssertionError: Lists differ: [(0, 0), (1, 1), (2, 1), (3, 2), (4, 2)] != [(1, 0), (1, 1), (2, 1), (3, 1), (3, 2), (4, 2)]\n\nFirst differing element 0:\n(0, 0)\n(1, 0)\n\nSecond list contains 1 additional elements.\nFirst extra element 5:\n(4, 2)\n\n- [(0, 0), (1, 1), (2, 1), (3, 2), (4, 2)]\n?   ^\n\n+ [(1, 0), (1, 1), (2, 1), (3, 1), (3, 2), (4, 2)]\n?   ^                          ++++++++\n\n\n----------------------------------------------------------------------\nRan 6 tests in 0.003s\n\nFAILED (failures=3)\n"
},{
    "prompt": "\n\n    Some or all of the tests did not pass. \n    \n    The provided code is in the first set of triple backticks, the unittest code used to test the provided code is in the second triple backticks, and the test runner feedback is in the third set of triple backticks. Using the test runner feedback, iterate on the provided code to make the failing tests pass while maintaining that the passing tests continue to pass. \n    \n    Make sure that any non-test errors are addressed first and remove any unused imports. \n    \n    Perform the following actions. The only output should be the JSON object specified in the last step:\n\n    1. List which tests passed.\n    2. State what in the code made the passing tests pass.\n    3. List which tests failed.\n    4. Summarize why each test failed.\n    5. Summarize the functionality required for the failing tests to pass. Be sure to check that all positional arguments are used in the code.\n    6. Provide the code that contains that functionality.\n    7. Output the above steps in a JSON object in the following format: \n    {\n    \"passing_tests\": \"1\",\n    \"passing_tests_summary\": \"2\",\n    \"failing_tests\": \"3\",\n    \"failing_tests_summary\": \"4\", \n    \"missing_functionality\": \"5\",\n    \"code\": \"6\"}\n\n    code:\n    ```def compute_intersecting_squares(starting_point, ending_point):\n    dx = ending_point[0] - starting_point[0]\n    dy = ending_point[1] - starting_point[1]\n    points = []\n    if dx == 0 or dy == 0 or abs(dx) == abs(dy):\n        step_x = 1 if dx > 0 else -1 if dx < 0 else 0\n        step_y = 1 if dy > 0 else -1 if dy < 0 else 0\n        for i in range(1, max(abs(dx), abs(dy))):\n            points.append((starting_point[0] + i * step_x, starting_point[1] + i * step_y))\n    else:\n        slope = dy / dx\n        step_x = 1 if dx > 0 else -1\n        x = starting_point[0]\n        while x != ending_point[0]:\n            y = round(starting_point[1] + slope * (x - starting_point[0]))\n            if (x, y) != ending_point:\n                points.append((x, y))\n            x += step_x\n    return list(dict.fromkeys(points))```\n    tests:\n    ```import unittest\nfrom src.example_tests.grid_intersections import compute_intersecting_squares\n\nclass TestComputeIntersectingSquares(unittest.TestCase):\n    def test_diagonal(self):\n        starting_point = (0,0)\n        ending_point = (5,5)\n        expected_points = [(1,1), (2,2), (3,3), (4,4)]\n        self.assertEqual(compute_intersecting_squares(starting_point, ending_point), expected_points)\n\n    def test_negative_diagonal(self):\n        starting_point = (0,0)\n        ending_point = (-5,-5)\n        expected_points = [(-1,-1), (-2,-2), (-3,-3), (-4,-4)]\n        self.assertEqual(compute_intersecting_squares(starting_point, ending_point), expected_points)\n\n    def test_partial_negative_diagonal(self):\n        starting_point = (0,0)\n        ending_point = (5,-5)\n        expected_points = [(1,-1), (2,-2), (3,-3), (4,-4)]\n        self.assertEqual(compute_intersecting_squares(starting_point, ending_point), expected_points)\n\n    def test_half_slope(self):\n        starting_point = (0,0)\n        ending_point = (6,3)\n        expected_points = [(1,0), (2,1), (3,1), (4,2), (5,2)]\n        self.assertEqual(compute_intersecting_squares(starting_point, ending_point), expected_points)\n    \n    def test_slope_less_than_1(self):\n        starting_point = (0,0)\n        ending_point = (5,3)\n        expected_points = [(1,0), (1,1), (2,1), (3,1), (3,2), (4,2)]\n        self.assertEqual(compute_intersecting_squares(starting_point, ending_point), expected_points)\n\n    def test_slope_greater_than_1(self):\n        starting_point = (0,0)\n        ending_point = (3,7)\n        expected_points = [(0,1), (0,2), (1,2), (1,3), (1,4), (2,4), (2,5), (2,6)]\n        self.assertEqual(compute_intersecting_squares(starting_point, ending_point), expected_points)```\n    test runner feedback:\n    ```.F..FF\n======================================================================\nFAIL: test_half_slope (src.example_tests.grid_intersections_test.TestComputeIntersectingSquares.test_half_slope)\n----------------------------------------------------------------------\nTraceback (most recent call last):\n  File \"/Users/jtmcgoffin/Documents/projects/semanticAI/semanticai/src/example_tests/grid_intersections_test.py\", line 27, in test_half_slope\n    self.assertEqual(compute_intersecting_squares(starting_point, ending_point), expected_points)\nAssertionError: Lists differ: [(0, 0), (1, 0), (2, 1), (3, 2), (4, 2), (5, 2)] != [(1, 0), (2, 1), (3, 1), (4, 2), (5, 2)]\n\nFirst differing element 0:\n(0, 0)\n(1, 0)\n\nFirst list contains 1 additional elements.\nFirst extra element 5:\n(5, 2)\n\n- [(0, 0), (1, 0), (2, 1), (3, 2), (4, 2), (5, 2)]\n+ [(1, 0), (2, 1), (3, 1), (4, 2), (5, 2)]\n\n======================================================================\nFAIL: test_slope_greater_than_1 (src.example_tests.grid_intersections_test.TestComputeIntersectingSquares.test_slope_greater_than_1)\n----------------------------------------------------------------------\nTraceback (most recent call last):\n  File \"/Users/jtmcgoffin/Documents/projects/semanticAI/semanticai/src/example_tests/grid_intersections_test.py\", line 39, in test_slope_greater_than_1\n    self.assertEqual(compute_intersecting_squares(starting_point, ending_point), expected_points)\nAssertionError: Lists differ: [(0, 0), (1, 2), (2, 5)] != [(0, 1), (0, 2), (1, 2), (1, 3), (1, 4), (2, 4), (2, 5), (2, 6)]\n\nFirst differing element 0:\n(0, 0)\n(0, 1)\n\nSecond list contains 5 additional elements.\nFirst extra element 3:\n(1, 3)\n\n- [(0, 0), (1, 2), (2, 5)]\n+ [(0, 1), (0, 2), (1, 2), (1, 3), (1, 4), (2, 4), (2, 5), (2, 6)]\n\n======================================================================\nFAIL: test_slope_less_than_1 (src.example_tests.grid_intersections_test.TestComputeIntersectingSquares.test_slope_less_than_1)\n----------------------------------------------------------------------\nTraceback (most recent call last):\n  File \"/Users/jtmcgoffin/Documents/projects/semanticAI/semanticai/src/example_tests/grid_intersections_test.py\", line 33, in test_slope_less_than_1\n    self.assertEqual(compute_intersecting_squares(starting_point, ending_point), expected_points)\nAssertionError: Lists differ: [(0, 0), (1, 1), (2, 1), (3, 2), (4, 2)] != [(1, 0), (1, 1), (2, 1), (3, 1), (3, 2), (4, 2)]\n\nFirst differing element 0:\n(0, 0)\n(1, 0)\n\nSecond list contains 1 additional elements.\nFirst extra element 5:\n(4, 2)\n\n- [(0, 0), (1, 1), (2, 1), (3, 2), (4, 2)]\n?   ^\n\n+ [(1, 0), (1, 1), (2, 1), (3, 1), (3, 2), (4, 2)]\n?   ^                          ++++++++\n\n\n----------------------------------------------------------------------\nRan 6 tests in 0.003s\n\nFAILED (failures=3)\n```\n\n    ",
    "tests_string_input": "import unittest\nfrom src.example_tests.grid_intersections import compute_intersecting_squares\n\nclass TestComputeIntersectingSquares(unittest.TestCase):\n    def test_diagonal(self):\n        starting_point = (0,0)\n        ending_point = (5,5)\n        expected_points = [(1,1), (2,2), (3,3), (4,4)]\n        self.assertEqual(compute_intersecting_squares(starting_point, ending_point), expected_points)\n\n    def test_negative_diagonal(self):\n        starting_point = (0,0)\n        ending_point = (-5,-5)\n        expected_points = [(-1,-1), (-2,-2), (-3,-3), (-4,-4)]\n        self.assertEqual(compute_intersecting_squares(starting_point, ending_point), expected_points)\n\n    def test_partial_negative_diagonal(self):\n        starting_point = (0,0)\n        ending_point = (5,-5)\n        expected_points = [(1,-1), (2,-2), (3,-3), (4,-4)]\n        self.assertEqual(compute_intersecting_squares(starting_point, ending_point), expected_points)\n\n    def test_half_slope(self):\n        starting_point = (0,0)\n        ending_point = (6,3)\n        expected_points = [(1,0), (2,1), (3,1), (4,2), (5,2)]\n        self.assertEqual(compute_intersecting_squares(starting_point, ending_point), expected_points)\n    \n    def test_slope_less_than_1(self):\n        starting_point = (0,0)\n        ending_point = (5,3)\n        expected_points = [(1,0), (1,1), (2,1), (3,1), (3,2), (4,2)]\n        self.assertEqual(compute_intersecting_squares(starting_point, ending_point), expected_points)\n\n    def test_slope_greater_than_1(self):\n        starting_point = (0,0)\n        ending_point = (3,7)\n        expected_points = [(0,1), (0,2), (1,2), (1,3), (1,4), (2,4), (2,5), (2,6)]\n        self.assertEqual(compute_intersecting_squares(starting_point, ending_point), expected_points)",
    "code_string_input": "def compute_intersecting_squares(starting_point, ending_point):\n    dx = ending_point[0] - starting_point[0]\n    dy = ending_point[1] - starting_point[1]\n    points = []\n    if dx == 0 or dy == 0 or abs(dx) == abs(dy):\n        step_x = 1 if dx > 0 else -1 if dx < 0 else 0\n        step_y = 1 if dy > 0 else -1 if dy < 0 else 0\n        for i in range(1, max(abs(dx), abs(dy))):\n            points.append((starting_point[0] + i * step_x, starting_point[1] + i * step_y))\n    else:\n        slope = dy / dx\n        step_x = 1 if dx > 0 else -1\n        x = starting_point[0]\n        while x != ending_point[0]:\n            y = round(starting_point[1] + slope * (x - starting_point[0]))\n            if (x, y) != ending_point:\n                points.append((x, y))\n            x += step_x\n    return list(dict.fromkeys(points))",
    "model_response": {
        "passing_tests": "test_diagonal, test_negative_diagonal, test_partial_negative_diagonal",
        "passing_tests_summary": "These tests passed because the provided code correctly calculates the points that intersect squares in a grid when moving diagonally, including negative and mixed diagonals. The code handles these cases with equal dx and dy magnitudes, properly iterating through the range and applying the correct step values for x and y.",
        "failing_tests": "test_half_slope, test_slope_less_than_1, test_slope_greater_than_1",
        "failing_tests_summary": "The 'test_half_slope' failed due to including the starting point in the result and not handling half slope movements correctly. The 'test_slope_less_than_1' failed because it included the starting point and did not accurately calculate points for slopes less than 1. The 'test_slope_greater_than_1' failed due to including the starting point and inaccurately calculating points for slopes greater than 1, missing several intermediate points.",
        "missing_functionality": "To make the failing tests pass, the code needs to exclude the starting point from the results. For slopes not equal to 1, the code must iterate over both x and y, properly calculating intermediate points to handle slopes less than and greater than 1. This requires adjusting the while loop condition and calculation of y for slopes not equal to 1.",
        "code": "def compute_intersecting_squares(starting_point, ending_point):\n    dx = ending_point[0] - starting_point[0]\n    dy = ending_point[1] - starting_point[1]\n    points = []\n    if dx == 0 or dy == 0 or abs(dx) == abs(dy):\n        step_x = 1 if dx > 0 else -1 if dx < 0 else 0\n        step_y = 1 if dy > 0 else -1 if dy < 0 else 0\n        for i in range(1, max(abs(dx), abs(dy))):\n            points.append((starting_point[0] + i * step_x, starting_point[1] + i * step_y))\n    else:\n        slope = dy / dx\n        step_x = 1 if dx > 0 else -1\n        x = starting_point[0] + step_x\n        while (x != ending_point[0] + step_x and dx != 0) or (dy == 0 and x != ending_point[0] + step_x):\n            y = round(starting_point[1] + slope * (x - starting_point[0]))\n            if (x, y) != ending_point:\n                points.append((x, y))\n            x += step_x\n    return list(dict.fromkeys(points))"
    },
    "test_results": ".F..FF\n======================================================================\nFAIL: test_half_slope (src.example_tests.grid_intersections_test.TestComputeIntersectingSquares.test_half_slope)\n----------------------------------------------------------------------\nTraceback (most recent call last):\n  File \"/Users/jtmcgoffin/Documents/projects/semanticAI/semanticai/src/example_tests/grid_intersections_test.py\", line 27, in test_half_slope\n    self.assertEqual(compute_intersecting_squares(starting_point, ending_point), expected_points)\nAssertionError: Lists differ: [(1, 0), (2, 1), (3, 2), (4, 2), (5, 2)] != [(1, 0), (2, 1), (3, 1), (4, 2), (5, 2)]\n\nFirst differing element 2:\n(3, 2)\n(3, 1)\n\n- [(1, 0), (2, 1), (3, 2), (4, 2), (5, 2)]\n?                          --------\n\n+ [(1, 0), (2, 1), (3, 1), (4, 2), (5, 2)]\n?                      ++++++++\n\n\n======================================================================\nFAIL: test_slope_greater_than_1 (src.example_tests.grid_intersections_test.TestComputeIntersectingSquares.test_slope_greater_than_1)\n----------------------------------------------------------------------\nTraceback (most recent call last):\n  File \"/Users/jtmcgoffin/Documents/projects/semanticAI/semanticai/src/example_tests/grid_intersections_test.py\", line 39, in test_slope_greater_than_1\n    self.assertEqual(compute_intersecting_squares(starting_point, ending_point), expected_points)\nAssertionError: Lists differ: [(1, 2), (2, 5)] != [(0, 1), (0, 2), (1, 2), (1, 3), (1, 4), (2, 4), (2, 5), (2, 6)]\n\nFirst differing element 0:\n(1, 2)\n(0, 1)\n\nSecond list contains 6 additional elements.\nFirst extra element 2:\n(1, 2)\n\n- [(1, 2), (2, 5)]\n+ [(0, 1), (0, 2), (1, 2), (1, 3), (1, 4), (2, 4), (2, 5), (2, 6)]\n\n======================================================================\nFAIL: test_slope_less_than_1 (src.example_tests.grid_intersections_test.TestComputeIntersectingSquares.test_slope_less_than_1)\n----------------------------------------------------------------------\nTraceback (most recent call last):\n  File \"/Users/jtmcgoffin/Documents/projects/semanticAI/semanticai/src/example_tests/grid_intersections_test.py\", line 33, in test_slope_less_than_1\n    self.assertEqual(compute_intersecting_squares(starting_point, ending_point), expected_points)\nAssertionError: Lists differ: [(1, 1), (2, 1), (3, 2), (4, 2)] != [(1, 0), (1, 1), (2, 1), (3, 1), (3, 2), (4, 2)]\n\nFirst differing element 0:\n(1, 1)\n(1, 0)\n\nSecond list contains 2 additional elements.\nFirst extra element 4:\n(3, 2)\n\n- [(1, 1), (2, 1), (3, 2), (4, 2)]\n+ [(1, 0), (1, 1), (2, 1), (3, 1), (3, 2), (4, 2)]\n?      ++++++++                ++++++++\n\n\n----------------------------------------------------------------------\nRan 6 tests in 0.002s\n\nFAILED (failures=3)\n"
},{
    "prompt": "\n\n    Some or all of the tests did not pass. \n    \n    The provided code is in the first set of triple backticks, the unittest code used to test the provided code is in the second triple backticks, and the test runner feedback is in the third set of triple backticks. Using the test runner feedback, iterate on the provided code to make the failing tests pass while maintaining that the passing tests continue to pass. \n    \n    Make sure that any non-test errors are addressed first and remove any unused imports. \n    \n    Perform the following actions. The only output should be the JSON object specified in the last step:\n\n    1. List which tests passed.\n    2. State what in the code made the passing tests pass.\n    3. List which tests failed.\n    4. Summarize why each test failed.\n    5. Summarize the functionality required for the failing tests to pass. Be sure to check that all positional arguments are used in the code.\n    6. Provide the code that contains that functionality.\n    7. Output the above steps in a JSON object in the following format: \n    {\n    \"passing_tests\": \"1\",\n    \"passing_tests_summary\": \"2\",\n    \"failing_tests\": \"3\",\n    \"failing_tests_summary\": \"4\", \n    \"missing_functionality\": \"5\",\n    \"code\": \"6\"}\n\n    code:\n    ```def compute_intersecting_squares(starting_point, ending_point):\n    dx = ending_point[0] - starting_point[0]\n    dy = ending_point[1] - starting_point[1]\n    points = []\n    if dx == 0 or dy == 0 or abs(dx) == abs(dy):\n        step_x = 1 if dx > 0 else -1 if dx < 0 else 0\n        step_y = 1 if dy > 0 else -1 if dy < 0 else 0\n        for i in range(1, max(abs(dx), abs(dy))):\n            points.append((starting_point[0] + i * step_x, starting_point[1] + i * step_y))\n    else:\n        slope = dy / dx\n        step_x = 1 if dx > 0 else -1\n        x = starting_point[0] + step_x\n        while (x != ending_point[0] + step_x and dx != 0) or (dy == 0 and x != ending_point[0] + step_x):\n            y = round(starting_point[1] + slope * (x - starting_point[0]))\n            if (x, y) != ending_point:\n                points.append((x, y))\n            x += step_x\n    return list(dict.fromkeys(points))```\n    tests:\n    ```import unittest\nfrom src.example_tests.grid_intersections import compute_intersecting_squares\n\nclass TestComputeIntersectingSquares(unittest.TestCase):\n    def test_diagonal(self):\n        starting_point = (0,0)\n        ending_point = (5,5)\n        expected_points = [(1,1), (2,2), (3,3), (4,4)]\n        self.assertEqual(compute_intersecting_squares(starting_point, ending_point), expected_points)\n\n    def test_negative_diagonal(self):\n        starting_point = (0,0)\n        ending_point = (-5,-5)\n        expected_points = [(-1,-1), (-2,-2), (-3,-3), (-4,-4)]\n        self.assertEqual(compute_intersecting_squares(starting_point, ending_point), expected_points)\n\n    def test_partial_negative_diagonal(self):\n        starting_point = (0,0)\n        ending_point = (5,-5)\n        expected_points = [(1,-1), (2,-2), (3,-3), (4,-4)]\n        self.assertEqual(compute_intersecting_squares(starting_point, ending_point), expected_points)\n\n    def test_half_slope(self):\n        starting_point = (0,0)\n        ending_point = (6,3)\n        expected_points = [(1,0), (2,1), (3,1), (4,2), (5,2)]\n        self.assertEqual(compute_intersecting_squares(starting_point, ending_point), expected_points)\n    \n    def test_slope_less_than_1(self):\n        starting_point = (0,0)\n        ending_point = (5,3)\n        expected_points = [(1,0), (1,1), (2,1), (3,1), (3,2), (4,2)]\n        self.assertEqual(compute_intersecting_squares(starting_point, ending_point), expected_points)\n\n    def test_slope_greater_than_1(self):\n        starting_point = (0,0)\n        ending_point = (3,7)\n        expected_points = [(0,1), (0,2), (1,2), (1,3), (1,4), (2,4), (2,5), (2,6)]\n        self.assertEqual(compute_intersecting_squares(starting_point, ending_point), expected_points)```\n    test runner feedback:\n    ```.F..FF\n======================================================================\nFAIL: test_half_slope (src.example_tests.grid_intersections_test.TestComputeIntersectingSquares.test_half_slope)\n----------------------------------------------------------------------\nTraceback (most recent call last):\n  File \"/Users/jtmcgoffin/Documents/projects/semanticAI/semanticai/src/example_tests/grid_intersections_test.py\", line 27, in test_half_slope\n    self.assertEqual(compute_intersecting_squares(starting_point, ending_point), expected_points)\nAssertionError: Lists differ: [(1, 0), (2, 1), (3, 2), (4, 2), (5, 2)] != [(1, 0), (2, 1), (3, 1), (4, 2), (5, 2)]\n\nFirst differing element 2:\n(3, 2)\n(3, 1)\n\n- [(1, 0), (2, 1), (3, 2), (4, 2), (5, 2)]\n?                          --------\n\n+ [(1, 0), (2, 1), (3, 1), (4, 2), (5, 2)]\n?                      ++++++++\n\n\n======================================================================\nFAIL: test_slope_greater_than_1 (src.example_tests.grid_intersections_test.TestComputeIntersectingSquares.test_slope_greater_than_1)\n----------------------------------------------------------------------\nTraceback (most recent call last):\n  File \"/Users/jtmcgoffin/Documents/projects/semanticAI/semanticai/src/example_tests/grid_intersections_test.py\", line 39, in test_slope_greater_than_1\n    self.assertEqual(compute_intersecting_squares(starting_point, ending_point), expected_points)\nAssertionError: Lists differ: [(1, 2), (2, 5)] != [(0, 1), (0, 2), (1, 2), (1, 3), (1, 4), (2, 4), (2, 5), (2, 6)]\n\nFirst differing element 0:\n(1, 2)\n(0, 1)\n\nSecond list contains 6 additional elements.\nFirst extra element 2:\n(1, 2)\n\n- [(1, 2), (2, 5)]\n+ [(0, 1), (0, 2), (1, 2), (1, 3), (1, 4), (2, 4), (2, 5), (2, 6)]\n\n======================================================================\nFAIL: test_slope_less_than_1 (src.example_tests.grid_intersections_test.TestComputeIntersectingSquares.test_slope_less_than_1)\n----------------------------------------------------------------------\nTraceback (most recent call last):\n  File \"/Users/jtmcgoffin/Documents/projects/semanticAI/semanticai/src/example_tests/grid_intersections_test.py\", line 33, in test_slope_less_than_1\n    self.assertEqual(compute_intersecting_squares(starting_point, ending_point), expected_points)\nAssertionError: Lists differ: [(1, 1), (2, 1), (3, 2), (4, 2)] != [(1, 0), (1, 1), (2, 1), (3, 1), (3, 2), (4, 2)]\n\nFirst differing element 0:\n(1, 1)\n(1, 0)\n\nSecond list contains 2 additional elements.\nFirst extra element 4:\n(3, 2)\n\n- [(1, 1), (2, 1), (3, 2), (4, 2)]\n+ [(1, 0), (1, 1), (2, 1), (3, 1), (3, 2), (4, 2)]\n?      ++++++++                ++++++++\n\n\n----------------------------------------------------------------------\nRan 6 tests in 0.002s\n\nFAILED (failures=3)\n```\n\n    ",
    "tests_string_input": "import unittest\nfrom src.example_tests.grid_intersections import compute_intersecting_squares\n\nclass TestComputeIntersectingSquares(unittest.TestCase):\n    def test_diagonal(self):\n        starting_point = (0,0)\n        ending_point = (5,5)\n        expected_points = [(1,1), (2,2), (3,3), (4,4)]\n        self.assertEqual(compute_intersecting_squares(starting_point, ending_point), expected_points)\n\n    def test_negative_diagonal(self):\n        starting_point = (0,0)\n        ending_point = (-5,-5)\n        expected_points = [(-1,-1), (-2,-2), (-3,-3), (-4,-4)]\n        self.assertEqual(compute_intersecting_squares(starting_point, ending_point), expected_points)\n\n    def test_partial_negative_diagonal(self):\n        starting_point = (0,0)\n        ending_point = (5,-5)\n        expected_points = [(1,-1), (2,-2), (3,-3), (4,-4)]\n        self.assertEqual(compute_intersecting_squares(starting_point, ending_point), expected_points)\n\n    def test_half_slope(self):\n        starting_point = (0,0)\n        ending_point = (6,3)\n        expected_points = [(1,0), (2,1), (3,1), (4,2), (5,2)]\n        self.assertEqual(compute_intersecting_squares(starting_point, ending_point), expected_points)\n    \n    def test_slope_less_than_1(self):\n        starting_point = (0,0)\n        ending_point = (5,3)\n        expected_points = [(1,0), (1,1), (2,1), (3,1), (3,2), (4,2)]\n        self.assertEqual(compute_intersecting_squares(starting_point, ending_point), expected_points)\n\n    def test_slope_greater_than_1(self):\n        starting_point = (0,0)\n        ending_point = (3,7)\n        expected_points = [(0,1), (0,2), (1,2), (1,3), (1,4), (2,4), (2,5), (2,6)]\n        self.assertEqual(compute_intersecting_squares(starting_point, ending_point), expected_points)",
    "code_string_input": "def compute_intersecting_squares(starting_point, ending_point):\n    dx = ending_point[0] - starting_point[0]\n    dy = ending_point[1] - starting_point[1]\n    points = []\n    if dx == 0 or dy == 0 or abs(dx) == abs(dy):\n        step_x = 1 if dx > 0 else -1 if dx < 0 else 0\n        step_y = 1 if dy > 0 else -1 if dy < 0 else 0\n        for i in range(1, max(abs(dx), abs(dy))):\n            points.append((starting_point[0] + i * step_x, starting_point[1] + i * step_y))\n    else:\n        slope = dy / dx\n        step_x = 1 if dx > 0 else -1\n        x = starting_point[0] + step_x\n        while (x != ending_point[0] + step_x and dx != 0) or (dy == 0 and x != ending_point[0] + step_x):\n            y = round(starting_point[1] + slope * (x - starting_point[0]))\n            if (x, y) != ending_point:\n                points.append((x, y))\n            x += step_x\n    return list(dict.fromkeys(points))",
    "model_response": {
        "passing_tests": "test_diagonal, test_negative_diagonal, test_partial_negative_diagonal",
        "passing_tests_summary": "The passing tests all involve scenarios where the slope of the line between the starting and ending points is exactly 1 or -1, meaning the movement is equally horizontal and vertical. The code correctly calculates the intermediate points for these situations by incrementing both the x and y coordinates equally.",
        "failing_tests": "test_half_slope, test_slope_less_than_1, test_slope_greater_than_1",
        "failing_tests_summary": "The 'test_half_slope' fails because the code does not correctly handle cases where the slope is a fraction but not exactly 1/2. 'test_slope_less_than_1' and 'test_slope_greater_than_1' fail because the code does not properly calculate points for slopes that are less than 1 and greater than 1, respectively, missing some points that should be included.",
        "missing_functionality": "To fix the failing tests, the code needs to accurately calculate intermediate points for all types of slopes, including fractional slopes that are not exactly 1/2, and handle slopes that are less than or greater than 1 by ensuring all intermediate points that the line passes through are included, even if this means including points with the same x or y coordinate multiple times.",
        "code": "def compute_intersecting_squares(starting_point, ending_point):\n    dx = ending_point[0] - starting_point[0]\n    dy = ending_point[1] - starting_point[1]\n    points = []\n    if dx == 0 or dy == 0 or abs(dx) == abs(dy):\n        step_x = 1 if dx > 0 else -1 if dx < 0 else 0\n        step_y = 1 if dy > 0 else -1 if dy < 0 else 0\n        for i in range(1, max(abs(dx), abs(dy))):\n            points.append((starting_point[0] + i * step_x, starting_point[1] + i * step_y))\n    else:\n        x = starting_point[0]\n        y = starting_point[1]\n        end_x = ending_point[0]\n        end_y = ending_point[1]\n        while x != end_x or y != end_y:\n            points.append((x, y))\n            if abs(dx) > abs(dy):\n                x += 1 if dx > 0 else -1\n                y = round(starting_point[1] + (dy/dx) * (x - starting_point[0]))\n            else:\n                y += 1 if dy > 0 else -1\n                x = round(starting_point[0] + (dx/dy) * (y - starting_point[1]))\n    return points[1:]"
    },
    "test_results": "FFFFFF\n======================================================================\nFAIL: test_diagonal (src.example_tests.grid_intersections_test.TestComputeIntersectingSquares.test_diagonal)\n----------------------------------------------------------------------\nTraceback (most recent call last):\n  File \"/Users/jtmcgoffin/Documents/projects/semanticAI/semanticai/src/example_tests/grid_intersections_test.py\", line 9, in test_diagonal\n    self.assertEqual(compute_intersecting_squares(starting_point, ending_point), expected_points)\nAssertionError: Lists differ: [(2, 2), (3, 3), (4, 4)] != [(1, 1), (2, 2), (3, 3), (4, 4)]\n\nFirst differing element 0:\n(2, 2)\n(1, 1)\n\nSecond list contains 1 additional elements.\nFirst extra element 3:\n(4, 4)\n\n- [(2, 2), (3, 3), (4, 4)]\n+ [(1, 1), (2, 2), (3, 3), (4, 4)]\n?  ++++++++\n\n\n======================================================================\nFAIL: test_half_slope (src.example_tests.grid_intersections_test.TestComputeIntersectingSquares.test_half_slope)\n----------------------------------------------------------------------\nTraceback (most recent call last):\n  File \"/Users/jtmcgoffin/Documents/projects/semanticAI/semanticai/src/example_tests/grid_intersections_test.py\", line 27, in test_half_slope\n    self.assertEqual(compute_intersecting_squares(starting_point, ending_point), expected_points)\nAssertionError: Lists differ: [(1, 0), (2, 1), (3, 2), (4, 2), (5, 2)] != [(1, 0), (2, 1), (3, 1), (4, 2), (5, 2)]\n\nFirst differing element 2:\n(3, 2)\n(3, 1)\n\n- [(1, 0), (2, 1), (3, 2), (4, 2), (5, 2)]\n?                          --------\n\n+ [(1, 0), (2, 1), (3, 1), (4, 2), (5, 2)]\n?                      ++++++++\n\n\n======================================================================\nFAIL: test_negative_diagonal (src.example_tests.grid_intersections_test.TestComputeIntersectingSquares.test_negative_diagonal)\n----------------------------------------------------------------------\nTraceback (most recent call last):\n  File \"/Users/jtmcgoffin/Documents/projects/semanticAI/semanticai/src/example_tests/grid_intersections_test.py\", line 15, in test_negative_diagonal\n    self.assertEqual(compute_intersecting_squares(starting_point, ending_point), expected_points)\nAssertionError: Lists differ: [(-2, -2), (-3, -3), (-4, -4)] != [(-1, -1), (-2, -2), (-3, -3), (-4, -4)]\n\nFirst differing element 0:\n(-2, -2)\n(-1, -1)\n\nSecond list contains 1 additional elements.\nFirst extra element 3:\n(-4, -4)\n\n- [(-2, -2), (-3, -3), (-4, -4)]\n+ [(-1, -1), (-2, -2), (-3, -3), (-4, -4)]\n?  ++++++++++\n\n\n======================================================================\nFAIL: test_partial_negative_diagonal (src.example_tests.grid_intersections_test.TestComputeIntersectingSquares.test_partial_negative_diagonal)\n----------------------------------------------------------------------\nTraceback (most recent call last):\n  File \"/Users/jtmcgoffin/Documents/projects/semanticAI/semanticai/src/example_tests/grid_intersections_test.py\", line 21, in test_partial_negative_diagonal\n    self.assertEqual(compute_intersecting_squares(starting_point, ending_point), expected_points)\nAssertionError: Lists differ: [(2, -2), (3, -3), (4, -4)] != [(1, -1), (2, -2), (3, -3), (4, -4)]\n\nFirst differing element 0:\n(2, -2)\n(1, -1)\n\nSecond list contains 1 additional elements.\nFirst extra element 3:\n(4, -4)\n\n- [(2, -2), (3, -3), (4, -4)]\n+ [(1, -1), (2, -2), (3, -3), (4, -4)]\n?  +++++++++\n\n\n======================================================================\nFAIL: test_slope_greater_than_1 (src.example_tests.grid_intersections_test.TestComputeIntersectingSquares.test_slope_greater_than_1)\n----------------------------------------------------------------------\nTraceback (most recent call last):\n  File \"/Users/jtmcgoffin/Documents/projects/semanticAI/semanticai/src/example_tests/grid_intersections_test.py\", line 39, in test_slope_greater_than_1\n    self.assertEqual(compute_intersecting_squares(starting_point, ending_point), expected_points)\nAssertionError: Lists differ: [(0, 1), (1, 2), (1, 3), (2, 4), (2, 5), (3, 6)] != [(0, 1), (0, 2), (1, 2), (1, 3), (1, 4), (2, 4), (2, 5), (2, 6)]\n\nFirst differing element 1:\n(1, 2)\n(0, 2)\n\nSecond list contains 2 additional elements.\nFirst extra element 6:\n(2, 5)\n\n- [(0, 1), (1, 2), (1, 3), (2, 4), (2, 5), (3, 6)]\n?                                           ^\n\n+ [(0, 1), (0, 2), (1, 2), (1, 3), (1, 4), (2, 4), (2, 5), (2, 6)]\n?          ++++++++                ++++++++                 ^\n\n\n======================================================================\nFAIL: test_slope_less_than_1 (src.example_tests.grid_intersections_test.TestComputeIntersectingSquares.test_slope_less_than_1)\n----------------------------------------------------------------------\nTraceback (most recent call last):\n  File \"/Users/jtmcgoffin/Documents/projects/semanticAI/semanticai/src/example_tests/grid_intersections_test.py\", line 33, in test_slope_less_than_1\n    self.assertEqual(compute_intersecting_squares(starting_point, ending_point), expected_points)\nAssertionError: Lists differ: [(1, 1), (2, 1), (3, 2), (4, 2)] != [(1, 0), (1, 1), (2, 1), (3, 1), (3, 2), (4, 2)]\n\nFirst differing element 0:\n(1, 1)\n(1, 0)\n\nSecond list contains 2 additional elements.\nFirst extra element 4:\n(3, 2)\n\n- [(1, 1), (2, 1), (3, 2), (4, 2)]\n+ [(1, 0), (1, 1), (2, 1), (3, 1), (3, 2), (4, 2)]\n?      ++++++++                ++++++++\n\n\n----------------------------------------------------------------------\nRan 6 tests in 0.004s\n\nFAILED (failures=6)\n"
},{
    "prompt": "\n\n    Some or all of the tests did not pass. \n    \n    The provided code is in the first set of triple backticks, the unittest code used to test the provided code is in the second triple backticks, and the test runner feedback is in the third set of triple backticks. Using the test runner feedback, iterate on the provided code to make the failing tests pass while maintaining that the passing tests continue to pass. \n    \n    Make sure that any non-test errors are addressed first and remove any unused imports. \n    \n    Perform the following actions. The only output should be the JSON object specified in the last step:\n\n    1. List which tests passed.\n    2. State what in the code made the passing tests pass.\n    3. List which tests failed.\n    4. Summarize why each test failed.\n    5. Summarize the functionality required for the failing tests to pass. Be sure to check that all positional arguments are used in the code.\n    6. Provide the code that contains that functionality.\n    7. Output the above steps in a JSON object in the following format: \n    {\n    \"passing_tests\": \"1\",\n    \"passing_tests_summary\": \"2\",\n    \"failing_tests\": \"3\",\n    \"failing_tests_summary\": \"4\", \n    \"missing_functionality\": \"5\",\n    \"code\": \"6\"}\n\n    code:\n    ```def compute_intersecting_squares(starting_point, ending_point):\n    dx = ending_point[0] - starting_point[0]\n    dy = ending_point[1] - starting_point[1]\n    points = []\n    if dx == 0 or dy == 0 or abs(dx) == abs(dy):\n        step_x = 1 if dx > 0 else -1 if dx < 0 else 0\n        step_y = 1 if dy > 0 else -1 if dy < 0 else 0\n        for i in range(1, max(abs(dx), abs(dy))):\n            points.append((starting_point[0] + i * step_x, starting_point[1] + i * step_y))\n    else:\n        x = starting_point[0]\n        y = starting_point[1]\n        end_x = ending_point[0]\n        end_y = ending_point[1]\n        while x != end_x or y != end_y:\n            points.append((x, y))\n            if abs(dx) > abs(dy):\n                x += 1 if dx > 0 else -1\n                y = round(starting_point[1] + (dy/dx) * (x - starting_point[0]))\n            else:\n                y += 1 if dy > 0 else -1\n                x = round(starting_point[0] + (dx/dy) * (y - starting_point[1]))\n    return points[1:]```\n    tests:\n    ```import unittest\nfrom src.example_tests.grid_intersections import compute_intersecting_squares\n\nclass TestComputeIntersectingSquares(unittest.TestCase):\n    def test_diagonal(self):\n        starting_point = (0,0)\n        ending_point = (5,5)\n        expected_points = [(1,1), (2,2), (3,3), (4,4)]\n        self.assertEqual(compute_intersecting_squares(starting_point, ending_point), expected_points)\n\n    def test_negative_diagonal(self):\n        starting_point = (0,0)\n        ending_point = (-5,-5)\n        expected_points = [(-1,-1), (-2,-2), (-3,-3), (-4,-4)]\n        self.assertEqual(compute_intersecting_squares(starting_point, ending_point), expected_points)\n\n    def test_partial_negative_diagonal(self):\n        starting_point = (0,0)\n        ending_point = (5,-5)\n        expected_points = [(1,-1), (2,-2), (3,-3), (4,-4)]\n        self.assertEqual(compute_intersecting_squares(starting_point, ending_point), expected_points)\n\n    def test_half_slope(self):\n        starting_point = (0,0)\n        ending_point = (6,3)\n        expected_points = [(1,0), (2,1), (3,1), (4,2), (5,2)]\n        self.assertEqual(compute_intersecting_squares(starting_point, ending_point), expected_points)\n    \n    def test_slope_less_than_1(self):\n        starting_point = (0,0)\n        ending_point = (5,3)\n        expected_points = [(1,0), (1,1), (2,1), (3,1), (3,2), (4,2)]\n        self.assertEqual(compute_intersecting_squares(starting_point, ending_point), expected_points)\n\n    def test_slope_greater_than_1(self):\n        starting_point = (0,0)\n        ending_point = (3,7)\n        expected_points = [(0,1), (0,2), (1,2), (1,3), (1,4), (2,4), (2,5), (2,6)]\n        self.assertEqual(compute_intersecting_squares(starting_point, ending_point), expected_points)```\n    test runner feedback:\n    ```FFFFFF\n======================================================================\nFAIL: test_diagonal (src.example_tests.grid_intersections_test.TestComputeIntersectingSquares.test_diagonal)\n----------------------------------------------------------------------\nTraceback (most recent call last):\n  File \"/Users/jtmcgoffin/Documents/projects/semanticAI/semanticai/src/example_tests/grid_intersections_test.py\", line 9, in test_diagonal\n    self.assertEqual(compute_intersecting_squares(starting_point, ending_point), expected_points)\nAssertionError: Lists differ: [(2, 2), (3, 3), (4, 4)] != [(1, 1), (2, 2), (3, 3), (4, 4)]\n\nFirst differing element 0:\n(2, 2)\n(1, 1)\n\nSecond list contains 1 additional elements.\nFirst extra element 3:\n(4, 4)\n\n- [(2, 2), (3, 3), (4, 4)]\n+ [(1, 1), (2, 2), (3, 3), (4, 4)]\n?  ++++++++\n\n\n======================================================================\nFAIL: test_half_slope (src.example_tests.grid_intersections_test.TestComputeIntersectingSquares.test_half_slope)\n----------------------------------------------------------------------\nTraceback (most recent call last):\n  File \"/Users/jtmcgoffin/Documents/projects/semanticAI/semanticai/src/example_tests/grid_intersections_test.py\", line 27, in test_half_slope\n    self.assertEqual(compute_intersecting_squares(starting_point, ending_point), expected_points)\nAssertionError: Lists differ: [(1, 0), (2, 1), (3, 2), (4, 2), (5, 2)] != [(1, 0), (2, 1), (3, 1), (4, 2), (5, 2)]\n\nFirst differing element 2:\n(3, 2)\n(3, 1)\n\n- [(1, 0), (2, 1), (3, 2), (4, 2), (5, 2)]\n?                          --------\n\n+ [(1, 0), (2, 1), (3, 1), (4, 2), (5, 2)]\n?                      ++++++++\n\n\n======================================================================\nFAIL: test_negative_diagonal (src.example_tests.grid_intersections_test.TestComputeIntersectingSquares.test_negative_diagonal)\n----------------------------------------------------------------------\nTraceback (most recent call last):\n  File \"/Users/jtmcgoffin/Documents/projects/semanticAI/semanticai/src/example_tests/grid_intersections_test.py\", line 15, in test_negative_diagonal\n    self.assertEqual(compute_intersecting_squares(starting_point, ending_point), expected_points)\nAssertionError: Lists differ: [(-2, -2), (-3, -3), (-4, -4)] != [(-1, -1), (-2, -2), (-3, -3), (-4, -4)]\n\nFirst differing element 0:\n(-2, -2)\n(-1, -1)\n\nSecond list contains 1 additional elements.\nFirst extra element 3:\n(-4, -4)\n\n- [(-2, -2), (-3, -3), (-4, -4)]\n+ [(-1, -1), (-2, -2), (-3, -3), (-4, -4)]\n?  ++++++++++\n\n\n======================================================================\nFAIL: test_partial_negative_diagonal (src.example_tests.grid_intersections_test.TestComputeIntersectingSquares.test_partial_negative_diagonal)\n----------------------------------------------------------------------\nTraceback (most recent call last):\n  File \"/Users/jtmcgoffin/Documents/projects/semanticAI/semanticai/src/example_tests/grid_intersections_test.py\", line 21, in test_partial_negative_diagonal\n    self.assertEqual(compute_intersecting_squares(starting_point, ending_point), expected_points)\nAssertionError: Lists differ: [(2, -2), (3, -3), (4, -4)] != [(1, -1), (2, -2), (3, -3), (4, -4)]\n\nFirst differing element 0:\n(2, -2)\n(1, -1)\n\nSecond list contains 1 additional elements.\nFirst extra element 3:\n(4, -4)\n\n- [(2, -2), (3, -3), (4, -4)]\n+ [(1, -1), (2, -2), (3, -3), (4, -4)]\n?  +++++++++\n\n\n======================================================================\nFAIL: test_slope_greater_than_1 (src.example_tests.grid_intersections_test.TestComputeIntersectingSquares.test_slope_greater_than_1)\n----------------------------------------------------------------------\nTraceback (most recent call last):\n  File \"/Users/jtmcgoffin/Documents/projects/semanticAI/semanticai/src/example_tests/grid_intersections_test.py\", line 39, in test_slope_greater_than_1\n    self.assertEqual(compute_intersecting_squares(starting_point, ending_point), expected_points)\nAssertionError: Lists differ: [(0, 1), (1, 2), (1, 3), (2, 4), (2, 5), (3, 6)] != [(0, 1), (0, 2), (1, 2), (1, 3), (1, 4), (2, 4), (2, 5), (2, 6)]\n\nFirst differing element 1:\n(1, 2)\n(0, 2)\n\nSecond list contains 2 additional elements.\nFirst extra element 6:\n(2, 5)\n\n- [(0, 1), (1, 2), (1, 3), (2, 4), (2, 5), (3, 6)]\n?                                           ^\n\n+ [(0, 1), (0, 2), (1, 2), (1, 3), (1, 4), (2, 4), (2, 5), (2, 6)]\n?          ++++++++                ++++++++                 ^\n\n\n======================================================================\nFAIL: test_slope_less_than_1 (src.example_tests.grid_intersections_test.TestComputeIntersectingSquares.test_slope_less_than_1)\n----------------------------------------------------------------------\nTraceback (most recent call last):\n  File \"/Users/jtmcgoffin/Documents/projects/semanticAI/semanticai/src/example_tests/grid_intersections_test.py\", line 33, in test_slope_less_than_1\n    self.assertEqual(compute_intersecting_squares(starting_point, ending_point), expected_points)\nAssertionError: Lists differ: [(1, 1), (2, 1), (3, 2), (4, 2)] != [(1, 0), (1, 1), (2, 1), (3, 1), (3, 2), (4, 2)]\n\nFirst differing element 0:\n(1, 1)\n(1, 0)\n\nSecond list contains 2 additional elements.\nFirst extra element 4:\n(3, 2)\n\n- [(1, 1), (2, 1), (3, 2), (4, 2)]\n+ [(1, 0), (1, 1), (2, 1), (3, 1), (3, 2), (4, 2)]\n?      ++++++++                ++++++++\n\n\n----------------------------------------------------------------------\nRan 6 tests in 0.004s\n\nFAILED (failures=6)\n```\n\n    ",
    "tests_string_input": "import unittest\nfrom src.example_tests.grid_intersections import compute_intersecting_squares\n\nclass TestComputeIntersectingSquares(unittest.TestCase):\n    def test_diagonal(self):\n        starting_point = (0,0)\n        ending_point = (5,5)\n        expected_points = [(1,1), (2,2), (3,3), (4,4)]\n        self.assertEqual(compute_intersecting_squares(starting_point, ending_point), expected_points)\n\n    def test_negative_diagonal(self):\n        starting_point = (0,0)\n        ending_point = (-5,-5)\n        expected_points = [(-1,-1), (-2,-2), (-3,-3), (-4,-4)]\n        self.assertEqual(compute_intersecting_squares(starting_point, ending_point), expected_points)\n\n    def test_partial_negative_diagonal(self):\n        starting_point = (0,0)\n        ending_point = (5,-5)\n        expected_points = [(1,-1), (2,-2), (3,-3), (4,-4)]\n        self.assertEqual(compute_intersecting_squares(starting_point, ending_point), expected_points)\n\n    def test_half_slope(self):\n        starting_point = (0,0)\n        ending_point = (6,3)\n        expected_points = [(1,0), (2,1), (3,1), (4,2), (5,2)]\n        self.assertEqual(compute_intersecting_squares(starting_point, ending_point), expected_points)\n    \n    def test_slope_less_than_1(self):\n        starting_point = (0,0)\n        ending_point = (5,3)\n        expected_points = [(1,0), (1,1), (2,1), (3,1), (3,2), (4,2)]\n        self.assertEqual(compute_intersecting_squares(starting_point, ending_point), expected_points)\n\n    def test_slope_greater_than_1(self):\n        starting_point = (0,0)\n        ending_point = (3,7)\n        expected_points = [(0,1), (0,2), (1,2), (1,3), (1,4), (2,4), (2,5), (2,6)]\n        self.assertEqual(compute_intersecting_squares(starting_point, ending_point), expected_points)",
    "code_string_input": "def compute_intersecting_squares(starting_point, ending_point):\n    dx = ending_point[0] - starting_point[0]\n    dy = ending_point[1] - starting_point[1]\n    points = []\n    if dx == 0 or dy == 0 or abs(dx) == abs(dy):\n        step_x = 1 if dx > 0 else -1 if dx < 0 else 0\n        step_y = 1 if dy > 0 else -1 if dy < 0 else 0\n        for i in range(1, max(abs(dx), abs(dy))):\n            points.append((starting_point[0] + i * step_x, starting_point[1] + i * step_y))\n    else:\n        x = starting_point[0]\n        y = starting_point[1]\n        end_x = ending_point[0]\n        end_y = ending_point[1]\n        while x != end_x or y != end_y:\n            points.append((x, y))\n            if abs(dx) > abs(dy):\n                x += 1 if dx > 0 else -1\n                y = round(starting_point[1] + (dy/dx) * (x - starting_point[0]))\n            else:\n                y += 1 if dy > 0 else -1\n                x = round(starting_point[0] + (dx/dy) * (y - starting_point[1]))\n    return points[1:]",
    "model_response": {
        "passing_tests": "None",
        "passing_tests_summary": "All tests failed, indicating there are issues with handling different types of slopes and starting points correctly in the provided compute_intersecting_squares function.",
        "failing_tests": "test_diagonal, test_negative_diagonal, test_partial_negative_diagonal, test_half_slope, test_slope_less_than_1, test_slope_greater_than_1",
        "failing_tests_summary": "Each test failed due to incorrect calculation of points that a line intersects when moving from a starting point to an ending point on a grid. The primary issue is the incorrect handling of the initial point and the calculation of intermediary points for various slopes.",
        "missing_functionality": "The function needs to correctly handle the inclusion of the starting point in the list of points for certain conditions, adjust its calculation to accurately follow the line for both positive and negative slopes, and ensure that it accounts for all points along the line's path, including those with slopes less than and greater than 1.",
        "code": "def compute_intersecting_squares(starting_point, ending_point):\n    dx = ending_point[0] - starting_point[0]\n    dy = ending_point[1] - starting_point[1]\n    points = []\n    if dx == 0 or dy == 0 or abs(dx) == abs(dy):\n        step_x = 1 if dx > 0 else -1 if dx < 0 else 0\n        step_y = 1 if dy > 0 else -1 if dy < 0 else 0\n        for i in range(max(abs(dx), abs(dy)) + 1):\n            points.append((starting_point[0] + i * step_x, starting_point[1] + i * step_y))\n    else:\n        x = starting_point[0]\n        y = starting_point[1]\n        points.append((x, y))\n        end_x = ending_point[0]\n        end_y = ending_point[1]\n        while x != end_x or y != end_y:\n            if abs(dx) > abs(dy):\n                x += 1 if dx > 0 else -1\n                y = round(starting_point[1] + (dy/dx) * (x - starting_point[0]))\n            else:\n                y += 1 if dy > 0 else -1\n                x = round(starting_point[0] + (dx/dy) * (y - starting_point[1]))\n            points.append((x, y))\n    return points[:-1]"
    },
    "test_results": "FFFFFF\n======================================================================\nFAIL: test_diagonal (src.example_tests.grid_intersections_test.TestComputeIntersectingSquares.test_diagonal)\n----------------------------------------------------------------------\nTraceback (most recent call last):\n  File \"/Users/jtmcgoffin/Documents/projects/semanticAI/semanticai/src/example_tests/grid_intersections_test.py\", line 9, in test_diagonal\n    self.assertEqual(compute_intersecting_squares(starting_point, ending_point), expected_points)\nAssertionError: Lists differ: [(0, 0), (1, 1), (2, 2), (3, 3), (4, 4)] != [(1, 1), (2, 2), (3, 3), (4, 4)]\n\nFirst differing element 0:\n(0, 0)\n(1, 1)\n\nFirst list contains 1 additional elements.\nFirst extra element 4:\n(4, 4)\n\n- [(0, 0), (1, 1), (2, 2), (3, 3), (4, 4)]\n?  --------\n\n+ [(1, 1), (2, 2), (3, 3), (4, 4)]\n\n======================================================================\nFAIL: test_half_slope (src.example_tests.grid_intersections_test.TestComputeIntersectingSquares.test_half_slope)\n----------------------------------------------------------------------\nTraceback (most recent call last):\n  File \"/Users/jtmcgoffin/Documents/projects/semanticAI/semanticai/src/example_tests/grid_intersections_test.py\", line 27, in test_half_slope\n    self.assertEqual(compute_intersecting_squares(starting_point, ending_point), expected_points)\nAssertionError: Lists differ: [(0, 0), (1, 0), (2, 1), (3, 2), (4, 2), (5, 2)] != [(1, 0), (2, 1), (3, 1), (4, 2), (5, 2)]\n\nFirst differing element 0:\n(0, 0)\n(1, 0)\n\nFirst list contains 1 additional elements.\nFirst extra element 5:\n(5, 2)\n\n- [(0, 0), (1, 0), (2, 1), (3, 2), (4, 2), (5, 2)]\n+ [(1, 0), (2, 1), (3, 1), (4, 2), (5, 2)]\n\n======================================================================\nFAIL: test_negative_diagonal (src.example_tests.grid_intersections_test.TestComputeIntersectingSquares.test_negative_diagonal)\n----------------------------------------------------------------------\nTraceback (most recent call last):\n  File \"/Users/jtmcgoffin/Documents/projects/semanticAI/semanticai/src/example_tests/grid_intersections_test.py\", line 15, in test_negative_diagonal\n    self.assertEqual(compute_intersecting_squares(starting_point, ending_point), expected_points)\nAssertionError: Lists differ: [(0, 0), (-1, -1), (-2, -2), (-3, -3), (-4, -4)] != [(-1, -1), (-2, -2), (-3, -3), (-4, -4)]\n\nFirst differing element 0:\n(0, 0)\n(-1, -1)\n\nFirst list contains 1 additional elements.\nFirst extra element 4:\n(-4, -4)\n\n- [(0, 0), (-1, -1), (-2, -2), (-3, -3), (-4, -4)]\n?  --------\n\n+ [(-1, -1), (-2, -2), (-3, -3), (-4, -4)]\n\n======================================================================\nFAIL: test_partial_negative_diagonal (src.example_tests.grid_intersections_test.TestComputeIntersectingSquares.test_partial_negative_diagonal)\n----------------------------------------------------------------------\nTraceback (most recent call last):\n  File \"/Users/jtmcgoffin/Documents/projects/semanticAI/semanticai/src/example_tests/grid_intersections_test.py\", line 21, in test_partial_negative_diagonal\n    self.assertEqual(compute_intersecting_squares(starting_point, ending_point), expected_points)\nAssertionError: Lists differ: [(0, 0), (1, -1), (2, -2), (3, -3), (4, -4)] != [(1, -1), (2, -2), (3, -3), (4, -4)]\n\nFirst differing element 0:\n(0, 0)\n(1, -1)\n\nFirst list contains 1 additional elements.\nFirst extra element 4:\n(4, -4)\n\n- [(0, 0), (1, -1), (2, -2), (3, -3), (4, -4)]\n?  --------\n\n+ [(1, -1), (2, -2), (3, -3), (4, -4)]\n\n======================================================================\nFAIL: test_slope_greater_than_1 (src.example_tests.grid_intersections_test.TestComputeIntersectingSquares.test_slope_greater_than_1)\n----------------------------------------------------------------------\nTraceback (most recent call last):\n  File \"/Users/jtmcgoffin/Documents/projects/semanticAI/semanticai/src/example_tests/grid_intersections_test.py\", line 39, in test_slope_greater_than_1\n    self.assertEqual(compute_intersecting_squares(starting_point, ending_point), expected_points)\nAssertionError: Lists differ: [(0, 0), (0, 1), (1, 2), (1, 3), (2, 4), (2, 5), (3, 6)] != [(0, 1), (0, 2), (1, 2), (1, 3), (1, 4), (2, 4), (2, 5), (2, 6)]\n\nFirst differing element 0:\n(0, 0)\n(0, 1)\n\nSecond list contains 1 additional elements.\nFirst extra element 7:\n(2, 6)\n\n- [(0, 0), (0, 1), (1, 2), (1, 3), (2, 4), (2, 5), (3, 6)]\n?      ^       ^                                    ^\n\n+ [(0, 1), (0, 2), (1, 2), (1, 3), (1, 4), (2, 4), (2, 5), (2, 6)]\n?      ^       ^                   ++++++++                 ^\n\n\n======================================================================\nFAIL: test_slope_less_than_1 (src.example_tests.grid_intersections_test.TestComputeIntersectingSquares.test_slope_less_than_1)\n----------------------------------------------------------------------\nTraceback (most recent call last):\n  File \"/Users/jtmcgoffin/Documents/projects/semanticAI/semanticai/src/example_tests/grid_intersections_test.py\", line 33, in test_slope_less_than_1\n    self.assertEqual(compute_intersecting_squares(starting_point, ending_point), expected_points)\nAssertionError: Lists differ: [(0, 0), (1, 1), (2, 1), (3, 2), (4, 2)] != [(1, 0), (1, 1), (2, 1), (3, 1), (3, 2), (4, 2)]\n\nFirst differing element 0:\n(0, 0)\n(1, 0)\n\nSecond list contains 1 additional elements.\nFirst extra element 5:\n(4, 2)\n\n- [(0, 0), (1, 1), (2, 1), (3, 2), (4, 2)]\n?   ^\n\n+ [(1, 0), (1, 1), (2, 1), (3, 1), (3, 2), (4, 2)]\n?   ^                          ++++++++\n\n\n----------------------------------------------------------------------\nRan 6 tests in 0.004s\n\nFAILED (failures=6)\n"
},{
    "prompt": "\n\n    Some or all of the tests did not pass. \n    \n    The provided code is in the first set of triple backticks, the unittest code used to test the provided code is in the second triple backticks, and the test runner feedback is in the third set of triple backticks. Using the test runner feedback, iterate on the provided code to make the failing tests pass while maintaining that the passing tests continue to pass. \n    \n    Make sure that any non-test errors are addressed first and remove any unused imports. \n    \n    Perform the following actions. The only output should be the JSON object specified in the last step:\n\n    1. List which tests passed.\n    2. State what in the code made the passing tests pass.\n    3. List which tests failed.\n    4. Summarize why each test failed.\n    5. Summarize the functionality required for the failing tests to pass. Be sure to check that all positional arguments are used in the code.\n    6. Provide the code that contains that functionality.\n    7. Output the above steps in a JSON object in the following format: \n    {\n    \"passing_tests\": \"1\",\n    \"passing_tests_summary\": \"2\",\n    \"failing_tests\": \"3\",\n    \"failing_tests_summary\": \"4\", \n    \"missing_functionality\": \"5\",\n    \"code\": \"6\"}\n\n    code:\n    ```def compute_intersecting_squares(starting_point, ending_point):\n    dx = ending_point[0] - starting_point[0]\n    dy = ending_point[1] - starting_point[1]\n    points = []\n    if dx == 0 or dy == 0 or abs(dx) == abs(dy):\n        step_x = 1 if dx > 0 else -1 if dx < 0 else 0\n        step_y = 1 if dy > 0 else -1 if dy < 0 else 0\n        for i in range(max(abs(dx), abs(dy)) + 1):\n            points.append((starting_point[0] + i * step_x, starting_point[1] + i * step_y))\n    else:\n        x = starting_point[0]\n        y = starting_point[1]\n        points.append((x, y))\n        end_x = ending_point[0]\n        end_y = ending_point[1]\n        while x != end_x or y != end_y:\n            if abs(dx) > abs(dy):\n                x += 1 if dx > 0 else -1\n                y = round(starting_point[1] + (dy/dx) * (x - starting_point[0]))\n            else:\n                y += 1 if dy > 0 else -1\n                x = round(starting_point[0] + (dx/dy) * (y - starting_point[1]))\n            points.append((x, y))\n    return points[:-1]```\n    tests:\n    ```import unittest\nfrom src.example_tests.grid_intersections import compute_intersecting_squares\n\nclass TestComputeIntersectingSquares(unittest.TestCase):\n    def test_diagonal(self):\n        starting_point = (0,0)\n        ending_point = (5,5)\n        expected_points = [(1,1), (2,2), (3,3), (4,4)]\n        self.assertEqual(compute_intersecting_squares(starting_point, ending_point), expected_points)\n\n    def test_negative_diagonal(self):\n        starting_point = (0,0)\n        ending_point = (-5,-5)\n        expected_points = [(-1,-1), (-2,-2), (-3,-3), (-4,-4)]\n        self.assertEqual(compute_intersecting_squares(starting_point, ending_point), expected_points)\n\n    def test_partial_negative_diagonal(self):\n        starting_point = (0,0)\n        ending_point = (5,-5)\n        expected_points = [(1,-1), (2,-2), (3,-3), (4,-4)]\n        self.assertEqual(compute_intersecting_squares(starting_point, ending_point), expected_points)\n\n    def test_half_slope(self):\n        starting_point = (0,0)\n        ending_point = (6,3)\n        expected_points = [(1,0), (2,1), (3,1), (4,2), (5,2)]\n        self.assertEqual(compute_intersecting_squares(starting_point, ending_point), expected_points)\n    \n    def test_slope_less_than_1(self):\n        starting_point = (0,0)\n        ending_point = (5,3)\n        expected_points = [(1,0), (1,1), (2,1), (3,1), (3,2), (4,2)]\n        self.assertEqual(compute_intersecting_squares(starting_point, ending_point), expected_points)\n\n    def test_slope_greater_than_1(self):\n        starting_point = (0,0)\n        ending_point = (3,7)\n        expected_points = [(0,1), (0,2), (1,2), (1,3), (1,4), (2,4), (2,5), (2,6)]\n        self.assertEqual(compute_intersecting_squares(starting_point, ending_point), expected_points)```\n    test runner feedback:\n    ```FFFFFF\n======================================================================\nFAIL: test_diagonal (src.example_tests.grid_intersections_test.TestComputeIntersectingSquares.test_diagonal)\n----------------------------------------------------------------------\nTraceback (most recent call last):\n  File \"/Users/jtmcgoffin/Documents/projects/semanticAI/semanticai/src/example_tests/grid_intersections_test.py\", line 9, in test_diagonal\n    self.assertEqual(compute_intersecting_squares(starting_point, ending_point), expected_points)\nAssertionError: Lists differ: [(0, 0), (1, 1), (2, 2), (3, 3), (4, 4)] != [(1, 1), (2, 2), (3, 3), (4, 4)]\n\nFirst differing element 0:\n(0, 0)\n(1, 1)\n\nFirst list contains 1 additional elements.\nFirst extra element 4:\n(4, 4)\n\n- [(0, 0), (1, 1), (2, 2), (3, 3), (4, 4)]\n?  --------\n\n+ [(1, 1), (2, 2), (3, 3), (4, 4)]\n\n======================================================================\nFAIL: test_half_slope (src.example_tests.grid_intersections_test.TestComputeIntersectingSquares.test_half_slope)\n----------------------------------------------------------------------\nTraceback (most recent call last):\n  File \"/Users/jtmcgoffin/Documents/projects/semanticAI/semanticai/src/example_tests/grid_intersections_test.py\", line 27, in test_half_slope\n    self.assertEqual(compute_intersecting_squares(starting_point, ending_point), expected_points)\nAssertionError: Lists differ: [(0, 0), (1, 0), (2, 1), (3, 2), (4, 2), (5, 2)] != [(1, 0), (2, 1), (3, 1), (4, 2), (5, 2)]\n\nFirst differing element 0:\n(0, 0)\n(1, 0)\n\nFirst list contains 1 additional elements.\nFirst extra element 5:\n(5, 2)\n\n- [(0, 0), (1, 0), (2, 1), (3, 2), (4, 2), (5, 2)]\n+ [(1, 0), (2, 1), (3, 1), (4, 2), (5, 2)]\n\n======================================================================\nFAIL: test_negative_diagonal (src.example_tests.grid_intersections_test.TestComputeIntersectingSquares.test_negative_diagonal)\n----------------------------------------------------------------------\nTraceback (most recent call last):\n  File \"/Users/jtmcgoffin/Documents/projects/semanticAI/semanticai/src/example_tests/grid_intersections_test.py\", line 15, in test_negative_diagonal\n    self.assertEqual(compute_intersecting_squares(starting_point, ending_point), expected_points)\nAssertionError: Lists differ: [(0, 0), (-1, -1), (-2, -2), (-3, -3), (-4, -4)] != [(-1, -1), (-2, -2), (-3, -3), (-4, -4)]\n\nFirst differing element 0:\n(0, 0)\n(-1, -1)\n\nFirst list contains 1 additional elements.\nFirst extra element 4:\n(-4, -4)\n\n- [(0, 0), (-1, -1), (-2, -2), (-3, -3), (-4, -4)]\n?  --------\n\n+ [(-1, -1), (-2, -2), (-3, -3), (-4, -4)]\n\n======================================================================\nFAIL: test_partial_negative_diagonal (src.example_tests.grid_intersections_test.TestComputeIntersectingSquares.test_partial_negative_diagonal)\n----------------------------------------------------------------------\nTraceback (most recent call last):\n  File \"/Users/jtmcgoffin/Documents/projects/semanticAI/semanticai/src/example_tests/grid_intersections_test.py\", line 21, in test_partial_negative_diagonal\n    self.assertEqual(compute_intersecting_squares(starting_point, ending_point), expected_points)\nAssertionError: Lists differ: [(0, 0), (1, -1), (2, -2), (3, -3), (4, -4)] != [(1, -1), (2, -2), (3, -3), (4, -4)]\n\nFirst differing element 0:\n(0, 0)\n(1, -1)\n\nFirst list contains 1 additional elements.\nFirst extra element 4:\n(4, -4)\n\n- [(0, 0), (1, -1), (2, -2), (3, -3), (4, -4)]\n?  --------\n\n+ [(1, -1), (2, -2), (3, -3), (4, -4)]\n\n======================================================================\nFAIL: test_slope_greater_than_1 (src.example_tests.grid_intersections_test.TestComputeIntersectingSquares.test_slope_greater_than_1)\n----------------------------------------------------------------------\nTraceback (most recent call last):\n  File \"/Users/jtmcgoffin/Documents/projects/semanticAI/semanticai/src/example_tests/grid_intersections_test.py\", line 39, in test_slope_greater_than_1\n    self.assertEqual(compute_intersecting_squares(starting_point, ending_point), expected_points)\nAssertionError: Lists differ: [(0, 0), (0, 1), (1, 2), (1, 3), (2, 4), (2, 5), (3, 6)] != [(0, 1), (0, 2), (1, 2), (1, 3), (1, 4), (2, 4), (2, 5), (2, 6)]\n\nFirst differing element 0:\n(0, 0)\n(0, 1)\n\nSecond list contains 1 additional elements.\nFirst extra element 7:\n(2, 6)\n\n- [(0, 0), (0, 1), (1, 2), (1, 3), (2, 4), (2, 5), (3, 6)]\n?      ^       ^                                    ^\n\n+ [(0, 1), (0, 2), (1, 2), (1, 3), (1, 4), (2, 4), (2, 5), (2, 6)]\n?      ^       ^                   ++++++++                 ^\n\n\n======================================================================\nFAIL: test_slope_less_than_1 (src.example_tests.grid_intersections_test.TestComputeIntersectingSquares.test_slope_less_than_1)\n----------------------------------------------------------------------\nTraceback (most recent call last):\n  File \"/Users/jtmcgoffin/Documents/projects/semanticAI/semanticai/src/example_tests/grid_intersections_test.py\", line 33, in test_slope_less_than_1\n    self.assertEqual(compute_intersecting_squares(starting_point, ending_point), expected_points)\nAssertionError: Lists differ: [(0, 0), (1, 1), (2, 1), (3, 2), (4, 2)] != [(1, 0), (1, 1), (2, 1), (3, 1), (3, 2), (4, 2)]\n\nFirst differing element 0:\n(0, 0)\n(1, 0)\n\nSecond list contains 1 additional elements.\nFirst extra element 5:\n(4, 2)\n\n- [(0, 0), (1, 1), (2, 1), (3, 2), (4, 2)]\n?   ^\n\n+ [(1, 0), (1, 1), (2, 1), (3, 1), (3, 2), (4, 2)]\n?   ^                          ++++++++\n\n\n----------------------------------------------------------------------\nRan 6 tests in 0.004s\n\nFAILED (failures=6)\n```\n\n    ",
    "tests_string_input": "import unittest\nfrom src.example_tests.grid_intersections import compute_intersecting_squares\n\nclass TestComputeIntersectingSquares(unittest.TestCase):\n    def test_diagonal(self):\n        starting_point = (0,0)\n        ending_point = (5,5)\n        expected_points = [(1,1), (2,2), (3,3), (4,4)]\n        self.assertEqual(compute_intersecting_squares(starting_point, ending_point), expected_points)\n\n    def test_negative_diagonal(self):\n        starting_point = (0,0)\n        ending_point = (-5,-5)\n        expected_points = [(-1,-1), (-2,-2), (-3,-3), (-4,-4)]\n        self.assertEqual(compute_intersecting_squares(starting_point, ending_point), expected_points)\n\n    def test_partial_negative_diagonal(self):\n        starting_point = (0,0)\n        ending_point = (5,-5)\n        expected_points = [(1,-1), (2,-2), (3,-3), (4,-4)]\n        self.assertEqual(compute_intersecting_squares(starting_point, ending_point), expected_points)\n\n    def test_half_slope(self):\n        starting_point = (0,0)\n        ending_point = (6,3)\n        expected_points = [(1,0), (2,1), (3,1), (4,2), (5,2)]\n        self.assertEqual(compute_intersecting_squares(starting_point, ending_point), expected_points)\n    \n    def test_slope_less_than_1(self):\n        starting_point = (0,0)\n        ending_point = (5,3)\n        expected_points = [(1,0), (1,1), (2,1), (3,1), (3,2), (4,2)]\n        self.assertEqual(compute_intersecting_squares(starting_point, ending_point), expected_points)\n\n    def test_slope_greater_than_1(self):\n        starting_point = (0,0)\n        ending_point = (3,7)\n        expected_points = [(0,1), (0,2), (1,2), (1,3), (1,4), (2,4), (2,5), (2,6)]\n        self.assertEqual(compute_intersecting_squares(starting_point, ending_point), expected_points)",
    "code_string_input": "def compute_intersecting_squares(starting_point, ending_point):\n    dx = ending_point[0] - starting_point[0]\n    dy = ending_point[1] - starting_point[1]\n    points = []\n    if dx == 0 or dy == 0 or abs(dx) == abs(dy):\n        step_x = 1 if dx > 0 else -1 if dx < 0 else 0\n        step_y = 1 if dy > 0 else -1 if dy < 0 else 0\n        for i in range(max(abs(dx), abs(dy)) + 1):\n            points.append((starting_point[0] + i * step_x, starting_point[1] + i * step_y))\n    else:\n        x = starting_point[0]\n        y = starting_point[1]\n        points.append((x, y))\n        end_x = ending_point[0]\n        end_y = ending_point[1]\n        while x != end_x or y != end_y:\n            if abs(dx) > abs(dy):\n                x += 1 if dx > 0 else -1\n                y = round(starting_point[1] + (dy/dx) * (x - starting_point[0]))\n            else:\n                y += 1 if dy > 0 else -1\n                x = round(starting_point[0] + (dx/dy) * (y - starting_point[1]))\n            points.append((x, y))\n    return points[:-1]",
    "model_response": {
        "passing_tests": "None",
        "passing_tests_summary": "All tests failed due to an off-by-one error in the original code which incorrectly included the starting point in the list of intersecting squares and did not properly handle different slopes.",
        "failing_tests": "test_diagonal, test_negative_diagonal, test_partial_negative_diagonal, test_half_slope, test_slope_less_than_1, test_slope_greater_than_1",
        "failing_tests_summary": "All tests failed because the original code included the starting point in the list of intersecting squares and did not correctly compute points for various slopes, leading to incorrect lists of points for each test case.",
        "missing_functionality": "The code needs to exclude the starting point from the list of intersecting squares and correctly handle different slopes to ensure the correct points are computed for each scenario.",
        "code": "def compute_intersecting_squares(starting_point, ending_point):\n    dx = ending_point[0] - starting_point[0]\n    dy = ending_point[1] - starting_point[1]\n    points = []\n    if dx == 0 or dy == 0 or abs(dx) == abs(dy):\n        step_x = 1 if dx > 0 else -1 if dx < 0 else 0\n        step_y = 1 if dy > 0 else -1 if dy < 0 else 0\n        for i in range(1, max(abs(dx), abs(dy)) + 1):\n            points.append((starting_point[0] + i * step_x, starting_point[1] + i * step_y))\n    else:\n        x = starting_point[0]\n        y = starting_point[1]\n        end_x = ending_point[0]\n        end_y = ending_point[1]\n        points.append((x, y))\n        while x != end_x or y != end_y:\n            if abs(dx) > abs(dy):\n                x += 1 if dx > 0 else -1\n                y = round(starting_point[1] + (dy/dx) * (x - starting_point[0]))\n            else:\n                y += 1 if dy > 0 else -1\n                x = round(starting_point[0] + (dx/dy) * (y - starting_point[1]))\n            if (x, y) != (end_x, end_y):\n                points.append((x, y))\n    return points"
    },
    "test_results": "FFFFFF\n======================================================================\nFAIL: test_diagonal (src.example_tests.grid_intersections_test.TestComputeIntersectingSquares.test_diagonal)\n----------------------------------------------------------------------\nTraceback (most recent call last):\n  File \"/Users/jtmcgoffin/Documents/projects/semanticAI/semanticai/src/example_tests/grid_intersections_test.py\", line 9, in test_diagonal\n    self.assertEqual(compute_intersecting_squares(starting_point, ending_point), expected_points)\nAssertionError: Lists differ: [(1, 1), (2, 2), (3, 3), (4, 4), (5, 5)] != [(1, 1), (2, 2), (3, 3), (4, 4)]\n\nFirst list contains 1 additional elements.\nFirst extra element 4:\n(5, 5)\n\n- [(1, 1), (2, 2), (3, 3), (4, 4), (5, 5)]\n?                                --------\n\n+ [(1, 1), (2, 2), (3, 3), (4, 4)]\n\n======================================================================\nFAIL: test_half_slope (src.example_tests.grid_intersections_test.TestComputeIntersectingSquares.test_half_slope)\n----------------------------------------------------------------------\nTraceback (most recent call last):\n  File \"/Users/jtmcgoffin/Documents/projects/semanticAI/semanticai/src/example_tests/grid_intersections_test.py\", line 27, in test_half_slope\n    self.assertEqual(compute_intersecting_squares(starting_point, ending_point), expected_points)\nAssertionError: Lists differ: [(0, 0), (1, 0), (2, 1), (3, 2), (4, 2), (5, 2)] != [(1, 0), (2, 1), (3, 1), (4, 2), (5, 2)]\n\nFirst differing element 0:\n(0, 0)\n(1, 0)\n\nFirst list contains 1 additional elements.\nFirst extra element 5:\n(5, 2)\n\n- [(0, 0), (1, 0), (2, 1), (3, 2), (4, 2), (5, 2)]\n+ [(1, 0), (2, 1), (3, 1), (4, 2), (5, 2)]\n\n======================================================================\nFAIL: test_negative_diagonal (src.example_tests.grid_intersections_test.TestComputeIntersectingSquares.test_negative_diagonal)\n----------------------------------------------------------------------\nTraceback (most recent call last):\n  File \"/Users/jtmcgoffin/Documents/projects/semanticAI/semanticai/src/example_tests/grid_intersections_test.py\", line 15, in test_negative_diagonal\n    self.assertEqual(compute_intersecting_squares(starting_point, ending_point), expected_points)\nAssertionError: Lists differ: [(-1, -1), (-2, -2), (-3, -3), (-4, -4), (-5, -5)] != [(-1, -1), (-2, -2), (-3, -3), (-4, -4)]\n\nFirst list contains 1 additional elements.\nFirst extra element 4:\n(-5, -5)\n\n- [(-1, -1), (-2, -2), (-3, -3), (-4, -4), (-5, -5)]\n?                                        ----------\n\n+ [(-1, -1), (-2, -2), (-3, -3), (-4, -4)]\n\n======================================================================\nFAIL: test_partial_negative_diagonal (src.example_tests.grid_intersections_test.TestComputeIntersectingSquares.test_partial_negative_diagonal)\n----------------------------------------------------------------------\nTraceback (most recent call last):\n  File \"/Users/jtmcgoffin/Documents/projects/semanticAI/semanticai/src/example_tests/grid_intersections_test.py\", line 21, in test_partial_negative_diagonal\n    self.assertEqual(compute_intersecting_squares(starting_point, ending_point), expected_points)\nAssertionError: Lists differ: [(1, -1), (2, -2), (3, -3), (4, -4), (5, -5)] != [(1, -1), (2, -2), (3, -3), (4, -4)]\n\nFirst list contains 1 additional elements.\nFirst extra element 4:\n(5, -5)\n\n- [(1, -1), (2, -2), (3, -3), (4, -4), (5, -5)]\n?                                    ---------\n\n+ [(1, -1), (2, -2), (3, -3), (4, -4)]\n\n======================================================================\nFAIL: test_slope_greater_than_1 (src.example_tests.grid_intersections_test.TestComputeIntersectingSquares.test_slope_greater_than_1)\n----------------------------------------------------------------------\nTraceback (most recent call last):\n  File \"/Users/jtmcgoffin/Documents/projects/semanticAI/semanticai/src/example_tests/grid_intersections_test.py\", line 39, in test_slope_greater_than_1\n    self.assertEqual(compute_intersecting_squares(starting_point, ending_point), expected_points)\nAssertionError: Lists differ: [(0, 0), (0, 1), (1, 2), (1, 3), (2, 4), (2, 5), (3, 6)] != [(0, 1), (0, 2), (1, 2), (1, 3), (1, 4), (2, 4), (2, 5), (2, 6)]\n\nFirst differing element 0:\n(0, 0)\n(0, 1)\n\nSecond list contains 1 additional elements.\nFirst extra element 7:\n(2, 6)\n\n- [(0, 0), (0, 1), (1, 2), (1, 3), (2, 4), (2, 5), (3, 6)]\n?      ^       ^                                    ^\n\n+ [(0, 1), (0, 2), (1, 2), (1, 3), (1, 4), (2, 4), (2, 5), (2, 6)]\n?      ^       ^                   ++++++++                 ^\n\n\n======================================================================\nFAIL: test_slope_less_than_1 (src.example_tests.grid_intersections_test.TestComputeIntersectingSquares.test_slope_less_than_1)\n----------------------------------------------------------------------\nTraceback (most recent call last):\n  File \"/Users/jtmcgoffin/Documents/projects/semanticAI/semanticai/src/example_tests/grid_intersections_test.py\", line 33, in test_slope_less_than_1\n    self.assertEqual(compute_intersecting_squares(starting_point, ending_point), expected_points)\nAssertionError: Lists differ: [(0, 0), (1, 1), (2, 1), (3, 2), (4, 2)] != [(1, 0), (1, 1), (2, 1), (3, 1), (3, 2), (4, 2)]\n\nFirst differing element 0:\n(0, 0)\n(1, 0)\n\nSecond list contains 1 additional elements.\nFirst extra element 5:\n(4, 2)\n\n- [(0, 0), (1, 1), (2, 1), (3, 2), (4, 2)]\n?   ^\n\n+ [(1, 0), (1, 1), (2, 1), (3, 1), (3, 2), (4, 2)]\n?   ^                          ++++++++\n\n\n----------------------------------------------------------------------\nRan 6 tests in 0.003s\n\nFAILED (failures=6)\n"
}]